running egg_info
creating ../../../build/bxi_example_py_ankle/bxi_example_py_ankle.egg-info
writing ../../../build/bxi_example_py_ankle/bxi_example_py_ankle.egg-info/PKG-INFO
writing dependency_links to ../../../build/bxi_example_py_ankle/bxi_example_py_ankle.egg-info/dependency_links.txt
writing entry points to ../../../build/bxi_example_py_ankle/bxi_example_py_ankle.egg-info/entry_points.txt
writing requirements to ../../../build/bxi_example_py_ankle/bxi_example_py_ankle.egg-info/requires.txt
writing top-level names to ../../../build/bxi_example_py_ankle/bxi_example_py_ankle.egg-info/top_level.txt
writing manifest file '../../../build/bxi_example_py_ankle/bxi_example_py_ankle.egg-info/SOURCES.txt'
reading manifest file '../../../build/bxi_example_py_ankle/bxi_example_py_ankle.egg-info/SOURCES.txt'
writing manifest file '../../../build/bxi_example_py_ankle/bxi_example_py_ankle.egg-info/SOURCES.txt'
running build
running build_py
creating /home/tang/code/control/build/bxi_example_py_ankle/build
creating /home/tang/code/control/build/bxi_example_py_ankle/build/lib
creating /home/tang/code/control/build/bxi_example_py_ankle/build/lib/bxi_example_py_ankle
copying bxi_example_py_ankle/bxi_example.py -> /home/tang/code/control/build/bxi_example_py_ankle/build/lib/bxi_example_py_ankle
copying bxi_example_py_ankle/arm_motion_controller.py -> /home/tang/code/control/build/bxi_example_py_ankle/build/lib/bxi_example_py_ankle
copying bxi_example_py_ankle/running_arm_controller.py -> /home/tang/code/control/build/bxi_example_py_ankle/build/lib/bxi_example_py_ankle
copying bxi_example_py_ankle/right_arm_handshake_controller.py -> /home/tang/code/control/build/bxi_example_py_ankle/build/lib/bxi_example_py_ankle
copying bxi_example_py_ankle/__init__.py -> /home/tang/code/control/build/bxi_example_py_ankle/build/lib/bxi_example_py_ankle
running install
running install_lib
running install_data
running install_egg_info
removing '/home/tang/code/control/install/bxi_example_py_ankle/lib/python3.10/site-packages/bxi_example_py_ankle-0.0.0-py3.10.egg-info' (and everything under it)
Copying ../../../build/bxi_example_py_ankle/bxi_example_py_ankle.egg-info to /home/tang/code/control/install/bxi_example_py_ankle/lib/python3.10/site-packages/bxi_example_py_ankle-0.0.0-py3.10.egg-info
running install_scripts
Installing bxi_example_py_ankle script to /home/tang/code/control/install/bxi_example_py_ankle/lib/bxi_example_py_ankle
writing list of installed files to '/home/tang/code/control/build/bxi_example_py_ankle/install.log'
