[1.133s] Invoking command in '/home/tang/code/control/bxi_rl_controller_ros2_example/src/bxi_example_py_trunk': PYTHONPATH=/home/tang/code/control/build/bxi_example_py_trunk/prefix_override:/usr/lib/python3/dist-packages/colcon_core/task/python/colcon_distutils_commands:/home/tang/code/control/install/bxi_example_py_trunk/lib/python3.10/site-packages:${PYTHONPATH} /usr/bin/python3 -W ignore:setup.py install is deprecated -W ignore:easy_install command is deprecated setup.py egg_info --egg-base ../../../build/bxi_example_py_trunk build --build-base /home/tang/code/control/build/bxi_example_py_trunk/build install --record /home/tang/code/control/build/bxi_example_py_trunk/install.log --single-version-externally-managed install_data
[1.350s] running egg_info
[1.350s] creating ../../../build/bxi_example_py_trunk/bxi_example_py_trunk.egg-info
[1.351s] writing ../../../build/bxi_example_py_trunk/bxi_example_py_trunk.egg-info/PKG-INFO
[1.351s] writing dependency_links to ../../../build/bxi_example_py_trunk/bxi_example_py_trunk.egg-info/dependency_links.txt
[1.351s] writing entry points to ../../../build/bxi_example_py_trunk/bxi_example_py_trunk.egg-info/entry_points.txt
[1.351s] writing requirements to ../../../build/bxi_example_py_trunk/bxi_example_py_trunk.egg-info/requires.txt
[1.351s] writing top-level names to ../../../build/bxi_example_py_trunk/bxi_example_py_trunk.egg-info/top_level.txt
[1.351s] writing manifest file '../../../build/bxi_example_py_trunk/bxi_example_py_trunk.egg-info/SOURCES.txt'
[1.353s] reading manifest file '../../../build/bxi_example_py_trunk/bxi_example_py_trunk.egg-info/SOURCES.txt'
[1.354s] writing manifest file '../../../build/bxi_example_py_trunk/bxi_example_py_trunk.egg-info/SOURCES.txt'
[1.354s] running build
[1.354s] running build_py
[1.354s] creating /home/tang/code/control/build/bxi_example_py_trunk/build
[1.354s] creating /home/tang/code/control/build/bxi_example_py_trunk/build/lib
[1.354s] creating /home/tang/code/control/build/bxi_example_py_trunk/build/lib/bxi_example_py_trunk
[1.355s] copying bxi_example_py_trunk/bxi_example.py -> /home/tang/code/control/build/bxi_example_py_trunk/build/lib/bxi_example_py_trunk
[1.355s] copying bxi_example_py_trunk/arm_motion_controller.py -> /home/tang/code/control/build/bxi_example_py_trunk/build/lib/bxi_example_py_trunk
[1.355s] copying bxi_example_py_trunk/running_arm_controller.py -> /home/tang/code/control/build/bxi_example_py_trunk/build/lib/bxi_example_py_trunk
[1.356s] copying bxi_example_py_trunk/right_arm_handshake_controller.py -> /home/tang/code/control/build/bxi_example_py_trunk/build/lib/bxi_example_py_trunk
[1.356s] copying bxi_example_py_trunk/__init__.py -> /home/tang/code/control/build/bxi_example_py_trunk/build/lib/bxi_example_py_trunk
[1.356s] running install
[1.356s] running install_lib
[1.358s] running install_data
[1.358s] running install_egg_info
[1.359s] removing '/home/tang/code/control/install/bxi_example_py_trunk/lib/python3.10/site-packages/bxi_example_py_trunk-0.0.0-py3.10.egg-info' (and everything under it)
[1.360s] Copying ../../../build/bxi_example_py_trunk/bxi_example_py_trunk.egg-info to /home/tang/code/control/install/bxi_example_py_trunk/lib/python3.10/site-packages/bxi_example_py_trunk-0.0.0-py3.10.egg-info
[1.360s] running install_scripts
[1.379s] Installing bxi_example_py_trunk script to /home/tang/code/control/install/bxi_example_py_trunk/lib/bxi_example_py_trunk
[1.379s] writing list of installed files to '/home/tang/code/control/build/bxi_example_py_trunk/install.log'
[1.420s] Invoked command in '/home/tang/code/control/bxi_rl_controller_ros2_example/src/bxi_example_py_trunk' returned '0': PYTHONPATH=/home/tang/code/control/build/bxi_example_py_trunk/prefix_override:/usr/lib/python3/dist-packages/colcon_core/task/python/colcon_distutils_commands:/home/tang/code/control/install/bxi_example_py_trunk/lib/python3.10/site-packages:${PYTHONPATH} /usr/bin/python3 -W ignore:setup.py install is deprecated -W ignore:easy_install command is deprecated setup.py egg_info --egg-base ../../../build/bxi_example_py_trunk build --build-base /home/tang/code/control/build/bxi_example_py_trunk/build install --record /home/tang/code/control/build/bxi_example_py_trunk/install.log --single-version-externally-managed install_data
