running egg_info
creating ../../../build/bxi_example_py/bxi_example_py.egg-info
writing ../../../build/bxi_example_py/bxi_example_py.egg-info/PKG-INFO
writing dependency_links to ../../../build/bxi_example_py/bxi_example_py.egg-info/dependency_links.txt
writing entry points to ../../../build/bxi_example_py/bxi_example_py.egg-info/entry_points.txt
writing requirements to ../../../build/bxi_example_py/bxi_example_py.egg-info/requires.txt
writing top-level names to ../../../build/bxi_example_py/bxi_example_py.egg-info/top_level.txt
writing manifest file '../../../build/bxi_example_py/bxi_example_py.egg-info/SOURCES.txt'
reading manifest file '../../../build/bxi_example_py/bxi_example_py.egg-info/SOURCES.txt'
writing manifest file '../../../build/bxi_example_py/bxi_example_py.egg-info/SOURCES.txt'
running build
running build_py
creating /home/tang/code/control/build/bxi_example_py/build
creating /home/tang/code/control/build/bxi_example_py/build/lib
creating /home/tang/code/control/build/bxi_example_py/build/lib/bxi_example_py
copying bxi_example_py/bxi_example.py -> /home/tang/code/control/build/bxi_example_py/build/lib/bxi_example_py
copying bxi_example_py/__init__.py -> /home/tang/code/control/build/bxi_example_py/build/lib/bxi_example_py
running install
running install_lib
running install_data
running install_egg_info
removing '/home/tang/code/control/install/bxi_example_py/lib/python3.10/site-packages/bxi_example_py-0.0.0-py3.10.egg-info' (and everything under it)
Copying ../../../build/bxi_example_py/bxi_example_py.egg-info to /home/tang/code/control/install/bxi_example_py/lib/python3.10/site-packages/bxi_example_py-0.0.0-py3.10.egg-info
running install_scripts
Installing bxi_example_py script to /home/tang/code/control/install/bxi_example_py/lib/bxi_example_py
writing list of installed files to '/home/tang/code/control/build/bxi_example_py/install.log'
