[0.079s] DEBUG:colcon:Command line arguments: ['/usr/bin/colcon', 'build']
[0.079s] DEBUG:colcon:Parsed command line arguments: Namespace(log_base=None, log_level=None, verb_name='build', build_base='build', install_base='install', merge_install=False, symlink_install=False, test_result_base=None, continue_on_error=False, executor='parallel', parallel_workers=16, event_handlers=None, ignore_user_meta=False, metas=['./colcon.meta'], base_paths=['.'], packages_ignore=None, packages_ignore_regex=None, paths=None, packages_up_to=None, packages_up_to_regex=None, packages_above=None, packages_above_and_dependencies=None, packages_above_depth=None, packages_select_by_dep=None, packages_skip_by_dep=None, packages_skip_up_to=None, packages_select_build_failed=False, packages_skip_build_finished=False, packages_select_test_failures=False, packages_skip_test_passed=False, packages_select=None, packages_skip=None, packages_select_regex=None, packages_skip_regex=None, packages_start=None, packages_end=None, allow_overriding=[], cmake_args=None, cmake_target=None, cmake_target_skip_unavailable=False, cmake_clean_cache=False, cmake_clean_first=False, cmake_force_configure=False, ament_cmake_args=None, catkin_cmake_args=None, catkin_skip_building_tests=False, verb_parser=<colcon_defaults.argument_parser.defaults.DefaultArgumentsDecorator object at 0x7817e0b23520>, verb_extension=<colcon_core.verb.build.BuildVerb object at 0x7817e0b23010>, main=<bound method BuildVerb.main of <colcon_core.verb.build.BuildVerb object at 0x7817e0b23010>>)
[0.201s] Level 1:colcon.colcon_core.package_discovery:discover_packages(colcon_meta) check parameters
[0.201s] Level 1:colcon.colcon_core.package_discovery:discover_packages(recursive) check parameters
[0.201s] Level 1:colcon.colcon_core.package_discovery:discover_packages(ignore) check parameters
[0.201s] Level 1:colcon.colcon_core.package_discovery:discover_packages(path) check parameters
[0.201s] Level 1:colcon.colcon_core.package_discovery:discover_packages(colcon_meta) discover
[0.201s] Level 1:colcon.colcon_core.package_discovery:discover_packages(recursive) discover
[0.201s] INFO:colcon.colcon_core.package_discovery:Crawling recursively for packages in '/home/tang/code/control'
[0.201s] Level 1:colcon.colcon_core.package_identification:_identify(.) by extensions ['ignore', 'ignore_ament_install']
[0.201s] Level 1:colcon.colcon_core.package_identification:_identify(.) by extension 'ignore'
[0.201s] Level 1:colcon.colcon_core.package_identification:_identify(.) by extension 'ignore_ament_install'
[0.201s] Level 1:colcon.colcon_core.package_identification:_identify(.) by extensions ['colcon_pkg']
[0.201s] Level 1:colcon.colcon_core.package_identification:_identify(.) by extension 'colcon_pkg'
[0.202s] Level 1:colcon.colcon_core.package_identification:_identify(.) by extensions ['colcon_meta']
[0.202s] Level 1:colcon.colcon_core.package_identification:_identify(.) by extension 'colcon_meta'
[0.202s] Level 1:colcon.colcon_core.package_identification:_identify(.) by extensions ['ros']
[0.202s] Level 1:colcon.colcon_core.package_identification:_identify(.) by extension 'ros'
[0.211s] Level 1:colcon.colcon_core.package_identification:_identify(.) by extensions ['cmake', 'python']
[0.211s] Level 1:colcon.colcon_core.package_identification:_identify(.) by extension 'cmake'
[0.211s] Level 1:colcon.colcon_core.package_identification:_identify(.) by extension 'python'
[0.211s] Level 1:colcon.colcon_core.package_identification:_identify(.) by extensions ['python_setup_py']
[0.211s] Level 1:colcon.colcon_core.package_identification:_identify(.) by extension 'python_setup_py'
[0.211s] Level 1:colcon.colcon_core.package_identification:_identify(build) by extensions ['ignore', 'ignore_ament_install']
[0.211s] Level 1:colcon.colcon_core.package_identification:_identify(build) by extension 'ignore'
[0.211s] Level 1:colcon.colcon_core.package_identification:_identify(build) ignored
[0.211s] Level 1:colcon.colcon_core.package_identification:_identify(bxi_rl_controller_ros2_example) by extensions ['ignore', 'ignore_ament_install']
[0.211s] Level 1:colcon.colcon_core.package_identification:_identify(bxi_rl_controller_ros2_example) by extension 'ignore'
[0.211s] Level 1:colcon.colcon_core.package_identification:_identify(bxi_rl_controller_ros2_example) by extension 'ignore_ament_install'
[0.211s] Level 1:colcon.colcon_core.package_identification:_identify(bxi_rl_controller_ros2_example) by extensions ['colcon_pkg']
[0.211s] Level 1:colcon.colcon_core.package_identification:_identify(bxi_rl_controller_ros2_example) by extension 'colcon_pkg'
[0.211s] Level 1:colcon.colcon_core.package_identification:_identify(bxi_rl_controller_ros2_example) by extensions ['colcon_meta']
[0.211s] Level 1:colcon.colcon_core.package_identification:_identify(bxi_rl_controller_ros2_example) by extension 'colcon_meta'
[0.211s] Level 1:colcon.colcon_core.package_identification:_identify(bxi_rl_controller_ros2_example) by extensions ['ros']
[0.211s] Level 1:colcon.colcon_core.package_identification:_identify(bxi_rl_controller_ros2_example) by extension 'ros'
[0.212s] Level 1:colcon.colcon_core.package_identification:_identify(bxi_rl_controller_ros2_example) by extensions ['cmake', 'python']
[0.212s] Level 1:colcon.colcon_core.package_identification:_identify(bxi_rl_controller_ros2_example) by extension 'cmake'
[0.212s] Level 1:colcon.colcon_core.package_identification:_identify(bxi_rl_controller_ros2_example) by extension 'python'
[0.212s] Level 1:colcon.colcon_core.package_identification:_identify(bxi_rl_controller_ros2_example) by extensions ['python_setup_py']
[0.212s] Level 1:colcon.colcon_core.package_identification:_identify(bxi_rl_controller_ros2_example) by extension 'python_setup_py'
[0.212s] Level 1:colcon.colcon_core.package_identification:_identify(bxi_rl_controller_ros2_example/build) by extensions ['ignore', 'ignore_ament_install']
[0.212s] Level 1:colcon.colcon_core.package_identification:_identify(bxi_rl_controller_ros2_example/build) by extension 'ignore'
[0.212s] Level 1:colcon.colcon_core.package_identification:_identify(bxi_rl_controller_ros2_example/build) ignored
[0.212s] Level 1:colcon.colcon_core.package_identification:_identify(bxi_rl_controller_ros2_example/install) by extensions ['ignore', 'ignore_ament_install']
[0.212s] Level 1:colcon.colcon_core.package_identification:_identify(bxi_rl_controller_ros2_example/install) by extension 'ignore'
[0.212s] Level 1:colcon.colcon_core.package_identification:_identify(bxi_rl_controller_ros2_example/install) ignored
[0.212s] Level 1:colcon.colcon_core.package_identification:_identify(bxi_rl_controller_ros2_example/log) by extensions ['ignore', 'ignore_ament_install']
[0.212s] Level 1:colcon.colcon_core.package_identification:_identify(bxi_rl_controller_ros2_example/log) by extension 'ignore'
[0.212s] Level 1:colcon.colcon_core.package_identification:_identify(bxi_rl_controller_ros2_example/log) ignored
[0.212s] Level 1:colcon.colcon_core.package_identification:_identify(bxi_rl_controller_ros2_example/resources) by extensions ['ignore', 'ignore_ament_install']
[0.212s] Level 1:colcon.colcon_core.package_identification:_identify(bxi_rl_controller_ros2_example/resources) by extension 'ignore'
[0.212s] Level 1:colcon.colcon_core.package_identification:_identify(bxi_rl_controller_ros2_example/resources) by extension 'ignore_ament_install'
[0.212s] Level 1:colcon.colcon_core.package_identification:_identify(bxi_rl_controller_ros2_example/resources) by extensions ['colcon_pkg']
[0.212s] Level 1:colcon.colcon_core.package_identification:_identify(bxi_rl_controller_ros2_example/resources) by extension 'colcon_pkg'
[0.213s] Level 1:colcon.colcon_core.package_identification:_identify(bxi_rl_controller_ros2_example/resources) by extensions ['colcon_meta']
[0.213s] Level 1:colcon.colcon_core.package_identification:_identify(bxi_rl_controller_ros2_example/resources) by extension 'colcon_meta'
[0.213s] Level 1:colcon.colcon_core.package_identification:_identify(bxi_rl_controller_ros2_example/resources) by extensions ['ros']
[0.213s] Level 1:colcon.colcon_core.package_identification:_identify(bxi_rl_controller_ros2_example/resources) by extension 'ros'
[0.213s] Level 1:colcon.colcon_core.package_identification:_identify(bxi_rl_controller_ros2_example/resources) by extensions ['cmake', 'python']
[0.213s] Level 1:colcon.colcon_core.package_identification:_identify(bxi_rl_controller_ros2_example/resources) by extension 'cmake'
[0.213s] Level 1:colcon.colcon_core.package_identification:_identify(bxi_rl_controller_ros2_example/resources) by extension 'python'
[0.213s] Level 1:colcon.colcon_core.package_identification:_identify(bxi_rl_controller_ros2_example/resources) by extensions ['python_setup_py']
[0.213s] Level 1:colcon.colcon_core.package_identification:_identify(bxi_rl_controller_ros2_example/resources) by extension 'python_setup_py'
[0.213s] Level 1:colcon.colcon_core.package_identification:_identify(bxi_rl_controller_ros2_example/resources/elf2-ankle) by extensions ['ignore', 'ignore_ament_install']
[0.213s] Level 1:colcon.colcon_core.package_identification:_identify(bxi_rl_controller_ros2_example/resources/elf2-ankle) by extension 'ignore'
[0.213s] Level 1:colcon.colcon_core.package_identification:_identify(bxi_rl_controller_ros2_example/resources/elf2-ankle) by extension 'ignore_ament_install'
[0.213s] Level 1:colcon.colcon_core.package_identification:_identify(bxi_rl_controller_ros2_example/resources/elf2-ankle) by extensions ['colcon_pkg']
[0.213s] Level 1:colcon.colcon_core.package_identification:_identify(bxi_rl_controller_ros2_example/resources/elf2-ankle) by extension 'colcon_pkg'
[0.213s] Level 1:colcon.colcon_core.package_identification:_identify(bxi_rl_controller_ros2_example/resources/elf2-ankle) by extensions ['colcon_meta']
[0.213s] Level 1:colcon.colcon_core.package_identification:_identify(bxi_rl_controller_ros2_example/resources/elf2-ankle) by extension 'colcon_meta'
[0.213s] Level 1:colcon.colcon_core.package_identification:_identify(bxi_rl_controller_ros2_example/resources/elf2-ankle) by extensions ['ros']
[0.213s] Level 1:colcon.colcon_core.package_identification:_identify(bxi_rl_controller_ros2_example/resources/elf2-ankle) by extension 'ros'
[0.213s] Level 1:colcon.colcon_core.package_identification:_identify(bxi_rl_controller_ros2_example/resources/elf2-ankle) by extensions ['cmake', 'python']
[0.213s] Level 1:colcon.colcon_core.package_identification:_identify(bxi_rl_controller_ros2_example/resources/elf2-ankle) by extension 'cmake'
[0.213s] Level 1:colcon.colcon_core.package_identification:_identify(bxi_rl_controller_ros2_example/resources/elf2-ankle) by extension 'python'
[0.213s] Level 1:colcon.colcon_core.package_identification:_identify(bxi_rl_controller_ros2_example/resources/elf2-ankle) by extensions ['python_setup_py']
[0.213s] Level 1:colcon.colcon_core.package_identification:_identify(bxi_rl_controller_ros2_example/resources/elf2-ankle) by extension 'python_setup_py'
[0.213s] Level 1:colcon.colcon_core.package_identification:_identify(bxi_rl_controller_ros2_example/resources/elf2-ankle/meshes) by extensions ['ignore', 'ignore_ament_install']
[0.214s] Level 1:colcon.colcon_core.package_identification:_identify(bxi_rl_controller_ros2_example/resources/elf2-ankle/meshes) by extension 'ignore'
[0.214s] Level 1:colcon.colcon_core.package_identification:_identify(bxi_rl_controller_ros2_example/resources/elf2-ankle/meshes) by extension 'ignore_ament_install'
[0.214s] Level 1:colcon.colcon_core.package_identification:_identify(bxi_rl_controller_ros2_example/resources/elf2-ankle/meshes) by extensions ['colcon_pkg']
[0.214s] Level 1:colcon.colcon_core.package_identification:_identify(bxi_rl_controller_ros2_example/resources/elf2-ankle/meshes) by extension 'colcon_pkg'
[0.214s] Level 1:colcon.colcon_core.package_identification:_identify(bxi_rl_controller_ros2_example/resources/elf2-ankle/meshes) by extensions ['colcon_meta']
[0.214s] Level 1:colcon.colcon_core.package_identification:_identify(bxi_rl_controller_ros2_example/resources/elf2-ankle/meshes) by extension 'colcon_meta'
[0.214s] Level 1:colcon.colcon_core.package_identification:_identify(bxi_rl_controller_ros2_example/resources/elf2-ankle/meshes) by extensions ['ros']
[0.214s] Level 1:colcon.colcon_core.package_identification:_identify(bxi_rl_controller_ros2_example/resources/elf2-ankle/meshes) by extension 'ros'
[0.214s] Level 1:colcon.colcon_core.package_identification:_identify(bxi_rl_controller_ros2_example/resources/elf2-ankle/meshes) by extensions ['cmake', 'python']
[0.214s] Level 1:colcon.colcon_core.package_identification:_identify(bxi_rl_controller_ros2_example/resources/elf2-ankle/meshes) by extension 'cmake'
[0.214s] Level 1:colcon.colcon_core.package_identification:_identify(bxi_rl_controller_ros2_example/resources/elf2-ankle/meshes) by extension 'python'
[0.214s] Level 1:colcon.colcon_core.package_identification:_identify(bxi_rl_controller_ros2_example/resources/elf2-ankle/meshes) by extensions ['python_setup_py']
[0.214s] Level 1:colcon.colcon_core.package_identification:_identify(bxi_rl_controller_ros2_example/resources/elf2-ankle/meshes) by extension 'python_setup_py'
[0.214s] Level 1:colcon.colcon_core.package_identification:_identify(bxi_rl_controller_ros2_example/resources/elf2-ankle/urdf) by extensions ['ignore', 'ignore_ament_install']
[0.214s] Level 1:colcon.colcon_core.package_identification:_identify(bxi_rl_controller_ros2_example/resources/elf2-ankle/urdf) by extension 'ignore'
[0.214s] Level 1:colcon.colcon_core.package_identification:_identify(bxi_rl_controller_ros2_example/resources/elf2-ankle/urdf) by extension 'ignore_ament_install'
[0.214s] Level 1:colcon.colcon_core.package_identification:_identify(bxi_rl_controller_ros2_example/resources/elf2-ankle/urdf) by extensions ['colcon_pkg']
[0.214s] Level 1:colcon.colcon_core.package_identification:_identify(bxi_rl_controller_ros2_example/resources/elf2-ankle/urdf) by extension 'colcon_pkg'
[0.214s] Level 1:colcon.colcon_core.package_identification:_identify(bxi_rl_controller_ros2_example/resources/elf2-ankle/urdf) by extensions ['colcon_meta']
[0.214s] Level 1:colcon.colcon_core.package_identification:_identify(bxi_rl_controller_ros2_example/resources/elf2-ankle/urdf) by extension 'colcon_meta'
[0.214s] Level 1:colcon.colcon_core.package_identification:_identify(bxi_rl_controller_ros2_example/resources/elf2-ankle/urdf) by extensions ['ros']
[0.214s] Level 1:colcon.colcon_core.package_identification:_identify(bxi_rl_controller_ros2_example/resources/elf2-ankle/urdf) by extension 'ros'
[0.214s] Level 1:colcon.colcon_core.package_identification:_identify(bxi_rl_controller_ros2_example/resources/elf2-ankle/urdf) by extensions ['cmake', 'python']
[0.215s] Level 1:colcon.colcon_core.package_identification:_identify(bxi_rl_controller_ros2_example/resources/elf2-ankle/urdf) by extension 'cmake'
[0.215s] Level 1:colcon.colcon_core.package_identification:_identify(bxi_rl_controller_ros2_example/resources/elf2-ankle/urdf) by extension 'python'
[0.215s] Level 1:colcon.colcon_core.package_identification:_identify(bxi_rl_controller_ros2_example/resources/elf2-ankle/urdf) by extensions ['python_setup_py']
[0.215s] Level 1:colcon.colcon_core.package_identification:_identify(bxi_rl_controller_ros2_example/resources/elf2-ankle/urdf) by extension 'python_setup_py'
[0.215s] Level 1:colcon.colcon_core.package_identification:_identify(bxi_rl_controller_ros2_example/resources/elf2-foot) by extensions ['ignore', 'ignore_ament_install']
[0.215s] Level 1:colcon.colcon_core.package_identification:_identify(bxi_rl_controller_ros2_example/resources/elf2-foot) by extension 'ignore'
[0.215s] Level 1:colcon.colcon_core.package_identification:_identify(bxi_rl_controller_ros2_example/resources/elf2-foot) by extension 'ignore_ament_install'
[0.215s] Level 1:colcon.colcon_core.package_identification:_identify(bxi_rl_controller_ros2_example/resources/elf2-foot) by extensions ['colcon_pkg']
[0.215s] Level 1:colcon.colcon_core.package_identification:_identify(bxi_rl_controller_ros2_example/resources/elf2-foot) by extension 'colcon_pkg'
[0.215s] Level 1:colcon.colcon_core.package_identification:_identify(bxi_rl_controller_ros2_example/resources/elf2-foot) by extensions ['colcon_meta']
[0.215s] Level 1:colcon.colcon_core.package_identification:_identify(bxi_rl_controller_ros2_example/resources/elf2-foot) by extension 'colcon_meta'
[0.215s] Level 1:colcon.colcon_core.package_identification:_identify(bxi_rl_controller_ros2_example/resources/elf2-foot) by extensions ['ros']
[0.215s] Level 1:colcon.colcon_core.package_identification:_identify(bxi_rl_controller_ros2_example/resources/elf2-foot) by extension 'ros'
[0.215s] Level 1:colcon.colcon_core.package_identification:_identify(bxi_rl_controller_ros2_example/resources/elf2-foot) by extensions ['cmake', 'python']
[0.215s] Level 1:colcon.colcon_core.package_identification:_identify(bxi_rl_controller_ros2_example/resources/elf2-foot) by extension 'cmake'
[0.215s] Level 1:colcon.colcon_core.package_identification:_identify(bxi_rl_controller_ros2_example/resources/elf2-foot) by extension 'python'
[0.215s] Level 1:colcon.colcon_core.package_identification:_identify(bxi_rl_controller_ros2_example/resources/elf2-foot) by extensions ['python_setup_py']
[0.215s] Level 1:colcon.colcon_core.package_identification:_identify(bxi_rl_controller_ros2_example/resources/elf2-foot) by extension 'python_setup_py'
[0.215s] Level 1:colcon.colcon_core.package_identification:_identify(bxi_rl_controller_ros2_example/resources/elf2-foot/meshes) by extensions ['ignore', 'ignore_ament_install']
[0.215s] Level 1:colcon.colcon_core.package_identification:_identify(bxi_rl_controller_ros2_example/resources/elf2-foot/meshes) by extension 'ignore'
[0.215s] Level 1:colcon.colcon_core.package_identification:_identify(bxi_rl_controller_ros2_example/resources/elf2-foot/meshes) by extension 'ignore_ament_install'
[0.215s] Level 1:colcon.colcon_core.package_identification:_identify(bxi_rl_controller_ros2_example/resources/elf2-foot/meshes) by extensions ['colcon_pkg']
[0.215s] Level 1:colcon.colcon_core.package_identification:_identify(bxi_rl_controller_ros2_example/resources/elf2-foot/meshes) by extension 'colcon_pkg'
[0.215s] Level 1:colcon.colcon_core.package_identification:_identify(bxi_rl_controller_ros2_example/resources/elf2-foot/meshes) by extensions ['colcon_meta']
[0.216s] Level 1:colcon.colcon_core.package_identification:_identify(bxi_rl_controller_ros2_example/resources/elf2-foot/meshes) by extension 'colcon_meta'
[0.216s] Level 1:colcon.colcon_core.package_identification:_identify(bxi_rl_controller_ros2_example/resources/elf2-foot/meshes) by extensions ['ros']
[0.216s] Level 1:colcon.colcon_core.package_identification:_identify(bxi_rl_controller_ros2_example/resources/elf2-foot/meshes) by extension 'ros'
[0.216s] Level 1:colcon.colcon_core.package_identification:_identify(bxi_rl_controller_ros2_example/resources/elf2-foot/meshes) by extensions ['cmake', 'python']
[0.216s] Level 1:colcon.colcon_core.package_identification:_identify(bxi_rl_controller_ros2_example/resources/elf2-foot/meshes) by extension 'cmake'
[0.216s] Level 1:colcon.colcon_core.package_identification:_identify(bxi_rl_controller_ros2_example/resources/elf2-foot/meshes) by extension 'python'
[0.216s] Level 1:colcon.colcon_core.package_identification:_identify(bxi_rl_controller_ros2_example/resources/elf2-foot/meshes) by extensions ['python_setup_py']
[0.216s] Level 1:colcon.colcon_core.package_identification:_identify(bxi_rl_controller_ros2_example/resources/elf2-foot/meshes) by extension 'python_setup_py'
[0.216s] Level 1:colcon.colcon_core.package_identification:_identify(bxi_rl_controller_ros2_example/resources/elf2-foot/urdf) by extensions ['ignore', 'ignore_ament_install']
[0.216s] Level 1:colcon.colcon_core.package_identification:_identify(bxi_rl_controller_ros2_example/resources/elf2-foot/urdf) by extension 'ignore'
[0.216s] Level 1:colcon.colcon_core.package_identification:_identify(bxi_rl_controller_ros2_example/resources/elf2-foot/urdf) by extension 'ignore_ament_install'
[0.216s] Level 1:colcon.colcon_core.package_identification:_identify(bxi_rl_controller_ros2_example/resources/elf2-foot/urdf) by extensions ['colcon_pkg']
[0.216s] Level 1:colcon.colcon_core.package_identification:_identify(bxi_rl_controller_ros2_example/resources/elf2-foot/urdf) by extension 'colcon_pkg'
[0.216s] Level 1:colcon.colcon_core.package_identification:_identify(bxi_rl_controller_ros2_example/resources/elf2-foot/urdf) by extensions ['colcon_meta']
[0.216s] Level 1:colcon.colcon_core.package_identification:_identify(bxi_rl_controller_ros2_example/resources/elf2-foot/urdf) by extension 'colcon_meta'
[0.216s] Level 1:colcon.colcon_core.package_identification:_identify(bxi_rl_controller_ros2_example/resources/elf2-foot/urdf) by extensions ['ros']
[0.216s] Level 1:colcon.colcon_core.package_identification:_identify(bxi_rl_controller_ros2_example/resources/elf2-foot/urdf) by extension 'ros'
[0.216s] Level 1:colcon.colcon_core.package_identification:_identify(bxi_rl_controller_ros2_example/resources/elf2-foot/urdf) by extensions ['cmake', 'python']
[0.216s] Level 1:colcon.colcon_core.package_identification:_identify(bxi_rl_controller_ros2_example/resources/elf2-foot/urdf) by extension 'cmake'
[0.216s] Level 1:colcon.colcon_core.package_identification:_identify(bxi_rl_controller_ros2_example/resources/elf2-foot/urdf) by extension 'python'
[0.216s] Level 1:colcon.colcon_core.package_identification:_identify(bxi_rl_controller_ros2_example/resources/elf2-foot/urdf) by extensions ['python_setup_py']
[0.216s] Level 1:colcon.colcon_core.package_identification:_identify(bxi_rl_controller_ros2_example/resources/elf2-foot/urdf) by extension 'python_setup_py'
[0.216s] Level 1:colcon.colcon_core.package_identification:_identify(bxi_rl_controller_ros2_example/resources/elf2-footv4) by extensions ['ignore', 'ignore_ament_install']
[0.216s] Level 1:colcon.colcon_core.package_identification:_identify(bxi_rl_controller_ros2_example/resources/elf2-footv4) by extension 'ignore'
[0.217s] Level 1:colcon.colcon_core.package_identification:_identify(bxi_rl_controller_ros2_example/resources/elf2-footv4) by extension 'ignore_ament_install'
[0.217s] Level 1:colcon.colcon_core.package_identification:_identify(bxi_rl_controller_ros2_example/resources/elf2-footv4) by extensions ['colcon_pkg']
[0.217s] Level 1:colcon.colcon_core.package_identification:_identify(bxi_rl_controller_ros2_example/resources/elf2-footv4) by extension 'colcon_pkg'
[0.217s] Level 1:colcon.colcon_core.package_identification:_identify(bxi_rl_controller_ros2_example/resources/elf2-footv4) by extensions ['colcon_meta']
[0.217s] Level 1:colcon.colcon_core.package_identification:_identify(bxi_rl_controller_ros2_example/resources/elf2-footv4) by extension 'colcon_meta'
[0.217s] Level 1:colcon.colcon_core.package_identification:_identify(bxi_rl_controller_ros2_example/resources/elf2-footv4) by extensions ['ros']
[0.217s] Level 1:colcon.colcon_core.package_identification:_identify(bxi_rl_controller_ros2_example/resources/elf2-footv4) by extension 'ros'
[0.217s] Level 1:colcon.colcon_core.package_identification:_identify(bxi_rl_controller_ros2_example/resources/elf2-footv4) by extensions ['cmake', 'python']
[0.217s] Level 1:colcon.colcon_core.package_identification:_identify(bxi_rl_controller_ros2_example/resources/elf2-footv4) by extension 'cmake'
[0.217s] Level 1:colcon.colcon_core.package_identification:_identify(bxi_rl_controller_ros2_example/resources/elf2-footv4) by extension 'python'
[0.217s] Level 1:colcon.colcon_core.package_identification:_identify(bxi_rl_controller_ros2_example/resources/elf2-footv4) by extensions ['python_setup_py']
[0.217s] Level 1:colcon.colcon_core.package_identification:_identify(bxi_rl_controller_ros2_example/resources/elf2-footv4) by extension 'python_setup_py'
[0.217s] Level 1:colcon.colcon_core.package_identification:_identify(bxi_rl_controller_ros2_example/resources/elf2-footv4/meshes) by extensions ['ignore', 'ignore_ament_install']
[0.217s] Level 1:colcon.colcon_core.package_identification:_identify(bxi_rl_controller_ros2_example/resources/elf2-footv4/meshes) by extension 'ignore'
[0.217s] Level 1:colcon.colcon_core.package_identification:_identify(bxi_rl_controller_ros2_example/resources/elf2-footv4/meshes) by extension 'ignore_ament_install'
[0.217s] Level 1:colcon.colcon_core.package_identification:_identify(bxi_rl_controller_ros2_example/resources/elf2-footv4/meshes) by extensions ['colcon_pkg']
[0.217s] Level 1:colcon.colcon_core.package_identification:_identify(bxi_rl_controller_ros2_example/resources/elf2-footv4/meshes) by extension 'colcon_pkg'
[0.217s] Level 1:colcon.colcon_core.package_identification:_identify(bxi_rl_controller_ros2_example/resources/elf2-footv4/meshes) by extensions ['colcon_meta']
[0.217s] Level 1:colcon.colcon_core.package_identification:_identify(bxi_rl_controller_ros2_example/resources/elf2-footv4/meshes) by extension 'colcon_meta'
[0.217s] Level 1:colcon.colcon_core.package_identification:_identify(bxi_rl_controller_ros2_example/resources/elf2-footv4/meshes) by extensions ['ros']
[0.217s] Level 1:colcon.colcon_core.package_identification:_identify(bxi_rl_controller_ros2_example/resources/elf2-footv4/meshes) by extension 'ros'
[0.217s] Level 1:colcon.colcon_core.package_identification:_identify(bxi_rl_controller_ros2_example/resources/elf2-footv4/meshes) by extensions ['cmake', 'python']
[0.217s] Level 1:colcon.colcon_core.package_identification:_identify(bxi_rl_controller_ros2_example/resources/elf2-footv4/meshes) by extension 'cmake'
[0.217s] Level 1:colcon.colcon_core.package_identification:_identify(bxi_rl_controller_ros2_example/resources/elf2-footv4/meshes) by extension 'python'
[0.218s] Level 1:colcon.colcon_core.package_identification:_identify(bxi_rl_controller_ros2_example/resources/elf2-footv4/meshes) by extensions ['python_setup_py']
[0.218s] Level 1:colcon.colcon_core.package_identification:_identify(bxi_rl_controller_ros2_example/resources/elf2-footv4/meshes) by extension 'python_setup_py'
[0.218s] Level 1:colcon.colcon_core.package_identification:_identify(bxi_rl_controller_ros2_example/resources/elf2-footv4/urdf) by extensions ['ignore', 'ignore_ament_install']
[0.218s] Level 1:colcon.colcon_core.package_identification:_identify(bxi_rl_controller_ros2_example/resources/elf2-footv4/urdf) by extension 'ignore'
[0.218s] Level 1:colcon.colcon_core.package_identification:_identify(bxi_rl_controller_ros2_example/resources/elf2-footv4/urdf) by extension 'ignore_ament_install'
[0.218s] Level 1:colcon.colcon_core.package_identification:_identify(bxi_rl_controller_ros2_example/resources/elf2-footv4/urdf) by extensions ['colcon_pkg']
[0.218s] Level 1:colcon.colcon_core.package_identification:_identify(bxi_rl_controller_ros2_example/resources/elf2-footv4/urdf) by extension 'colcon_pkg'
[0.218s] Level 1:colcon.colcon_core.package_identification:_identify(bxi_rl_controller_ros2_example/resources/elf2-footv4/urdf) by extensions ['colcon_meta']
[0.218s] Level 1:colcon.colcon_core.package_identification:_identify(bxi_rl_controller_ros2_example/resources/elf2-footv4/urdf) by extension 'colcon_meta'
[0.218s] Level 1:colcon.colcon_core.package_identification:_identify(bxi_rl_controller_ros2_example/resources/elf2-footv4/urdf) by extensions ['ros']
[0.218s] Level 1:colcon.colcon_core.package_identification:_identify(bxi_rl_controller_ros2_example/resources/elf2-footv4/urdf) by extension 'ros'
[0.218s] Level 1:colcon.colcon_core.package_identification:_identify(bxi_rl_controller_ros2_example/resources/elf2-footv4/urdf) by extensions ['cmake', 'python']
[0.218s] Level 1:colcon.colcon_core.package_identification:_identify(bxi_rl_controller_ros2_example/resources/elf2-footv4/urdf) by extension 'cmake'
[0.218s] Level 1:colcon.colcon_core.package_identification:_identify(bxi_rl_controller_ros2_example/resources/elf2-footv4/urdf) by extension 'python'
[0.218s] Level 1:colcon.colcon_core.package_identification:_identify(bxi_rl_controller_ros2_example/resources/elf2-footv4/urdf) by extensions ['python_setup_py']
[0.218s] Level 1:colcon.colcon_core.package_identification:_identify(bxi_rl_controller_ros2_example/resources/elf2-footv4/urdf) by extension 'python_setup_py'
[0.218s] Level 1:colcon.colcon_core.package_identification:_identify(bxi_rl_controller_ros2_example/resources/elf2-trunk) by extensions ['ignore', 'ignore_ament_install']
[0.218s] Level 1:colcon.colcon_core.package_identification:_identify(bxi_rl_controller_ros2_example/resources/elf2-trunk) by extension 'ignore'
[0.218s] Level 1:colcon.colcon_core.package_identification:_identify(bxi_rl_controller_ros2_example/resources/elf2-trunk) by extension 'ignore_ament_install'
[0.218s] Level 1:colcon.colcon_core.package_identification:_identify(bxi_rl_controller_ros2_example/resources/elf2-trunk) by extensions ['colcon_pkg']
[0.219s] Level 1:colcon.colcon_core.package_identification:_identify(bxi_rl_controller_ros2_example/resources/elf2-trunk) by extension 'colcon_pkg'
[0.219s] Level 1:colcon.colcon_core.package_identification:_identify(bxi_rl_controller_ros2_example/resources/elf2-trunk) by extensions ['colcon_meta']
[0.219s] Level 1:colcon.colcon_core.package_identification:_identify(bxi_rl_controller_ros2_example/resources/elf2-trunk) by extension 'colcon_meta'
[0.219s] Level 1:colcon.colcon_core.package_identification:_identify(bxi_rl_controller_ros2_example/resources/elf2-trunk) by extensions ['ros']
[0.219s] Level 1:colcon.colcon_core.package_identification:_identify(bxi_rl_controller_ros2_example/resources/elf2-trunk) by extension 'ros'
[0.219s] Level 1:colcon.colcon_core.package_identification:_identify(bxi_rl_controller_ros2_example/resources/elf2-trunk) by extensions ['cmake', 'python']
[0.219s] Level 1:colcon.colcon_core.package_identification:_identify(bxi_rl_controller_ros2_example/resources/elf2-trunk) by extension 'cmake'
[0.219s] Level 1:colcon.colcon_core.package_identification:_identify(bxi_rl_controller_ros2_example/resources/elf2-trunk) by extension 'python'
[0.219s] Level 1:colcon.colcon_core.package_identification:_identify(bxi_rl_controller_ros2_example/resources/elf2-trunk) by extensions ['python_setup_py']
[0.219s] Level 1:colcon.colcon_core.package_identification:_identify(bxi_rl_controller_ros2_example/resources/elf2-trunk) by extension 'python_setup_py'
[0.219s] Level 1:colcon.colcon_core.package_identification:_identify(bxi_rl_controller_ros2_example/resources/elf2-trunk/meshes) by extensions ['ignore', 'ignore_ament_install']
[0.219s] Level 1:colcon.colcon_core.package_identification:_identify(bxi_rl_controller_ros2_example/resources/elf2-trunk/meshes) by extension 'ignore'
[0.219s] Level 1:colcon.colcon_core.package_identification:_identify(bxi_rl_controller_ros2_example/resources/elf2-trunk/meshes) by extension 'ignore_ament_install'
[0.219s] Level 1:colcon.colcon_core.package_identification:_identify(bxi_rl_controller_ros2_example/resources/elf2-trunk/meshes) by extensions ['colcon_pkg']
[0.219s] Level 1:colcon.colcon_core.package_identification:_identify(bxi_rl_controller_ros2_example/resources/elf2-trunk/meshes) by extension 'colcon_pkg'
[0.219s] Level 1:colcon.colcon_core.package_identification:_identify(bxi_rl_controller_ros2_example/resources/elf2-trunk/meshes) by extensions ['colcon_meta']
[0.219s] Level 1:colcon.colcon_core.package_identification:_identify(bxi_rl_controller_ros2_example/resources/elf2-trunk/meshes) by extension 'colcon_meta'
[0.219s] Level 1:colcon.colcon_core.package_identification:_identify(bxi_rl_controller_ros2_example/resources/elf2-trunk/meshes) by extensions ['ros']
[0.219s] Level 1:colcon.colcon_core.package_identification:_identify(bxi_rl_controller_ros2_example/resources/elf2-trunk/meshes) by extension 'ros'
[0.219s] Level 1:colcon.colcon_core.package_identification:_identify(bxi_rl_controller_ros2_example/resources/elf2-trunk/meshes) by extensions ['cmake', 'python']
[0.219s] Level 1:colcon.colcon_core.package_identification:_identify(bxi_rl_controller_ros2_example/resources/elf2-trunk/meshes) by extension 'cmake'
[0.219s] Level 1:colcon.colcon_core.package_identification:_identify(bxi_rl_controller_ros2_example/resources/elf2-trunk/meshes) by extension 'python'
[0.219s] Level 1:colcon.colcon_core.package_identification:_identify(bxi_rl_controller_ros2_example/resources/elf2-trunk/meshes) by extensions ['python_setup_py']
[0.219s] Level 1:colcon.colcon_core.package_identification:_identify(bxi_rl_controller_ros2_example/resources/elf2-trunk/meshes) by extension 'python_setup_py'
[0.220s] Level 1:colcon.colcon_core.package_identification:_identify(bxi_rl_controller_ros2_example/resources/elf2-trunk/urdf) by extensions ['ignore', 'ignore_ament_install']
[0.220s] Level 1:colcon.colcon_core.package_identification:_identify(bxi_rl_controller_ros2_example/resources/elf2-trunk/urdf) by extension 'ignore'
[0.220s] Level 1:colcon.colcon_core.package_identification:_identify(bxi_rl_controller_ros2_example/resources/elf2-trunk/urdf) by extension 'ignore_ament_install'
[0.220s] Level 1:colcon.colcon_core.package_identification:_identify(bxi_rl_controller_ros2_example/resources/elf2-trunk/urdf) by extensions ['colcon_pkg']
[0.220s] Level 1:colcon.colcon_core.package_identification:_identify(bxi_rl_controller_ros2_example/resources/elf2-trunk/urdf) by extension 'colcon_pkg'
[0.220s] Level 1:colcon.colcon_core.package_identification:_identify(bxi_rl_controller_ros2_example/resources/elf2-trunk/urdf) by extensions ['colcon_meta']
[0.220s] Level 1:colcon.colcon_core.package_identification:_identify(bxi_rl_controller_ros2_example/resources/elf2-trunk/urdf) by extension 'colcon_meta'
[0.220s] Level 1:colcon.colcon_core.package_identification:_identify(bxi_rl_controller_ros2_example/resources/elf2-trunk/urdf) by extensions ['ros']
[0.220s] Level 1:colcon.colcon_core.package_identification:_identify(bxi_rl_controller_ros2_example/resources/elf2-trunk/urdf) by extension 'ros'
[0.220s] Level 1:colcon.colcon_core.package_identification:_identify(bxi_rl_controller_ros2_example/resources/elf2-trunk/urdf) by extensions ['cmake', 'python']
[0.220s] Level 1:colcon.colcon_core.package_identification:_identify(bxi_rl_controller_ros2_example/resources/elf2-trunk/urdf) by extension 'cmake'
[0.220s] Level 1:colcon.colcon_core.package_identification:_identify(bxi_rl_controller_ros2_example/resources/elf2-trunk/urdf) by extension 'python'
[0.220s] Level 1:colcon.colcon_core.package_identification:_identify(bxi_rl_controller_ros2_example/resources/elf2-trunk/urdf) by extensions ['python_setup_py']
[0.220s] Level 1:colcon.colcon_core.package_identification:_identify(bxi_rl_controller_ros2_example/resources/elf2-trunk/urdf) by extension 'python_setup_py'
[0.220s] Level 1:colcon.colcon_core.package_identification:_identify(bxi_rl_controller_ros2_example/script) by extensions ['ignore', 'ignore_ament_install']
[0.220s] Level 1:colcon.colcon_core.package_identification:_identify(bxi_rl_controller_ros2_example/script) by extension 'ignore'
[0.220s] Level 1:colcon.colcon_core.package_identification:_identify(bxi_rl_controller_ros2_example/script) by extension 'ignore_ament_install'
[0.220s] Level 1:colcon.colcon_core.package_identification:_identify(bxi_rl_controller_ros2_example/script) by extensions ['colcon_pkg']
[0.220s] Level 1:colcon.colcon_core.package_identification:_identify(bxi_rl_controller_ros2_example/script) by extension 'colcon_pkg'
[0.220s] Level 1:colcon.colcon_core.package_identification:_identify(bxi_rl_controller_ros2_example/script) by extensions ['colcon_meta']
[0.220s] Level 1:colcon.colcon_core.package_identification:_identify(bxi_rl_controller_ros2_example/script) by extension 'colcon_meta'
[0.220s] Level 1:colcon.colcon_core.package_identification:_identify(bxi_rl_controller_ros2_example/script) by extensions ['ros']
[0.220s] Level 1:colcon.colcon_core.package_identification:_identify(bxi_rl_controller_ros2_example/script) by extension 'ros'
[0.220s] Level 1:colcon.colcon_core.package_identification:_identify(bxi_rl_controller_ros2_example/script) by extensions ['cmake', 'python']
[0.220s] Level 1:colcon.colcon_core.package_identification:_identify(bxi_rl_controller_ros2_example/script) by extension 'cmake'
[0.221s] Level 1:colcon.colcon_core.package_identification:_identify(bxi_rl_controller_ros2_example/script) by extension 'python'
[0.221s] Level 1:colcon.colcon_core.package_identification:_identify(bxi_rl_controller_ros2_example/script) by extensions ['python_setup_py']
[0.221s] Level 1:colcon.colcon_core.package_identification:_identify(bxi_rl_controller_ros2_example/script) by extension 'python_setup_py'
[0.221s] Level 1:colcon.colcon_core.package_identification:_identify(bxi_rl_controller_ros2_example/src) by extensions ['ignore', 'ignore_ament_install']
[0.221s] Level 1:colcon.colcon_core.package_identification:_identify(bxi_rl_controller_ros2_example/src) by extension 'ignore'
[0.221s] Level 1:colcon.colcon_core.package_identification:_identify(bxi_rl_controller_ros2_example/src) by extension 'ignore_ament_install'
[0.221s] Level 1:colcon.colcon_core.package_identification:_identify(bxi_rl_controller_ros2_example/src) by extensions ['colcon_pkg']
[0.221s] Level 1:colcon.colcon_core.package_identification:_identify(bxi_rl_controller_ros2_example/src) by extension 'colcon_pkg'
[0.221s] Level 1:colcon.colcon_core.package_identification:_identify(bxi_rl_controller_ros2_example/src) by extensions ['colcon_meta']
[0.221s] Level 1:colcon.colcon_core.package_identification:_identify(bxi_rl_controller_ros2_example/src) by extension 'colcon_meta'
[0.221s] Level 1:colcon.colcon_core.package_identification:_identify(bxi_rl_controller_ros2_example/src) by extensions ['ros']
[0.221s] Level 1:colcon.colcon_core.package_identification:_identify(bxi_rl_controller_ros2_example/src) by extension 'ros'
[0.221s] Level 1:colcon.colcon_core.package_identification:_identify(bxi_rl_controller_ros2_example/src) by extensions ['cmake', 'python']
[0.221s] Level 1:colcon.colcon_core.package_identification:_identify(bxi_rl_controller_ros2_example/src) by extension 'cmake'
[0.221s] Level 1:colcon.colcon_core.package_identification:_identify(bxi_rl_controller_ros2_example/src) by extension 'python'
[0.221s] Level 1:colcon.colcon_core.package_identification:_identify(bxi_rl_controller_ros2_example/src) by extensions ['python_setup_py']
[0.221s] Level 1:colcon.colcon_core.package_identification:_identify(bxi_rl_controller_ros2_example/src) by extension 'python_setup_py'
[0.221s] Level 1:colcon.colcon_core.package_identification:_identify(bxi_rl_controller_ros2_example/src/build) by extensions ['ignore', 'ignore_ament_install']
[0.221s] Level 1:colcon.colcon_core.package_identification:_identify(bxi_rl_controller_ros2_example/src/build) by extension 'ignore'
[0.221s] Level 1:colcon.colcon_core.package_identification:_identify(bxi_rl_controller_ros2_example/src/build) ignored
[0.221s] Level 1:colcon.colcon_core.package_identification:_identify(bxi_rl_controller_ros2_example/src/bxi_example_py) by extensions ['ignore', 'ignore_ament_install']
[0.221s] Level 1:colcon.colcon_core.package_identification:_identify(bxi_rl_controller_ros2_example/src/bxi_example_py) by extension 'ignore'
[0.222s] Level 1:colcon.colcon_core.package_identification:_identify(bxi_rl_controller_ros2_example/src/bxi_example_py) by extension 'ignore_ament_install'
[0.222s] Level 1:colcon.colcon_core.package_identification:_identify(bxi_rl_controller_ros2_example/src/bxi_example_py) by extensions ['colcon_pkg']
[0.222s] Level 1:colcon.colcon_core.package_identification:_identify(bxi_rl_controller_ros2_example/src/bxi_example_py) by extension 'colcon_pkg'
[0.222s] Level 1:colcon.colcon_core.package_identification:_identify(bxi_rl_controller_ros2_example/src/bxi_example_py) by extensions ['colcon_meta']
[0.222s] Level 1:colcon.colcon_core.package_identification:_identify(bxi_rl_controller_ros2_example/src/bxi_example_py) by extension 'colcon_meta'
[0.222s] Level 1:colcon.colcon_core.package_identification:_identify(bxi_rl_controller_ros2_example/src/bxi_example_py) by extensions ['ros']
[0.222s] Level 1:colcon.colcon_core.package_identification:_identify(bxi_rl_controller_ros2_example/src/bxi_example_py) by extension 'ros'
[0.223s] DEBUG:colcon.colcon_core.package_identification:Package 'bxi_rl_controller_ros2_example/src/bxi_example_py' with type 'ros.ament_python' and name 'bxi_example_py'
[0.224s] Level 1:colcon.colcon_core.package_identification:_identify(bxi_rl_controller_ros2_example/src/bxi_example_py_ankle) by extensions ['ignore', 'ignore_ament_install']
[0.224s] Level 1:colcon.colcon_core.package_identification:_identify(bxi_rl_controller_ros2_example/src/bxi_example_py_ankle) by extension 'ignore'
[0.224s] Level 1:colcon.colcon_core.package_identification:_identify(bxi_rl_controller_ros2_example/src/bxi_example_py_ankle) by extension 'ignore_ament_install'
[0.224s] Level 1:colcon.colcon_core.package_identification:_identify(bxi_rl_controller_ros2_example/src/bxi_example_py_ankle) by extensions ['colcon_pkg']
[0.224s] Level 1:colcon.colcon_core.package_identification:_identify(bxi_rl_controller_ros2_example/src/bxi_example_py_ankle) by extension 'colcon_pkg'
[0.224s] Level 1:colcon.colcon_core.package_identification:_identify(bxi_rl_controller_ros2_example/src/bxi_example_py_ankle) by extensions ['colcon_meta']
[0.224s] Level 1:colcon.colcon_core.package_identification:_identify(bxi_rl_controller_ros2_example/src/bxi_example_py_ankle) by extension 'colcon_meta'
[0.224s] Level 1:colcon.colcon_core.package_identification:_identify(bxi_rl_controller_ros2_example/src/bxi_example_py_ankle) by extensions ['ros']
[0.224s] Level 1:colcon.colcon_core.package_identification:_identify(bxi_rl_controller_ros2_example/src/bxi_example_py_ankle) by extension 'ros'
[0.224s] DEBUG:colcon.colcon_core.package_identification:Package 'bxi_rl_controller_ros2_example/src/bxi_example_py_ankle' with type 'ros.ament_python' and name 'bxi_example_py_ankle'
[0.224s] Level 1:colcon.colcon_core.package_identification:_identify(bxi_rl_controller_ros2_example/src/bxi_example_py_trunk) by extensions ['ignore', 'ignore_ament_install']
[0.224s] Level 1:colcon.colcon_core.package_identification:_identify(bxi_rl_controller_ros2_example/src/bxi_example_py_trunk) by extension 'ignore'
[0.224s] Level 1:colcon.colcon_core.package_identification:_identify(bxi_rl_controller_ros2_example/src/bxi_example_py_trunk) by extension 'ignore_ament_install'
[0.225s] Level 1:colcon.colcon_core.package_identification:_identify(bxi_rl_controller_ros2_example/src/bxi_example_py_trunk) by extensions ['colcon_pkg']
[0.225s] Level 1:colcon.colcon_core.package_identification:_identify(bxi_rl_controller_ros2_example/src/bxi_example_py_trunk) by extension 'colcon_pkg'
[0.225s] Level 1:colcon.colcon_core.package_identification:_identify(bxi_rl_controller_ros2_example/src/bxi_example_py_trunk) by extensions ['colcon_meta']
[0.225s] Level 1:colcon.colcon_core.package_identification:_identify(bxi_rl_controller_ros2_example/src/bxi_example_py_trunk) by extension 'colcon_meta'
[0.225s] Level 1:colcon.colcon_core.package_identification:_identify(bxi_rl_controller_ros2_example/src/bxi_example_py_trunk) by extensions ['ros']
[0.225s] Level 1:colcon.colcon_core.package_identification:_identify(bxi_rl_controller_ros2_example/src/bxi_example_py_trunk) by extension 'ros'
[0.225s] DEBUG:colcon.colcon_core.package_identification:Package 'bxi_rl_controller_ros2_example/src/bxi_example_py_trunk' with type 'ros.ament_python' and name 'bxi_example_py_trunk'
[0.225s] Level 1:colcon.colcon_core.package_identification:_identify(bxi_rl_controller_ros2_example/src/bxi_example_py_trunk_neck) by extensions ['ignore', 'ignore_ament_install']
[0.225s] Level 1:colcon.colcon_core.package_identification:_identify(bxi_rl_controller_ros2_example/src/bxi_example_py_trunk_neck) by extension 'ignore'
[0.225s] Level 1:colcon.colcon_core.package_identification:_identify(bxi_rl_controller_ros2_example/src/bxi_example_py_trunk_neck) by extension 'ignore_ament_install'
[0.225s] Level 1:colcon.colcon_core.package_identification:_identify(bxi_rl_controller_ros2_example/src/bxi_example_py_trunk_neck) by extensions ['colcon_pkg']
[0.225s] Level 1:colcon.colcon_core.package_identification:_identify(bxi_rl_controller_ros2_example/src/bxi_example_py_trunk_neck) by extension 'colcon_pkg'
[0.225s] Level 1:colcon.colcon_core.package_identification:_identify(bxi_rl_controller_ros2_example/src/bxi_example_py_trunk_neck) by extensions ['colcon_meta']
[0.225s] Level 1:colcon.colcon_core.package_identification:_identify(bxi_rl_controller_ros2_example/src/bxi_example_py_trunk_neck) by extension 'colcon_meta'
[0.225s] Level 1:colcon.colcon_core.package_identification:_identify(bxi_rl_controller_ros2_example/src/bxi_example_py_trunk_neck) by extensions ['ros']
[0.226s] Level 1:colcon.colcon_core.package_identification:_identify(bxi_rl_controller_ros2_example/src/bxi_example_py_trunk_neck) by extension 'ros'
[0.226s] DEBUG:colcon.colcon_core.package_identification:Package 'bxi_rl_controller_ros2_example/src/bxi_example_py_trunk_neck' with type 'ros.ament_python' and name 'bxi_example_py_trunk_neck'
[0.226s] Level 1:colcon.colcon_core.package_identification:_identify(bxi_rl_controller_ros2_example/src/install) by extensions ['ignore', 'ignore_ament_install']
[0.226s] Level 1:colcon.colcon_core.package_identification:_identify(bxi_rl_controller_ros2_example/src/install) by extension 'ignore'
[0.226s] Level 1:colcon.colcon_core.package_identification:_identify(bxi_rl_controller_ros2_example/src/install) ignored
[0.226s] Level 1:colcon.colcon_core.package_identification:_identify(bxi_rl_controller_ros2_example/src/log) by extensions ['ignore', 'ignore_ament_install']
[0.226s] Level 1:colcon.colcon_core.package_identification:_identify(bxi_rl_controller_ros2_example/src/log) by extension 'ignore'
[0.226s] Level 1:colcon.colcon_core.package_identification:_identify(bxi_rl_controller_ros2_example/src/log) ignored
[0.226s] Level 1:colcon.colcon_core.package_identification:_identify(bxi_rl_controller_ros2_example/src/remote_controller) by extensions ['ignore', 'ignore_ament_install']
[0.226s] Level 1:colcon.colcon_core.package_identification:_identify(bxi_rl_controller_ros2_example/src/remote_controller) by extension 'ignore'
[0.227s] Level 1:colcon.colcon_core.package_identification:_identify(bxi_rl_controller_ros2_example/src/remote_controller) by extension 'ignore_ament_install'
[0.227s] Level 1:colcon.colcon_core.package_identification:_identify(bxi_rl_controller_ros2_example/src/remote_controller) by extensions ['colcon_pkg']
[0.227s] Level 1:colcon.colcon_core.package_identification:_identify(bxi_rl_controller_ros2_example/src/remote_controller) by extension 'colcon_pkg'
[0.227s] Level 1:colcon.colcon_core.package_identification:_identify(bxi_rl_controller_ros2_example/src/remote_controller) by extensions ['colcon_meta']
[0.227s] Level 1:colcon.colcon_core.package_identification:_identify(bxi_rl_controller_ros2_example/src/remote_controller) by extension 'colcon_meta'
[0.227s] Level 1:colcon.colcon_core.package_identification:_identify(bxi_rl_controller_ros2_example/src/remote_controller) by extensions ['ros']
[0.227s] Level 1:colcon.colcon_core.package_identification:_identify(bxi_rl_controller_ros2_example/src/remote_controller) by extension 'ros'
[0.227s] DEBUG:colcon.colcon_core.package_identification:Package 'bxi_rl_controller_ros2_example/src/remote_controller' with type 'ros.ament_cmake' and name 'remote_controller'
[0.227s] Level 1:colcon.colcon_core.package_identification:_identify(install) by extensions ['ignore', 'ignore_ament_install']
[0.227s] Level 1:colcon.colcon_core.package_identification:_identify(install) by extension 'ignore'
[0.227s] Level 1:colcon.colcon_core.package_identification:_identify(install) ignored
[0.227s] Level 1:colcon.colcon_core.package_identification:_identify(log) by extensions ['ignore', 'ignore_ament_install']
[0.228s] Level 1:colcon.colcon_core.package_identification:_identify(log) by extension 'ignore'
[0.228s] Level 1:colcon.colcon_core.package_identification:_identify(log) ignored
[0.228s] Level 1:colcon.colcon_core.package_discovery:discover_packages(recursive) using defaults
[0.228s] Level 1:colcon.colcon_core.package_discovery:discover_packages(ignore) discover
[0.228s] Level 1:colcon.colcon_core.package_discovery:discover_packages(ignore) using defaults
[0.228s] Level 1:colcon.colcon_core.package_discovery:discover_packages(path) discover
[0.228s] Level 1:colcon.colcon_core.package_discovery:discover_packages(path) using defaults
[0.243s] Level 1:colcon.colcon_core.package_discovery:discover_packages(prefix_path) check parameters
[0.243s] Level 1:colcon.colcon_core.package_discovery:discover_packages(prefix_path) discover
[0.244s] DEBUG:colcon.colcon_installed_package_information.package_discovery:Found 9 installed packages in /home/tang/code/bxi_ros2_pkg
[0.245s] DEBUG:colcon.colcon_installed_package_information.package_discovery:Found 271 installed packages in /opt/ros/humble
[0.256s] Level 1:colcon.colcon_core.package_discovery:discover_packages(prefix_path) using defaults
[0.284s] Level 5:colcon.colcon_core.verb:set package 'bxi_example_py' build argument 'cmake_args' from command line to 'None'
[0.284s] Level 5:colcon.colcon_core.verb:set package 'bxi_example_py' build argument 'cmake_target' from command line to 'None'
[0.284s] Level 5:colcon.colcon_core.verb:set package 'bxi_example_py' build argument 'cmake_target_skip_unavailable' from command line to 'False'
[0.284s] Level 5:colcon.colcon_core.verb:set package 'bxi_example_py' build argument 'cmake_clean_cache' from command line to 'False'
[0.284s] Level 5:colcon.colcon_core.verb:set package 'bxi_example_py' build argument 'cmake_clean_first' from command line to 'False'
[0.284s] Level 5:colcon.colcon_core.verb:set package 'bxi_example_py' build argument 'cmake_force_configure' from command line to 'False'
[0.284s] Level 5:colcon.colcon_core.verb:set package 'bxi_example_py' build argument 'ament_cmake_args' from command line to 'None'
[0.284s] Level 5:colcon.colcon_core.verb:set package 'bxi_example_py' build argument 'catkin_cmake_args' from command line to 'None'
[0.284s] Level 5:colcon.colcon_core.verb:set package 'bxi_example_py' build argument 'catkin_skip_building_tests' from command line to 'False'
[0.284s] DEBUG:colcon.colcon_core.verb:Building package 'bxi_example_py' with the following arguments: {'ament_cmake_args': None, 'build_base': '/home/tang/code/control/build/bxi_example_py', 'catkin_cmake_args': None, 'catkin_skip_building_tests': False, 'cmake_args': None, 'cmake_clean_cache': False, 'cmake_clean_first': False, 'cmake_force_configure': False, 'cmake_target': None, 'cmake_target_skip_unavailable': False, 'install_base': '/home/tang/code/control/install/bxi_example_py', 'merge_install': False, 'path': '/home/tang/code/control/bxi_rl_controller_ros2_example/src/bxi_example_py', 'symlink_install': False, 'test_result_base': None}
[0.284s] Level 5:colcon.colcon_core.verb:set package 'bxi_example_py_ankle' build argument 'cmake_args' from command line to 'None'
[0.285s] Level 5:colcon.colcon_core.verb:set package 'bxi_example_py_ankle' build argument 'cmake_target' from command line to 'None'
[0.285s] Level 5:colcon.colcon_core.verb:set package 'bxi_example_py_ankle' build argument 'cmake_target_skip_unavailable' from command line to 'False'
[0.285s] Level 5:colcon.colcon_core.verb:set package 'bxi_example_py_ankle' build argument 'cmake_clean_cache' from command line to 'False'
[0.285s] Level 5:colcon.colcon_core.verb:set package 'bxi_example_py_ankle' build argument 'cmake_clean_first' from command line to 'False'
[0.285s] Level 5:colcon.colcon_core.verb:set package 'bxi_example_py_ankle' build argument 'cmake_force_configure' from command line to 'False'
[0.285s] Level 5:colcon.colcon_core.verb:set package 'bxi_example_py_ankle' build argument 'ament_cmake_args' from command line to 'None'
[0.285s] Level 5:colcon.colcon_core.verb:set package 'bxi_example_py_ankle' build argument 'catkin_cmake_args' from command line to 'None'
[0.285s] Level 5:colcon.colcon_core.verb:set package 'bxi_example_py_ankle' build argument 'catkin_skip_building_tests' from command line to 'False'
[0.285s] DEBUG:colcon.colcon_core.verb:Building package 'bxi_example_py_ankle' with the following arguments: {'ament_cmake_args': None, 'build_base': '/home/tang/code/control/build/bxi_example_py_ankle', 'catkin_cmake_args': None, 'catkin_skip_building_tests': False, 'cmake_args': None, 'cmake_clean_cache': False, 'cmake_clean_first': False, 'cmake_force_configure': False, 'cmake_target': None, 'cmake_target_skip_unavailable': False, 'install_base': '/home/tang/code/control/install/bxi_example_py_ankle', 'merge_install': False, 'path': '/home/tang/code/control/bxi_rl_controller_ros2_example/src/bxi_example_py_ankle', 'symlink_install': False, 'test_result_base': None}
[0.285s] Level 5:colcon.colcon_core.verb:set package 'bxi_example_py_trunk' build argument 'cmake_args' from command line to 'None'
[0.285s] Level 5:colcon.colcon_core.verb:set package 'bxi_example_py_trunk' build argument 'cmake_target' from command line to 'None'
[0.285s] Level 5:colcon.colcon_core.verb:set package 'bxi_example_py_trunk' build argument 'cmake_target_skip_unavailable' from command line to 'False'
[0.285s] Level 5:colcon.colcon_core.verb:set package 'bxi_example_py_trunk' build argument 'cmake_clean_cache' from command line to 'False'
[0.285s] Level 5:colcon.colcon_core.verb:set package 'bxi_example_py_trunk' build argument 'cmake_clean_first' from command line to 'False'
[0.285s] Level 5:colcon.colcon_core.verb:set package 'bxi_example_py_trunk' build argument 'cmake_force_configure' from command line to 'False'
[0.285s] Level 5:colcon.colcon_core.verb:set package 'bxi_example_py_trunk' build argument 'ament_cmake_args' from command line to 'None'
[0.285s] Level 5:colcon.colcon_core.verb:set package 'bxi_example_py_trunk' build argument 'catkin_cmake_args' from command line to 'None'
[0.285s] Level 5:colcon.colcon_core.verb:set package 'bxi_example_py_trunk' build argument 'catkin_skip_building_tests' from command line to 'False'
[0.285s] DEBUG:colcon.colcon_core.verb:Building package 'bxi_example_py_trunk' with the following arguments: {'ament_cmake_args': None, 'build_base': '/home/tang/code/control/build/bxi_example_py_trunk', 'catkin_cmake_args': None, 'catkin_skip_building_tests': False, 'cmake_args': None, 'cmake_clean_cache': False, 'cmake_clean_first': False, 'cmake_force_configure': False, 'cmake_target': None, 'cmake_target_skip_unavailable': False, 'install_base': '/home/tang/code/control/install/bxi_example_py_trunk', 'merge_install': False, 'path': '/home/tang/code/control/bxi_rl_controller_ros2_example/src/bxi_example_py_trunk', 'symlink_install': False, 'test_result_base': None}
[0.286s] Level 5:colcon.colcon_core.verb:set package 'bxi_example_py_trunk_neck' build argument 'cmake_args' from command line to 'None'
[0.286s] Level 5:colcon.colcon_core.verb:set package 'bxi_example_py_trunk_neck' build argument 'cmake_target' from command line to 'None'
[0.286s] Level 5:colcon.colcon_core.verb:set package 'bxi_example_py_trunk_neck' build argument 'cmake_target_skip_unavailable' from command line to 'False'
[0.286s] Level 5:colcon.colcon_core.verb:set package 'bxi_example_py_trunk_neck' build argument 'cmake_clean_cache' from command line to 'False'
[0.286s] Level 5:colcon.colcon_core.verb:set package 'bxi_example_py_trunk_neck' build argument 'cmake_clean_first' from command line to 'False'
[0.286s] Level 5:colcon.colcon_core.verb:set package 'bxi_example_py_trunk_neck' build argument 'cmake_force_configure' from command line to 'False'
[0.286s] Level 5:colcon.colcon_core.verb:set package 'bxi_example_py_trunk_neck' build argument 'ament_cmake_args' from command line to 'None'
[0.286s] Level 5:colcon.colcon_core.verb:set package 'bxi_example_py_trunk_neck' build argument 'catkin_cmake_args' from command line to 'None'
[0.286s] Level 5:colcon.colcon_core.verb:set package 'bxi_example_py_trunk_neck' build argument 'catkin_skip_building_tests' from command line to 'False'
[0.286s] DEBUG:colcon.colcon_core.verb:Building package 'bxi_example_py_trunk_neck' with the following arguments: {'ament_cmake_args': None, 'build_base': '/home/tang/code/control/build/bxi_example_py_trunk_neck', 'catkin_cmake_args': None, 'catkin_skip_building_tests': False, 'cmake_args': None, 'cmake_clean_cache': False, 'cmake_clean_first': False, 'cmake_force_configure': False, 'cmake_target': None, 'cmake_target_skip_unavailable': False, 'install_base': '/home/tang/code/control/install/bxi_example_py_trunk_neck', 'merge_install': False, 'path': '/home/tang/code/control/bxi_rl_controller_ros2_example/src/bxi_example_py_trunk_neck', 'symlink_install': False, 'test_result_base': None}
[0.286s] Level 5:colcon.colcon_core.verb:set package 'remote_controller' build argument 'cmake_args' from command line to 'None'
[0.286s] Level 5:colcon.colcon_core.verb:set package 'remote_controller' build argument 'cmake_target' from command line to 'None'
[0.286s] Level 5:colcon.colcon_core.verb:set package 'remote_controller' build argument 'cmake_target_skip_unavailable' from command line to 'False'
[0.286s] Level 5:colcon.colcon_core.verb:set package 'remote_controller' build argument 'cmake_clean_cache' from command line to 'False'
[0.286s] Level 5:colcon.colcon_core.verb:set package 'remote_controller' build argument 'cmake_clean_first' from command line to 'False'
[0.286s] Level 5:colcon.colcon_core.verb:set package 'remote_controller' build argument 'cmake_force_configure' from command line to 'False'
[0.286s] Level 5:colcon.colcon_core.verb:set package 'remote_controller' build argument 'ament_cmake_args' from command line to 'None'
[0.286s] Level 5:colcon.colcon_core.verb:set package 'remote_controller' build argument 'catkin_cmake_args' from command line to 'None'
[0.286s] Level 5:colcon.colcon_core.verb:set package 'remote_controller' build argument 'catkin_skip_building_tests' from command line to 'False'
[0.286s] DEBUG:colcon.colcon_core.verb:Building package 'remote_controller' with the following arguments: {'ament_cmake_args': None, 'build_base': '/home/tang/code/control/build/remote_controller', 'catkin_cmake_args': None, 'catkin_skip_building_tests': False, 'cmake_args': None, 'cmake_clean_cache': False, 'cmake_clean_first': False, 'cmake_force_configure': False, 'cmake_target': None, 'cmake_target_skip_unavailable': False, 'install_base': '/home/tang/code/control/install/remote_controller', 'merge_install': False, 'path': '/home/tang/code/control/bxi_rl_controller_ros2_example/src/remote_controller', 'symlink_install': False, 'test_result_base': None}
[0.286s] INFO:colcon.colcon_core.executor:Executing jobs using 'parallel' executor
[0.287s] DEBUG:colcon.colcon_parallel_executor.executor.parallel:run_until_complete
[0.288s] INFO:colcon.colcon_ros.task.ament_python.build:Building ROS package in '/home/tang/code/control/bxi_rl_controller_ros2_example/src/bxi_example_py' with build type 'ament_python'
[0.288s] Level 1:colcon.colcon_core.shell:create_environment_hook('bxi_example_py', 'ament_prefix_path')
[0.289s] INFO:colcon.colcon_core.plugin_system:Skipping extension 'colcon_core.shell.bat': Not used on non-Windows systems
[0.289s] INFO:colcon.colcon_core.shell:Creating environment hook '/home/tang/code/control/install/bxi_example_py/share/bxi_example_py/hook/ament_prefix_path.ps1'
[0.290s] INFO:colcon.colcon_core.shell:Creating environment descriptor '/home/tang/code/control/install/bxi_example_py/share/bxi_example_py/hook/ament_prefix_path.dsv'
[0.290s] INFO:colcon.colcon_core.shell:Creating environment hook '/home/tang/code/control/install/bxi_example_py/share/bxi_example_py/hook/ament_prefix_path.sh'
[0.291s] INFO:colcon.colcon_core.shell:Skip shell extension 'powershell' for command environment: Not usable outside of PowerShell
[0.291s] DEBUG:colcon.colcon_core.shell:Skip shell extension 'dsv' for command environment
[0.293s] INFO:colcon.colcon_ros.task.ament_python.build:Building ROS package in '/home/tang/code/control/bxi_rl_controller_ros2_example/src/bxi_example_py_ankle' with build type 'ament_python'
[0.293s] Level 1:colcon.colcon_core.shell:create_environment_hook('bxi_example_py_ankle', 'ament_prefix_path')
[0.294s] INFO:colcon.colcon_core.shell:Creating environment hook '/home/tang/code/control/install/bxi_example_py_ankle/share/bxi_example_py_ankle/hook/ament_prefix_path.ps1'
[0.294s] INFO:colcon.colcon_core.shell:Creating environment descriptor '/home/tang/code/control/install/bxi_example_py_ankle/share/bxi_example_py_ankle/hook/ament_prefix_path.dsv'
[0.294s] INFO:colcon.colcon_core.shell:Creating environment hook '/home/tang/code/control/install/bxi_example_py_ankle/share/bxi_example_py_ankle/hook/ament_prefix_path.sh'
[0.295s] INFO:colcon.colcon_core.shell:Skip shell extension 'powershell' for command environment: Not usable outside of PowerShell
[0.295s] DEBUG:colcon.colcon_core.shell:Skip shell extension 'dsv' for command environment
[0.297s] INFO:colcon.colcon_ros.task.ament_python.build:Building ROS package in '/home/tang/code/control/bxi_rl_controller_ros2_example/src/bxi_example_py_trunk' with build type 'ament_python'
[0.297s] Level 1:colcon.colcon_core.shell:create_environment_hook('bxi_example_py_trunk', 'ament_prefix_path')
[0.297s] INFO:colcon.colcon_core.shell:Creating environment hook '/home/tang/code/control/install/bxi_example_py_trunk/share/bxi_example_py_trunk/hook/ament_prefix_path.ps1'
[0.298s] INFO:colcon.colcon_core.shell:Creating environment descriptor '/home/tang/code/control/install/bxi_example_py_trunk/share/bxi_example_py_trunk/hook/ament_prefix_path.dsv'
[0.298s] INFO:colcon.colcon_core.shell:Creating environment hook '/home/tang/code/control/install/bxi_example_py_trunk/share/bxi_example_py_trunk/hook/ament_prefix_path.sh'
[0.298s] INFO:colcon.colcon_core.shell:Skip shell extension 'powershell' for command environment: Not usable outside of PowerShell
[0.298s] DEBUG:colcon.colcon_core.shell:Skip shell extension 'dsv' for command environment
[0.301s] INFO:colcon.colcon_ros.task.ament_python.build:Building ROS package in '/home/tang/code/control/bxi_rl_controller_ros2_example/src/bxi_example_py_trunk_neck' with build type 'ament_python'
[0.302s] Level 1:colcon.colcon_core.shell:create_environment_hook('bxi_example_py_trunk_neck', 'ament_prefix_path')
[0.302s] INFO:colcon.colcon_core.shell:Creating environment hook '/home/tang/code/control/install/bxi_example_py_trunk_neck/share/bxi_example_py_trunk_neck/hook/ament_prefix_path.ps1'
[0.303s] INFO:colcon.colcon_core.shell:Creating environment descriptor '/home/tang/code/control/install/bxi_example_py_trunk_neck/share/bxi_example_py_trunk_neck/hook/ament_prefix_path.dsv'
[0.303s] INFO:colcon.colcon_core.shell:Creating environment hook '/home/tang/code/control/install/bxi_example_py_trunk_neck/share/bxi_example_py_trunk_neck/hook/ament_prefix_path.sh'
[0.303s] INFO:colcon.colcon_core.shell:Skip shell extension 'powershell' for command environment: Not usable outside of PowerShell
[0.304s] DEBUG:colcon.colcon_core.shell:Skip shell extension 'dsv' for command environment
[0.306s] INFO:colcon.colcon_ros.task.ament_cmake.build:Building ROS package in '/home/tang/code/control/bxi_rl_controller_ros2_example/src/remote_controller' with build type 'ament_cmake'
[0.306s] INFO:colcon.colcon_cmake.task.cmake.build:Building CMake package in '/home/tang/code/control/bxi_rl_controller_ros2_example/src/remote_controller'
[0.307s] INFO:colcon.colcon_core.shell:Skip shell extension 'powershell' for command environment: Not usable outside of PowerShell
[0.307s] DEBUG:colcon.colcon_core.shell:Skip shell extension 'dsv' for command environment
[0.519s] INFO:colcon.colcon_core.task.python.build:Building Python package in '/home/tang/code/control/bxi_rl_controller_ros2_example/src/bxi_example_py'
[0.520s] INFO:colcon.colcon_core.shell:Skip shell extension 'powershell' for command environment: Not usable outside of PowerShell
[0.520s] DEBUG:colcon.colcon_core.shell:Skip shell extension 'dsv' for command environment
[0.720s] INFO:colcon.colcon_core.task.python.build:Building Python package in '/home/tang/code/control/bxi_rl_controller_ros2_example/src/bxi_example_py_ankle'
[0.720s] INFO:colcon.colcon_core.shell:Skip shell extension 'powershell' for command environment: Not usable outside of PowerShell
[0.720s] DEBUG:colcon.colcon_core.shell:Skip shell extension 'dsv' for command environment
[0.914s] INFO:colcon.colcon_core.task.python.build:Building Python package in '/home/tang/code/control/bxi_rl_controller_ros2_example/src/bxi_example_py_trunk'
[0.914s] INFO:colcon.colcon_core.shell:Skip shell extension 'powershell' for command environment: Not usable outside of PowerShell
[0.914s] DEBUG:colcon.colcon_core.shell:Skip shell extension 'dsv' for command environment
[1.113s] INFO:colcon.colcon_core.task.python.build:Building Python package in '/home/tang/code/control/bxi_rl_controller_ros2_example/src/bxi_example_py_trunk_neck'
[1.114s] INFO:colcon.colcon_core.shell:Skip shell extension 'powershell' for command environment: Not usable outside of PowerShell
[1.114s] DEBUG:colcon.colcon_core.shell:Skip shell extension 'dsv' for command environment
[1.119s] DEBUG:colcon.colcon_core.event_handler.log_command:Invoking command in '/home/tang/code/control/build/remote_controller': CMAKE_PREFIX_PATH=${CMAKE_PREFIX_PATH}:/opt/ros/humble /usr/bin/cmake /home/tang/code/control/bxi_rl_controller_ros2_example/src/remote_controller -DCMAKE_INSTALL_PREFIX=/home/tang/code/control/install/remote_controller
[1.430s] DEBUG:colcon.colcon_core.event_handler.log_command:Invoking command in '/home/tang/code/control/bxi_rl_controller_ros2_example/src/bxi_example_py_trunk': PYTHONPATH=/home/tang/code/control/build/bxi_example_py_trunk/prefix_override:/usr/lib/python3/dist-packages/colcon_core/task/python/colcon_distutils_commands:/home/tang/code/control/install/bxi_example_py_trunk/lib/python3.10/site-packages:${PYTHONPATH} /usr/bin/python3 -W ignore:setup.py install is deprecated -W ignore:easy_install command is deprecated setup.py egg_info --egg-base ../../../build/bxi_example_py_trunk build --build-base /home/tang/code/control/build/bxi_example_py_trunk/build install --record /home/tang/code/control/build/bxi_example_py_trunk/install.log --single-version-externally-managed install_data
[1.432s] DEBUG:colcon.colcon_core.event_handler.log_command:Invoking command in '/home/tang/code/control/bxi_rl_controller_ros2_example/src/bxi_example_py': PYTHONPATH=/home/tang/code/control/build/bxi_example_py/prefix_override:/usr/lib/python3/dist-packages/colcon_core/task/python/colcon_distutils_commands:/home/tang/code/control/install/bxi_example_py/lib/python3.10/site-packages:${PYTHONPATH} /usr/bin/python3 -W ignore:setup.py install is deprecated -W ignore:easy_install command is deprecated setup.py egg_info --egg-base ../../../build/bxi_example_py build --build-base /home/tang/code/control/build/bxi_example_py/build install --record /home/tang/code/control/build/bxi_example_py/install.log --single-version-externally-managed install_data
[1.443s] DEBUG:colcon.colcon_core.event_handler.log_command:Invoking command in '/home/tang/code/control/bxi_rl_controller_ros2_example/src/bxi_example_py_trunk_neck': PYTHONPATH=/home/tang/code/control/build/bxi_example_py_trunk_neck/prefix_override:/usr/lib/python3/dist-packages/colcon_core/task/python/colcon_distutils_commands:/home/tang/code/control/install/bxi_example_py_trunk_neck/lib/python3.10/site-packages:${PYTHONPATH} /usr/bin/python3 -W ignore:setup.py install is deprecated -W ignore:easy_install command is deprecated setup.py egg_info --egg-base ../../../build/bxi_example_py_trunk_neck build --build-base /home/tang/code/control/build/bxi_example_py_trunk_neck/build install --record /home/tang/code/control/build/bxi_example_py_trunk_neck/install.log --single-version-externally-managed install_data
[1.451s] DEBUG:colcon.colcon_core.event_handler.log_command:Invoking command in '/home/tang/code/control/bxi_rl_controller_ros2_example/src/bxi_example_py_ankle': PYTHONPATH=/home/tang/code/control/build/bxi_example_py_ankle/prefix_override:/usr/lib/python3/dist-packages/colcon_core/task/python/colcon_distutils_commands:/home/tang/code/control/install/bxi_example_py_ankle/lib/python3.10/site-packages:${PYTHONPATH} /usr/bin/python3 -W ignore:setup.py install is deprecated -W ignore:easy_install command is deprecated setup.py egg_info --egg-base ../../../build/bxi_example_py_ankle build --build-base /home/tang/code/control/build/bxi_example_py_ankle/build install --record /home/tang/code/control/build/bxi_example_py_ankle/install.log --single-version-externally-managed install_data
[1.718s] DEBUG:colcon.colcon_core.event_handler.log_command:Invoked command in '/home/tang/code/control/bxi_rl_controller_ros2_example/src/bxi_example_py_trunk' returned '0': PYTHONPATH=/home/tang/code/control/build/bxi_example_py_trunk/prefix_override:/usr/lib/python3/dist-packages/colcon_core/task/python/colcon_distutils_commands:/home/tang/code/control/install/bxi_example_py_trunk/lib/python3.10/site-packages:${PYTHONPATH} /usr/bin/python3 -W ignore:setup.py install is deprecated -W ignore:easy_install command is deprecated setup.py egg_info --egg-base ../../../build/bxi_example_py_trunk build --build-base /home/tang/code/control/build/bxi_example_py_trunk/build install --record /home/tang/code/control/build/bxi_example_py_trunk/install.log --single-version-externally-managed install_data
[1.719s] Level 1:colcon.colcon_core.environment:checking '/home/tang/code/control/install/bxi_example_py_trunk' for CMake module files
[1.720s] Level 1:colcon.colcon_core.environment:checking '/home/tang/code/control/install/bxi_example_py_trunk' for CMake config files
[1.720s] Level 1:colcon.colcon_core.environment:checking '/home/tang/code/control/install/bxi_example_py_trunk/lib'
[1.720s] Level 1:colcon.colcon_core.environment:checking '/home/tang/code/control/install/bxi_example_py_trunk/bin'
[1.721s] Level 1:colcon.colcon_core.environment:checking '/home/tang/code/control/install/bxi_example_py_trunk/lib/pkgconfig/bxi_example_py_trunk.pc'
[1.721s] Level 1:colcon.colcon_core.environment:checking '/home/tang/code/control/install/bxi_example_py_trunk/lib/python3.10/site-packages'
[1.721s] Level 1:colcon.colcon_core.shell:create_environment_hook('bxi_example_py_trunk', 'pythonpath')
[1.721s] INFO:colcon.colcon_core.shell:Creating environment hook '/home/tang/code/control/install/bxi_example_py_trunk/share/bxi_example_py_trunk/hook/pythonpath.ps1'
[1.722s] INFO:colcon.colcon_core.shell:Creating environment descriptor '/home/tang/code/control/install/bxi_example_py_trunk/share/bxi_example_py_trunk/hook/pythonpath.dsv'
[1.722s] INFO:colcon.colcon_core.shell:Creating environment hook '/home/tang/code/control/install/bxi_example_py_trunk/share/bxi_example_py_trunk/hook/pythonpath.sh'
[1.723s] Level 1:colcon.colcon_core.environment:checking '/home/tang/code/control/install/bxi_example_py_trunk/bin'
[1.723s] Level 1:colcon.colcon_core.environment:create_environment_scripts_only(bxi_example_py_trunk)
[1.723s] INFO:colcon.colcon_core.shell:Creating package script '/home/tang/code/control/install/bxi_example_py_trunk/share/bxi_example_py_trunk/package.ps1'
[1.724s] INFO:colcon.colcon_core.shell:Creating package descriptor '/home/tang/code/control/install/bxi_example_py_trunk/share/bxi_example_py_trunk/package.dsv'
[1.724s] INFO:colcon.colcon_core.shell:Creating package script '/home/tang/code/control/install/bxi_example_py_trunk/share/bxi_example_py_trunk/package.sh'
[1.725s] INFO:colcon.colcon_core.shell:Creating package script '/home/tang/code/control/install/bxi_example_py_trunk/share/bxi_example_py_trunk/package.bash'
[1.725s] INFO:colcon.colcon_core.shell:Creating package script '/home/tang/code/control/install/bxi_example_py_trunk/share/bxi_example_py_trunk/package.zsh'
[1.726s] Level 1:colcon.colcon_core.environment:create_file_with_runtime_dependencies(/home/tang/code/control/install/bxi_example_py_trunk/share/colcon-core/packages/bxi_example_py_trunk)
[1.727s] Level 1:colcon.colcon_core.environment:checking '/home/tang/code/control/install/bxi_example_py' for CMake module files
[1.728s] DEBUG:colcon.colcon_core.event_handler.log_command:Invoked command in '/home/tang/code/control/bxi_rl_controller_ros2_example/src/bxi_example_py' returned '0': PYTHONPATH=/home/tang/code/control/build/bxi_example_py/prefix_override:/usr/lib/python3/dist-packages/colcon_core/task/python/colcon_distutils_commands:/home/tang/code/control/install/bxi_example_py/lib/python3.10/site-packages:${PYTHONPATH} /usr/bin/python3 -W ignore:setup.py install is deprecated -W ignore:easy_install command is deprecated setup.py egg_info --egg-base ../../../build/bxi_example_py build --build-base /home/tang/code/control/build/bxi_example_py/build install --record /home/tang/code/control/build/bxi_example_py/install.log --single-version-externally-managed install_data
[1.728s] Level 1:colcon.colcon_core.environment:checking '/home/tang/code/control/install/bxi_example_py' for CMake config files
[1.729s] Level 1:colcon.colcon_core.environment:checking '/home/tang/code/control/install/bxi_example_py/lib'
[1.729s] Level 1:colcon.colcon_core.environment:checking '/home/tang/code/control/install/bxi_example_py/bin'
[1.729s] Level 1:colcon.colcon_core.environment:checking '/home/tang/code/control/install/bxi_example_py/lib/pkgconfig/bxi_example_py.pc'
[1.729s] Level 1:colcon.colcon_core.environment:checking '/home/tang/code/control/install/bxi_example_py/lib/python3.10/site-packages'
[1.729s] Level 1:colcon.colcon_core.shell:create_environment_hook('bxi_example_py', 'pythonpath')
[1.729s] INFO:colcon.colcon_core.shell:Creating environment hook '/home/tang/code/control/install/bxi_example_py/share/bxi_example_py/hook/pythonpath.ps1'
[1.729s] INFO:colcon.colcon_core.shell:Creating environment descriptor '/home/tang/code/control/install/bxi_example_py/share/bxi_example_py/hook/pythonpath.dsv'
[1.730s] INFO:colcon.colcon_core.shell:Creating environment hook '/home/tang/code/control/install/bxi_example_py/share/bxi_example_py/hook/pythonpath.sh'
[1.730s] Level 1:colcon.colcon_core.environment:checking '/home/tang/code/control/install/bxi_example_py/bin'
[1.730s] Level 1:colcon.colcon_core.environment:create_environment_scripts_only(bxi_example_py)
[1.730s] INFO:colcon.colcon_core.shell:Creating package script '/home/tang/code/control/install/bxi_example_py/share/bxi_example_py/package.ps1'
[1.731s] INFO:colcon.colcon_core.shell:Creating package descriptor '/home/tang/code/control/install/bxi_example_py/share/bxi_example_py/package.dsv'
[1.731s] INFO:colcon.colcon_core.shell:Creating package script '/home/tang/code/control/install/bxi_example_py/share/bxi_example_py/package.sh'
[1.732s] INFO:colcon.colcon_core.shell:Creating package script '/home/tang/code/control/install/bxi_example_py/share/bxi_example_py/package.bash'
[1.732s] INFO:colcon.colcon_core.shell:Creating package script '/home/tang/code/control/install/bxi_example_py/share/bxi_example_py/package.zsh'
[1.732s] Level 1:colcon.colcon_core.environment:create_file_with_runtime_dependencies(/home/tang/code/control/install/bxi_example_py/share/colcon-core/packages/bxi_example_py)
[1.733s] Level 1:colcon.colcon_core.environment:checking '/home/tang/code/control/install/bxi_example_py_trunk_neck' for CMake module files
[1.734s] DEBUG:colcon.colcon_core.event_handler.log_command:Invoked command in '/home/tang/code/control/bxi_rl_controller_ros2_example/src/bxi_example_py_trunk_neck' returned '0': PYTHONPATH=/home/tang/code/control/build/bxi_example_py_trunk_neck/prefix_override:/usr/lib/python3/dist-packages/colcon_core/task/python/colcon_distutils_commands:/home/tang/code/control/install/bxi_example_py_trunk_neck/lib/python3.10/site-packages:${PYTHONPATH} /usr/bin/python3 -W ignore:setup.py install is deprecated -W ignore:easy_install command is deprecated setup.py egg_info --egg-base ../../../build/bxi_example_py_trunk_neck build --build-base /home/tang/code/control/build/bxi_example_py_trunk_neck/build install --record /home/tang/code/control/build/bxi_example_py_trunk_neck/install.log --single-version-externally-managed install_data
[1.734s] Level 1:colcon.colcon_core.environment:checking '/home/tang/code/control/install/bxi_example_py_trunk_neck' for CMake config files
[1.735s] Level 1:colcon.colcon_core.environment:checking '/home/tang/code/control/install/bxi_example_py_trunk_neck/lib'
[1.735s] Level 1:colcon.colcon_core.environment:checking '/home/tang/code/control/install/bxi_example_py_trunk_neck/bin'
[1.735s] Level 1:colcon.colcon_core.environment:checking '/home/tang/code/control/install/bxi_example_py_trunk_neck/lib/pkgconfig/bxi_example_py_trunk_neck.pc'
[1.735s] Level 1:colcon.colcon_core.environment:checking '/home/tang/code/control/install/bxi_example_py_trunk_neck/lib/python3.10/site-packages'
[1.735s] Level 1:colcon.colcon_core.shell:create_environment_hook('bxi_example_py_trunk_neck', 'pythonpath')
[1.735s] INFO:colcon.colcon_core.shell:Creating environment hook '/home/tang/code/control/install/bxi_example_py_trunk_neck/share/bxi_example_py_trunk_neck/hook/pythonpath.ps1'
[1.736s] INFO:colcon.colcon_core.shell:Creating environment descriptor '/home/tang/code/control/install/bxi_example_py_trunk_neck/share/bxi_example_py_trunk_neck/hook/pythonpath.dsv'
[1.736s] INFO:colcon.colcon_core.shell:Creating environment hook '/home/tang/code/control/install/bxi_example_py_trunk_neck/share/bxi_example_py_trunk_neck/hook/pythonpath.sh'
[1.736s] Level 1:colcon.colcon_core.environment:checking '/home/tang/code/control/install/bxi_example_py_trunk_neck/bin'
[1.736s] Level 1:colcon.colcon_core.environment:create_environment_scripts_only(bxi_example_py_trunk_neck)
[1.737s] INFO:colcon.colcon_core.shell:Creating package script '/home/tang/code/control/install/bxi_example_py_trunk_neck/share/bxi_example_py_trunk_neck/package.ps1'
[1.737s] INFO:colcon.colcon_core.shell:Creating package descriptor '/home/tang/code/control/install/bxi_example_py_trunk_neck/share/bxi_example_py_trunk_neck/package.dsv'
[1.738s] INFO:colcon.colcon_core.shell:Creating package script '/home/tang/code/control/install/bxi_example_py_trunk_neck/share/bxi_example_py_trunk_neck/package.sh'
[1.738s] INFO:colcon.colcon_core.shell:Creating package script '/home/tang/code/control/install/bxi_example_py_trunk_neck/share/bxi_example_py_trunk_neck/package.bash'
[1.738s] INFO:colcon.colcon_core.shell:Creating package script '/home/tang/code/control/install/bxi_example_py_trunk_neck/share/bxi_example_py_trunk_neck/package.zsh'
[1.739s] Level 1:colcon.colcon_core.environment:create_file_with_runtime_dependencies(/home/tang/code/control/install/bxi_example_py_trunk_neck/share/colcon-core/packages/bxi_example_py_trunk_neck)
[1.740s] Level 1:colcon.colcon_core.environment:checking '/home/tang/code/control/install/bxi_example_py_ankle' for CMake module files
[1.740s] DEBUG:colcon.colcon_core.event_handler.log_command:Invoked command in '/home/tang/code/control/bxi_rl_controller_ros2_example/src/bxi_example_py_ankle' returned '0': PYTHONPATH=/home/tang/code/control/build/bxi_example_py_ankle/prefix_override:/usr/lib/python3/dist-packages/colcon_core/task/python/colcon_distutils_commands:/home/tang/code/control/install/bxi_example_py_ankle/lib/python3.10/site-packages:${PYTHONPATH} /usr/bin/python3 -W ignore:setup.py install is deprecated -W ignore:easy_install command is deprecated setup.py egg_info --egg-base ../../../build/bxi_example_py_ankle build --build-base /home/tang/code/control/build/bxi_example_py_ankle/build install --record /home/tang/code/control/build/bxi_example_py_ankle/install.log --single-version-externally-managed install_data
[1.741s] Level 1:colcon.colcon_core.environment:checking '/home/tang/code/control/install/bxi_example_py_ankle' for CMake config files
[1.741s] Level 1:colcon.colcon_core.environment:checking '/home/tang/code/control/install/bxi_example_py_ankle/lib'
[1.741s] Level 1:colcon.colcon_core.environment:checking '/home/tang/code/control/install/bxi_example_py_ankle/bin'
[1.741s] Level 1:colcon.colcon_core.environment:checking '/home/tang/code/control/install/bxi_example_py_ankle/lib/pkgconfig/bxi_example_py_ankle.pc'
[1.741s] Level 1:colcon.colcon_core.environment:checking '/home/tang/code/control/install/bxi_example_py_ankle/lib/python3.10/site-packages'
[1.741s] Level 1:colcon.colcon_core.shell:create_environment_hook('bxi_example_py_ankle', 'pythonpath')
[1.742s] INFO:colcon.colcon_core.shell:Creating environment hook '/home/tang/code/control/install/bxi_example_py_ankle/share/bxi_example_py_ankle/hook/pythonpath.ps1'
[1.742s] INFO:colcon.colcon_core.shell:Creating environment descriptor '/home/tang/code/control/install/bxi_example_py_ankle/share/bxi_example_py_ankle/hook/pythonpath.dsv'
[1.742s] INFO:colcon.colcon_core.shell:Creating environment hook '/home/tang/code/control/install/bxi_example_py_ankle/share/bxi_example_py_ankle/hook/pythonpath.sh'
[1.743s] Level 1:colcon.colcon_core.environment:checking '/home/tang/code/control/install/bxi_example_py_ankle/bin'
[1.743s] Level 1:colcon.colcon_core.environment:create_environment_scripts_only(bxi_example_py_ankle)
[1.743s] INFO:colcon.colcon_core.shell:Creating package script '/home/tang/code/control/install/bxi_example_py_ankle/share/bxi_example_py_ankle/package.ps1'
[1.743s] INFO:colcon.colcon_core.shell:Creating package descriptor '/home/tang/code/control/install/bxi_example_py_ankle/share/bxi_example_py_ankle/package.dsv'
[1.744s] INFO:colcon.colcon_core.shell:Creating package script '/home/tang/code/control/install/bxi_example_py_ankle/share/bxi_example_py_ankle/package.sh'
[1.744s] INFO:colcon.colcon_core.shell:Creating package script '/home/tang/code/control/install/bxi_example_py_ankle/share/bxi_example_py_ankle/package.bash'
[1.744s] INFO:colcon.colcon_core.shell:Creating package script '/home/tang/code/control/install/bxi_example_py_ankle/share/bxi_example_py_ankle/package.zsh'
[1.745s] Level 1:colcon.colcon_core.environment:create_file_with_runtime_dependencies(/home/tang/code/control/install/bxi_example_py_ankle/share/colcon-core/packages/bxi_example_py_ankle)
[2.259s] DEBUG:colcon.colcon_core.event_handler.log_command:Invoked command in '/home/tang/code/control/build/remote_controller' returned '0': CMAKE_PREFIX_PATH=${CMAKE_PREFIX_PATH}:/opt/ros/humble /usr/bin/cmake /home/tang/code/control/bxi_rl_controller_ros2_example/src/remote_controller -DCMAKE_INSTALL_PREFIX=/home/tang/code/control/install/remote_controller
[2.261s] DEBUG:colcon.colcon_core.event_handler.log_command:Invoking command in '/home/tang/code/control/build/remote_controller': CMAKE_PREFIX_PATH=${CMAKE_PREFIX_PATH}:/opt/ros/humble /usr/bin/cmake --build /home/tang/code/control/build/remote_controller -- -j16 -l16
[6.280s] DEBUG:colcon.colcon_core.event_handler.log_command:Invoked command in '/home/tang/code/control/build/remote_controller' returned '0': CMAKE_PREFIX_PATH=${CMAKE_PREFIX_PATH}:/opt/ros/humble /usr/bin/cmake --build /home/tang/code/control/build/remote_controller -- -j16 -l16
[6.290s] DEBUG:colcon.colcon_core.event_handler.log_command:Invoking command in '/home/tang/code/control/build/remote_controller': CMAKE_PREFIX_PATH=${CMAKE_PREFIX_PATH}:/opt/ros/humble /usr/bin/cmake --install /home/tang/code/control/build/remote_controller
[6.301s] Level 1:colcon.colcon_core.environment:create_environment_scripts_only(remote_controller)
[6.301s] Level 1:colcon.colcon_core.environment:checking '/home/tang/code/control/install/remote_controller' for CMake module files
[6.302s] DEBUG:colcon.colcon_core.event_handler.log_command:Invoked command in '/home/tang/code/control/build/remote_controller' returned '0': CMAKE_PREFIX_PATH=${CMAKE_PREFIX_PATH}:/opt/ros/humble /usr/bin/cmake --install /home/tang/code/control/build/remote_controller
[6.302s] Level 1:colcon.colcon_core.environment:checking '/home/tang/code/control/install/remote_controller' for CMake config files
[6.302s] Level 1:colcon.colcon_core.shell:create_environment_hook('remote_controller', 'cmake_prefix_path')
[6.302s] INFO:colcon.colcon_core.shell:Creating environment hook '/home/tang/code/control/install/remote_controller/share/remote_controller/hook/cmake_prefix_path.ps1'
[6.303s] INFO:colcon.colcon_core.shell:Creating environment descriptor '/home/tang/code/control/install/remote_controller/share/remote_controller/hook/cmake_prefix_path.dsv'
[6.303s] INFO:colcon.colcon_core.shell:Creating environment hook '/home/tang/code/control/install/remote_controller/share/remote_controller/hook/cmake_prefix_path.sh'
[6.304s] Level 1:colcon.colcon_core.environment:checking '/home/tang/code/control/install/remote_controller/lib'
[6.304s] Level 1:colcon.colcon_core.environment:checking '/home/tang/code/control/install/remote_controller/bin'
[6.304s] Level 1:colcon.colcon_core.environment:checking '/home/tang/code/control/install/remote_controller/lib/pkgconfig/remote_controller.pc'
[6.304s] Level 1:colcon.colcon_core.environment:checking '/home/tang/code/control/install/remote_controller/lib/python3.10/site-packages'
[6.304s] Level 1:colcon.colcon_core.environment:checking '/home/tang/code/control/install/remote_controller/bin'
[6.304s] INFO:colcon.colcon_core.shell:Creating package script '/home/tang/code/control/install/remote_controller/share/remote_controller/package.ps1'
[6.304s] INFO:colcon.colcon_core.shell:Creating package descriptor '/home/tang/code/control/install/remote_controller/share/remote_controller/package.dsv'
[6.305s] INFO:colcon.colcon_core.shell:Creating package script '/home/tang/code/control/install/remote_controller/share/remote_controller/package.sh'
[6.305s] INFO:colcon.colcon_core.shell:Creating package script '/home/tang/code/control/install/remote_controller/share/remote_controller/package.bash'
[6.305s] INFO:colcon.colcon_core.shell:Creating package script '/home/tang/code/control/install/remote_controller/share/remote_controller/package.zsh'
[6.306s] Level 1:colcon.colcon_core.environment:create_file_with_runtime_dependencies(/home/tang/code/control/install/remote_controller/share/colcon-core/packages/remote_controller)
[6.306s] Level 1:colcon.colcon_core.environment:create_environment_scripts_only(remote_controller)
[6.306s] Level 1:colcon.colcon_core.environment:checking '/home/tang/code/control/install/remote_controller' for CMake module files
[6.307s] Level 1:colcon.colcon_core.environment:checking '/home/tang/code/control/install/remote_controller' for CMake config files
[6.307s] Level 1:colcon.colcon_core.shell:create_environment_hook('remote_controller', 'cmake_prefix_path')
[6.307s] INFO:colcon.colcon_core.shell:Creating environment hook '/home/tang/code/control/install/remote_controller/share/remote_controller/hook/cmake_prefix_path.ps1'
[6.307s] INFO:colcon.colcon_core.shell:Creating environment descriptor '/home/tang/code/control/install/remote_controller/share/remote_controller/hook/cmake_prefix_path.dsv'
[6.307s] INFO:colcon.colcon_core.shell:Creating environment hook '/home/tang/code/control/install/remote_controller/share/remote_controller/hook/cmake_prefix_path.sh'
[6.308s] Level 1:colcon.colcon_core.environment:checking '/home/tang/code/control/install/remote_controller/lib'
[6.308s] Level 1:colcon.colcon_core.environment:checking '/home/tang/code/control/install/remote_controller/bin'
[6.308s] Level 1:colcon.colcon_core.environment:checking '/home/tang/code/control/install/remote_controller/lib/pkgconfig/remote_controller.pc'
[6.308s] Level 1:colcon.colcon_core.environment:checking '/home/tang/code/control/install/remote_controller/lib/python3.10/site-packages'
[6.308s] Level 1:colcon.colcon_core.environment:checking '/home/tang/code/control/install/remote_controller/bin'
[6.309s] INFO:colcon.colcon_core.shell:Creating package script '/home/tang/code/control/install/remote_controller/share/remote_controller/package.ps1'
[6.309s] INFO:colcon.colcon_core.shell:Creating package descriptor '/home/tang/code/control/install/remote_controller/share/remote_controller/package.dsv'
[6.309s] INFO:colcon.colcon_core.shell:Creating package script '/home/tang/code/control/install/remote_controller/share/remote_controller/package.sh'
[6.310s] INFO:colcon.colcon_core.shell:Creating package script '/home/tang/code/control/install/remote_controller/share/remote_controller/package.bash'
[6.310s] INFO:colcon.colcon_core.shell:Creating package script '/home/tang/code/control/install/remote_controller/share/remote_controller/package.zsh'
[6.310s] Level 1:colcon.colcon_core.environment:create_file_with_runtime_dependencies(/home/tang/code/control/install/remote_controller/share/colcon-core/packages/remote_controller)
[6.310s] DEBUG:colcon.colcon_parallel_executor.executor.parallel:closing loop
[6.311s] DEBUG:colcon.colcon_parallel_executor.executor.parallel:loop closed
[6.311s] DEBUG:colcon.colcon_parallel_executor.executor.parallel:run_until_complete finished with '0'
[6.311s] DEBUG:colcon.colcon_core.event_reactor:joining thread
[6.315s] INFO:colcon.colcon_core.plugin_system:Skipping extension 'colcon_notification.desktop_notification.terminal_notifier': Not used on non-Darwin systems
[6.315s] INFO:colcon.colcon_core.plugin_system:Skipping extension 'colcon_notification.desktop_notification.win32': Not used on non-Windows systems
[6.315s] INFO:colcon.colcon_notification.desktop_notification:Sending desktop notification using 'notify2'
[6.326s] DEBUG:colcon.colcon_core.event_reactor:joined thread
[6.326s] INFO:colcon.colcon_core.shell:Creating prefix script '/home/tang/code/control/install/local_setup.ps1'
[6.328s] INFO:colcon.colcon_core.shell:Creating prefix util module '/home/tang/code/control/install/_local_setup_util_ps1.py'
[6.329s] INFO:colcon.colcon_core.shell:Creating prefix chain script '/home/tang/code/control/install/setup.ps1'
[6.330s] INFO:colcon.colcon_core.shell:Creating prefix script '/home/tang/code/control/install/local_setup.sh'
[6.330s] INFO:colcon.colcon_core.shell:Creating prefix util module '/home/tang/code/control/install/_local_setup_util_sh.py'
[6.330s] INFO:colcon.colcon_core.shell:Creating prefix chain script '/home/tang/code/control/install/setup.sh'
[6.331s] INFO:colcon.colcon_core.shell:Creating prefix script '/home/tang/code/control/install/local_setup.bash'
[6.332s] INFO:colcon.colcon_core.shell:Creating prefix chain script '/home/tang/code/control/install/setup.bash'
[6.332s] INFO:colcon.colcon_core.shell:Creating prefix script '/home/tang/code/control/install/local_setup.zsh'
[6.333s] INFO:colcon.colcon_core.shell:Creating prefix chain script '/home/tang/code/control/install/setup.zsh'
