[0.426s] DEBUG:colcon:Command line arguments: ['/usr/bin/colcon', 'build']
[0.426s] DEBUG:colcon:Parsed command line arguments: Namespace(log_base=None, log_level=None, verb_name='build', build_base='build', install_base='install', merge_install=False, symlink_install=False, test_result_base=None, continue_on_error=False, executor='parallel', parallel_workers=16, event_handlers=None, ignore_user_meta=False, metas=['./colcon.meta'], base_paths=['.'], packages_ignore=None, packages_ignore_regex=None, paths=None, packages_up_to=None, packages_up_to_regex=None, packages_above=None, packages_above_and_dependencies=None, packages_above_depth=None, packages_select_by_dep=None, packages_skip_by_dep=None, packages_skip_up_to=None, packages_select_build_failed=False, packages_skip_build_finished=False, packages_select_test_failures=False, packages_skip_test_passed=False, packages_select=None, packages_skip=None, packages_select_regex=None, packages_skip_regex=None, packages_start=None, packages_end=None, allow_overriding=[], cmake_args=None, cmake_target=None, cmake_target_skip_unavailable=False, cmake_clean_cache=False, cmake_clean_first=False, cmake_force_configure=False, ament_cmake_args=None, catkin_cmake_args=None, catkin_skip_building_tests=False, verb_parser=<colcon_defaults.argument_parser.defaults.DefaultArgumentsDecorator object at 0x73e60a5ef280>, verb_extension=<colcon_core.verb.build.BuildVerb object at 0x73e60a5eed70>, main=<bound method BuildVerb.main of <colcon_core.verb.build.BuildVerb object at 0x73e60a5eed70>>)
[0.835s] Level 1:colcon.colcon_core.package_discovery:discover_packages(colcon_meta) check parameters
[0.835s] Level 1:colcon.colcon_core.package_discovery:discover_packages(recursive) check parameters
[0.835s] Level 1:colcon.colcon_core.package_discovery:discover_packages(ignore) check parameters
[0.835s] Level 1:colcon.colcon_core.package_discovery:discover_packages(path) check parameters
[0.835s] Level 1:colcon.colcon_core.package_discovery:discover_packages(colcon_meta) discover
[0.835s] Level 1:colcon.colcon_core.package_discovery:discover_packages(recursive) discover
[0.835s] INFO:colcon.colcon_core.package_discovery:Crawling recursively for packages in '/home/tang/code/control'
[0.835s] Level 1:colcon.colcon_core.package_identification:_identify(.) by extensions ['ignore', 'ignore_ament_install']
[0.835s] Level 1:colcon.colcon_core.package_identification:_identify(.) by extension 'ignore'
[0.835s] Level 1:colcon.colcon_core.package_identification:_identify(.) by extension 'ignore_ament_install'
[0.835s] Level 1:colcon.colcon_core.package_identification:_identify(.) by extensions ['colcon_pkg']
[0.835s] Level 1:colcon.colcon_core.package_identification:_identify(.) by extension 'colcon_pkg'
[0.835s] Level 1:colcon.colcon_core.package_identification:_identify(.) by extensions ['colcon_meta']
[0.835s] Level 1:colcon.colcon_core.package_identification:_identify(.) by extension 'colcon_meta'
[0.835s] Level 1:colcon.colcon_core.package_identification:_identify(.) by extensions ['ros']
[0.835s] Level 1:colcon.colcon_core.package_identification:_identify(.) by extension 'ros'
[0.845s] Level 1:colcon.colcon_core.package_identification:_identify(.) by extensions ['cmake', 'python']
[0.846s] Level 1:colcon.colcon_core.package_identification:_identify(.) by extension 'cmake'
[0.846s] Level 1:colcon.colcon_core.package_identification:_identify(.) by extension 'python'
[0.846s] Level 1:colcon.colcon_core.package_identification:_identify(.) by extensions ['python_setup_py']
[0.846s] Level 1:colcon.colcon_core.package_identification:_identify(.) by extension 'python_setup_py'
[0.846s] Level 1:colcon.colcon_core.package_identification:_identify(build) by extensions ['ignore', 'ignore_ament_install']
[0.846s] Level 1:colcon.colcon_core.package_identification:_identify(build) by extension 'ignore'
[0.846s] Level 1:colcon.colcon_core.package_identification:_identify(build) ignored
[0.846s] Level 1:colcon.colcon_core.package_identification:_identify(bxi_rl_controller_ros2_example) by extensions ['ignore', 'ignore_ament_install']
[0.846s] Level 1:colcon.colcon_core.package_identification:_identify(bxi_rl_controller_ros2_example) by extension 'ignore'
[0.846s] Level 1:colcon.colcon_core.package_identification:_identify(bxi_rl_controller_ros2_example) by extension 'ignore_ament_install'
[0.846s] Level 1:colcon.colcon_core.package_identification:_identify(bxi_rl_controller_ros2_example) by extensions ['colcon_pkg']
[0.846s] Level 1:colcon.colcon_core.package_identification:_identify(bxi_rl_controller_ros2_example) by extension 'colcon_pkg'
[0.846s] Level 1:colcon.colcon_core.package_identification:_identify(bxi_rl_controller_ros2_example) by extensions ['colcon_meta']
[0.846s] Level 1:colcon.colcon_core.package_identification:_identify(bxi_rl_controller_ros2_example) by extension 'colcon_meta'
[0.846s] Level 1:colcon.colcon_core.package_identification:_identify(bxi_rl_controller_ros2_example) by extensions ['ros']
[0.846s] Level 1:colcon.colcon_core.package_identification:_identify(bxi_rl_controller_ros2_example) by extension 'ros'
[0.846s] Level 1:colcon.colcon_core.package_identification:_identify(bxi_rl_controller_ros2_example) by extensions ['cmake', 'python']
[0.846s] Level 1:colcon.colcon_core.package_identification:_identify(bxi_rl_controller_ros2_example) by extension 'cmake'
[0.846s] Level 1:colcon.colcon_core.package_identification:_identify(bxi_rl_controller_ros2_example) by extension 'python'
[0.846s] Level 1:colcon.colcon_core.package_identification:_identify(bxi_rl_controller_ros2_example) by extensions ['python_setup_py']
[0.846s] Level 1:colcon.colcon_core.package_identification:_identify(bxi_rl_controller_ros2_example) by extension 'python_setup_py'
[0.847s] Level 1:colcon.colcon_core.package_identification:_identify(bxi_rl_controller_ros2_example/install) by extensions ['ignore', 'ignore_ament_install']
[0.847s] Level 1:colcon.colcon_core.package_identification:_identify(bxi_rl_controller_ros2_example/install) by extension 'ignore'
[0.847s] Level 1:colcon.colcon_core.package_identification:_identify(bxi_rl_controller_ros2_example/install) ignored
[0.847s] Level 1:colcon.colcon_core.package_identification:_identify(bxi_rl_controller_ros2_example/log) by extensions ['ignore', 'ignore_ament_install']
[0.847s] Level 1:colcon.colcon_core.package_identification:_identify(bxi_rl_controller_ros2_example/log) by extension 'ignore'
[0.847s] Level 1:colcon.colcon_core.package_identification:_identify(bxi_rl_controller_ros2_example/log) ignored
[0.847s] Level 1:colcon.colcon_core.package_identification:_identify(bxi_rl_controller_ros2_example/resources) by extensions ['ignore', 'ignore_ament_install']
[0.847s] Level 1:colcon.colcon_core.package_identification:_identify(bxi_rl_controller_ros2_example/resources) by extension 'ignore'
[0.847s] Level 1:colcon.colcon_core.package_identification:_identify(bxi_rl_controller_ros2_example/resources) by extension 'ignore_ament_install'
[0.847s] Level 1:colcon.colcon_core.package_identification:_identify(bxi_rl_controller_ros2_example/resources) by extensions ['colcon_pkg']
[0.847s] Level 1:colcon.colcon_core.package_identification:_identify(bxi_rl_controller_ros2_example/resources) by extension 'colcon_pkg'
[0.847s] Level 1:colcon.colcon_core.package_identification:_identify(bxi_rl_controller_ros2_example/resources) by extensions ['colcon_meta']
[0.847s] Level 1:colcon.colcon_core.package_identification:_identify(bxi_rl_controller_ros2_example/resources) by extension 'colcon_meta'
[0.847s] Level 1:colcon.colcon_core.package_identification:_identify(bxi_rl_controller_ros2_example/resources) by extensions ['ros']
[0.847s] Level 1:colcon.colcon_core.package_identification:_identify(bxi_rl_controller_ros2_example/resources) by extension 'ros'
[0.847s] Level 1:colcon.colcon_core.package_identification:_identify(bxi_rl_controller_ros2_example/resources) by extensions ['cmake', 'python']
[0.847s] Level 1:colcon.colcon_core.package_identification:_identify(bxi_rl_controller_ros2_example/resources) by extension 'cmake'
[0.847s] Level 1:colcon.colcon_core.package_identification:_identify(bxi_rl_controller_ros2_example/resources) by extension 'python'
[0.847s] Level 1:colcon.colcon_core.package_identification:_identify(bxi_rl_controller_ros2_example/resources) by extensions ['python_setup_py']
[0.847s] Level 1:colcon.colcon_core.package_identification:_identify(bxi_rl_controller_ros2_example/resources) by extension 'python_setup_py'
[0.848s] Level 1:colcon.colcon_core.package_identification:_identify(bxi_rl_controller_ros2_example/resources/elf2-ankle) by extensions ['ignore', 'ignore_ament_install']
[0.848s] Level 1:colcon.colcon_core.package_identification:_identify(bxi_rl_controller_ros2_example/resources/elf2-ankle) by extension 'ignore'
[0.848s] Level 1:colcon.colcon_core.package_identification:_identify(bxi_rl_controller_ros2_example/resources/elf2-ankle) by extension 'ignore_ament_install'
[0.848s] Level 1:colcon.colcon_core.package_identification:_identify(bxi_rl_controller_ros2_example/resources/elf2-ankle) by extensions ['colcon_pkg']
[0.848s] Level 1:colcon.colcon_core.package_identification:_identify(bxi_rl_controller_ros2_example/resources/elf2-ankle) by extension 'colcon_pkg'
[0.848s] Level 1:colcon.colcon_core.package_identification:_identify(bxi_rl_controller_ros2_example/resources/elf2-ankle) by extensions ['colcon_meta']
[0.848s] Level 1:colcon.colcon_core.package_identification:_identify(bxi_rl_controller_ros2_example/resources/elf2-ankle) by extension 'colcon_meta'
[0.848s] Level 1:colcon.colcon_core.package_identification:_identify(bxi_rl_controller_ros2_example/resources/elf2-ankle) by extensions ['ros']
[0.848s] Level 1:colcon.colcon_core.package_identification:_identify(bxi_rl_controller_ros2_example/resources/elf2-ankle) by extension 'ros'
[0.848s] Level 1:colcon.colcon_core.package_identification:_identify(bxi_rl_controller_ros2_example/resources/elf2-ankle) by extensions ['cmake', 'python']
[0.848s] Level 1:colcon.colcon_core.package_identification:_identify(bxi_rl_controller_ros2_example/resources/elf2-ankle) by extension 'cmake'
[0.848s] Level 1:colcon.colcon_core.package_identification:_identify(bxi_rl_controller_ros2_example/resources/elf2-ankle) by extension 'python'
[0.848s] Level 1:colcon.colcon_core.package_identification:_identify(bxi_rl_controller_ros2_example/resources/elf2-ankle) by extensions ['python_setup_py']
[0.848s] Level 1:colcon.colcon_core.package_identification:_identify(bxi_rl_controller_ros2_example/resources/elf2-ankle) by extension 'python_setup_py'
[0.848s] Level 1:colcon.colcon_core.package_identification:_identify(bxi_rl_controller_ros2_example/resources/elf2-ankle/meshes) by extensions ['ignore', 'ignore_ament_install']
[0.848s] Level 1:colcon.colcon_core.package_identification:_identify(bxi_rl_controller_ros2_example/resources/elf2-ankle/meshes) by extension 'ignore'
[0.848s] Level 1:colcon.colcon_core.package_identification:_identify(bxi_rl_controller_ros2_example/resources/elf2-ankle/meshes) by extension 'ignore_ament_install'
[0.848s] Level 1:colcon.colcon_core.package_identification:_identify(bxi_rl_controller_ros2_example/resources/elf2-ankle/meshes) by extensions ['colcon_pkg']
[0.848s] Level 1:colcon.colcon_core.package_identification:_identify(bxi_rl_controller_ros2_example/resources/elf2-ankle/meshes) by extension 'colcon_pkg'
[0.848s] Level 1:colcon.colcon_core.package_identification:_identify(bxi_rl_controller_ros2_example/resources/elf2-ankle/meshes) by extensions ['colcon_meta']
[0.848s] Level 1:colcon.colcon_core.package_identification:_identify(bxi_rl_controller_ros2_example/resources/elf2-ankle/meshes) by extension 'colcon_meta'
[0.848s] Level 1:colcon.colcon_core.package_identification:_identify(bxi_rl_controller_ros2_example/resources/elf2-ankle/meshes) by extensions ['ros']
[0.848s] Level 1:colcon.colcon_core.package_identification:_identify(bxi_rl_controller_ros2_example/resources/elf2-ankle/meshes) by extension 'ros'
[0.848s] Level 1:colcon.colcon_core.package_identification:_identify(bxi_rl_controller_ros2_example/resources/elf2-ankle/meshes) by extensions ['cmake', 'python']
[0.849s] Level 1:colcon.colcon_core.package_identification:_identify(bxi_rl_controller_ros2_example/resources/elf2-ankle/meshes) by extension 'cmake'
[0.849s] Level 1:colcon.colcon_core.package_identification:_identify(bxi_rl_controller_ros2_example/resources/elf2-ankle/meshes) by extension 'python'
[0.849s] Level 1:colcon.colcon_core.package_identification:_identify(bxi_rl_controller_ros2_example/resources/elf2-ankle/meshes) by extensions ['python_setup_py']
[0.849s] Level 1:colcon.colcon_core.package_identification:_identify(bxi_rl_controller_ros2_example/resources/elf2-ankle/meshes) by extension 'python_setup_py'
[0.849s] Level 1:colcon.colcon_core.package_identification:_identify(bxi_rl_controller_ros2_example/resources/elf2-ankle/urdf) by extensions ['ignore', 'ignore_ament_install']
[0.849s] Level 1:colcon.colcon_core.package_identification:_identify(bxi_rl_controller_ros2_example/resources/elf2-ankle/urdf) by extension 'ignore'
[0.849s] Level 1:colcon.colcon_core.package_identification:_identify(bxi_rl_controller_ros2_example/resources/elf2-ankle/urdf) by extension 'ignore_ament_install'
[0.849s] Level 1:colcon.colcon_core.package_identification:_identify(bxi_rl_controller_ros2_example/resources/elf2-ankle/urdf) by extensions ['colcon_pkg']
[0.849s] Level 1:colcon.colcon_core.package_identification:_identify(bxi_rl_controller_ros2_example/resources/elf2-ankle/urdf) by extension 'colcon_pkg'
[0.849s] Level 1:colcon.colcon_core.package_identification:_identify(bxi_rl_controller_ros2_example/resources/elf2-ankle/urdf) by extensions ['colcon_meta']
[0.849s] Level 1:colcon.colcon_core.package_identification:_identify(bxi_rl_controller_ros2_example/resources/elf2-ankle/urdf) by extension 'colcon_meta'
[0.849s] Level 1:colcon.colcon_core.package_identification:_identify(bxi_rl_controller_ros2_example/resources/elf2-ankle/urdf) by extensions ['ros']
[0.849s] Level 1:colcon.colcon_core.package_identification:_identify(bxi_rl_controller_ros2_example/resources/elf2-ankle/urdf) by extension 'ros'
[0.849s] Level 1:colcon.colcon_core.package_identification:_identify(bxi_rl_controller_ros2_example/resources/elf2-ankle/urdf) by extensions ['cmake', 'python']
[0.849s] Level 1:colcon.colcon_core.package_identification:_identify(bxi_rl_controller_ros2_example/resources/elf2-ankle/urdf) by extension 'cmake'
[0.849s] Level 1:colcon.colcon_core.package_identification:_identify(bxi_rl_controller_ros2_example/resources/elf2-ankle/urdf) by extension 'python'
[0.849s] Level 1:colcon.colcon_core.package_identification:_identify(bxi_rl_controller_ros2_example/resources/elf2-ankle/urdf) by extensions ['python_setup_py']
[0.849s] Level 1:colcon.colcon_core.package_identification:_identify(bxi_rl_controller_ros2_example/resources/elf2-ankle/urdf) by extension 'python_setup_py'
[0.849s] Level 1:colcon.colcon_core.package_identification:_identify(bxi_rl_controller_ros2_example/resources/elf2-foot) by extensions ['ignore', 'ignore_ament_install']
[0.849s] Level 1:colcon.colcon_core.package_identification:_identify(bxi_rl_controller_ros2_example/resources/elf2-foot) by extension 'ignore'
[0.849s] Level 1:colcon.colcon_core.package_identification:_identify(bxi_rl_controller_ros2_example/resources/elf2-foot) by extension 'ignore_ament_install'
[0.849s] Level 1:colcon.colcon_core.package_identification:_identify(bxi_rl_controller_ros2_example/resources/elf2-foot) by extensions ['colcon_pkg']
[0.849s] Level 1:colcon.colcon_core.package_identification:_identify(bxi_rl_controller_ros2_example/resources/elf2-foot) by extension 'colcon_pkg'
[0.849s] Level 1:colcon.colcon_core.package_identification:_identify(bxi_rl_controller_ros2_example/resources/elf2-foot) by extensions ['colcon_meta']
[0.850s] Level 1:colcon.colcon_core.package_identification:_identify(bxi_rl_controller_ros2_example/resources/elf2-foot) by extension 'colcon_meta'
[0.850s] Level 1:colcon.colcon_core.package_identification:_identify(bxi_rl_controller_ros2_example/resources/elf2-foot) by extensions ['ros']
[0.850s] Level 1:colcon.colcon_core.package_identification:_identify(bxi_rl_controller_ros2_example/resources/elf2-foot) by extension 'ros'
[0.850s] Level 1:colcon.colcon_core.package_identification:_identify(bxi_rl_controller_ros2_example/resources/elf2-foot) by extensions ['cmake', 'python']
[0.850s] Level 1:colcon.colcon_core.package_identification:_identify(bxi_rl_controller_ros2_example/resources/elf2-foot) by extension 'cmake'
[0.850s] Level 1:colcon.colcon_core.package_identification:_identify(bxi_rl_controller_ros2_example/resources/elf2-foot) by extension 'python'
[0.850s] Level 1:colcon.colcon_core.package_identification:_identify(bxi_rl_controller_ros2_example/resources/elf2-foot) by extensions ['python_setup_py']
[0.850s] Level 1:colcon.colcon_core.package_identification:_identify(bxi_rl_controller_ros2_example/resources/elf2-foot) by extension 'python_setup_py'
[0.850s] Level 1:colcon.colcon_core.package_identification:_identify(bxi_rl_controller_ros2_example/resources/elf2-foot/meshes) by extensions ['ignore', 'ignore_ament_install']
[0.850s] Level 1:colcon.colcon_core.package_identification:_identify(bxi_rl_controller_ros2_example/resources/elf2-foot/meshes) by extension 'ignore'
[0.850s] Level 1:colcon.colcon_core.package_identification:_identify(bxi_rl_controller_ros2_example/resources/elf2-foot/meshes) by extension 'ignore_ament_install'
[0.850s] Level 1:colcon.colcon_core.package_identification:_identify(bxi_rl_controller_ros2_example/resources/elf2-foot/meshes) by extensions ['colcon_pkg']
[0.850s] Level 1:colcon.colcon_core.package_identification:_identify(bxi_rl_controller_ros2_example/resources/elf2-foot/meshes) by extension 'colcon_pkg'
[0.850s] Level 1:colcon.colcon_core.package_identification:_identify(bxi_rl_controller_ros2_example/resources/elf2-foot/meshes) by extensions ['colcon_meta']
[0.850s] Level 1:colcon.colcon_core.package_identification:_identify(bxi_rl_controller_ros2_example/resources/elf2-foot/meshes) by extension 'colcon_meta'
[0.850s] Level 1:colcon.colcon_core.package_identification:_identify(bxi_rl_controller_ros2_example/resources/elf2-foot/meshes) by extensions ['ros']
[0.850s] Level 1:colcon.colcon_core.package_identification:_identify(bxi_rl_controller_ros2_example/resources/elf2-foot/meshes) by extension 'ros'
[0.850s] Level 1:colcon.colcon_core.package_identification:_identify(bxi_rl_controller_ros2_example/resources/elf2-foot/meshes) by extensions ['cmake', 'python']
[0.850s] Level 1:colcon.colcon_core.package_identification:_identify(bxi_rl_controller_ros2_example/resources/elf2-foot/meshes) by extension 'cmake'
[0.850s] Level 1:colcon.colcon_core.package_identification:_identify(bxi_rl_controller_ros2_example/resources/elf2-foot/meshes) by extension 'python'
[0.850s] Level 1:colcon.colcon_core.package_identification:_identify(bxi_rl_controller_ros2_example/resources/elf2-foot/meshes) by extensions ['python_setup_py']
[0.850s] Level 1:colcon.colcon_core.package_identification:_identify(bxi_rl_controller_ros2_example/resources/elf2-foot/meshes) by extension 'python_setup_py'
[0.851s] Level 1:colcon.colcon_core.package_identification:_identify(bxi_rl_controller_ros2_example/resources/elf2-foot/urdf) by extensions ['ignore', 'ignore_ament_install']
[0.851s] Level 1:colcon.colcon_core.package_identification:_identify(bxi_rl_controller_ros2_example/resources/elf2-foot/urdf) by extension 'ignore'
[0.851s] Level 1:colcon.colcon_core.package_identification:_identify(bxi_rl_controller_ros2_example/resources/elf2-foot/urdf) by extension 'ignore_ament_install'
[0.851s] Level 1:colcon.colcon_core.package_identification:_identify(bxi_rl_controller_ros2_example/resources/elf2-foot/urdf) by extensions ['colcon_pkg']
[0.851s] Level 1:colcon.colcon_core.package_identification:_identify(bxi_rl_controller_ros2_example/resources/elf2-foot/urdf) by extension 'colcon_pkg'
[0.851s] Level 1:colcon.colcon_core.package_identification:_identify(bxi_rl_controller_ros2_example/resources/elf2-foot/urdf) by extensions ['colcon_meta']
[0.851s] Level 1:colcon.colcon_core.package_identification:_identify(bxi_rl_controller_ros2_example/resources/elf2-foot/urdf) by extension 'colcon_meta'
[0.851s] Level 1:colcon.colcon_core.package_identification:_identify(bxi_rl_controller_ros2_example/resources/elf2-foot/urdf) by extensions ['ros']
[0.851s] Level 1:colcon.colcon_core.package_identification:_identify(bxi_rl_controller_ros2_example/resources/elf2-foot/urdf) by extension 'ros'
[0.851s] Level 1:colcon.colcon_core.package_identification:_identify(bxi_rl_controller_ros2_example/resources/elf2-foot/urdf) by extensions ['cmake', 'python']
[0.851s] Level 1:colcon.colcon_core.package_identification:_identify(bxi_rl_controller_ros2_example/resources/elf2-foot/urdf) by extension 'cmake'
[0.851s] Level 1:colcon.colcon_core.package_identification:_identify(bxi_rl_controller_ros2_example/resources/elf2-foot/urdf) by extension 'python'
[0.851s] Level 1:colcon.colcon_core.package_identification:_identify(bxi_rl_controller_ros2_example/resources/elf2-foot/urdf) by extensions ['python_setup_py']
[0.851s] Level 1:colcon.colcon_core.package_identification:_identify(bxi_rl_controller_ros2_example/resources/elf2-foot/urdf) by extension 'python_setup_py'
[0.851s] Level 1:colcon.colcon_core.package_identification:_identify(bxi_rl_controller_ros2_example/resources/elf2-footv4) by extensions ['ignore', 'ignore_ament_install']
[0.851s] Level 1:colcon.colcon_core.package_identification:_identify(bxi_rl_controller_ros2_example/resources/elf2-footv4) by extension 'ignore'
[0.852s] Level 1:colcon.colcon_core.package_identification:_identify(bxi_rl_controller_ros2_example/resources/elf2-footv4) by extension 'ignore_ament_install'
[0.852s] Level 1:colcon.colcon_core.package_identification:_identify(bxi_rl_controller_ros2_example/resources/elf2-footv4) by extensions ['colcon_pkg']
[0.852s] Level 1:colcon.colcon_core.package_identification:_identify(bxi_rl_controller_ros2_example/resources/elf2-footv4) by extension 'colcon_pkg'
[0.852s] Level 1:colcon.colcon_core.package_identification:_identify(bxi_rl_controller_ros2_example/resources/elf2-footv4) by extensions ['colcon_meta']
[0.852s] Level 1:colcon.colcon_core.package_identification:_identify(bxi_rl_controller_ros2_example/resources/elf2-footv4) by extension 'colcon_meta'
[0.852s] Level 1:colcon.colcon_core.package_identification:_identify(bxi_rl_controller_ros2_example/resources/elf2-footv4) by extensions ['ros']
[0.852s] Level 1:colcon.colcon_core.package_identification:_identify(bxi_rl_controller_ros2_example/resources/elf2-footv4) by extension 'ros'
[0.852s] Level 1:colcon.colcon_core.package_identification:_identify(bxi_rl_controller_ros2_example/resources/elf2-footv4) by extensions ['cmake', 'python']
[0.852s] Level 1:colcon.colcon_core.package_identification:_identify(bxi_rl_controller_ros2_example/resources/elf2-footv4) by extension 'cmake'
[0.852s] Level 1:colcon.colcon_core.package_identification:_identify(bxi_rl_controller_ros2_example/resources/elf2-footv4) by extension 'python'
[0.852s] Level 1:colcon.colcon_core.package_identification:_identify(bxi_rl_controller_ros2_example/resources/elf2-footv4) by extensions ['python_setup_py']
[0.852s] Level 1:colcon.colcon_core.package_identification:_identify(bxi_rl_controller_ros2_example/resources/elf2-footv4) by extension 'python_setup_py'
[0.852s] Level 1:colcon.colcon_core.package_identification:_identify(bxi_rl_controller_ros2_example/resources/elf2-footv4/meshes) by extensions ['ignore', 'ignore_ament_install']
[0.852s] Level 1:colcon.colcon_core.package_identification:_identify(bxi_rl_controller_ros2_example/resources/elf2-footv4/meshes) by extension 'ignore'
[0.852s] Level 1:colcon.colcon_core.package_identification:_identify(bxi_rl_controller_ros2_example/resources/elf2-footv4/meshes) by extension 'ignore_ament_install'
[0.852s] Level 1:colcon.colcon_core.package_identification:_identify(bxi_rl_controller_ros2_example/resources/elf2-footv4/meshes) by extensions ['colcon_pkg']
[0.852s] Level 1:colcon.colcon_core.package_identification:_identify(bxi_rl_controller_ros2_example/resources/elf2-footv4/meshes) by extension 'colcon_pkg'
[0.853s] Level 1:colcon.colcon_core.package_identification:_identify(bxi_rl_controller_ros2_example/resources/elf2-footv4/meshes) by extensions ['colcon_meta']
[0.853s] Level 1:colcon.colcon_core.package_identification:_identify(bxi_rl_controller_ros2_example/resources/elf2-footv4/meshes) by extension 'colcon_meta'
[0.853s] Level 1:colcon.colcon_core.package_identification:_identify(bxi_rl_controller_ros2_example/resources/elf2-footv4/meshes) by extensions ['ros']
[0.853s] Level 1:colcon.colcon_core.package_identification:_identify(bxi_rl_controller_ros2_example/resources/elf2-footv4/meshes) by extension 'ros'
[0.853s] Level 1:colcon.colcon_core.package_identification:_identify(bxi_rl_controller_ros2_example/resources/elf2-footv4/meshes) by extensions ['cmake', 'python']
[0.853s] Level 1:colcon.colcon_core.package_identification:_identify(bxi_rl_controller_ros2_example/resources/elf2-footv4/meshes) by extension 'cmake'
[0.853s] Level 1:colcon.colcon_core.package_identification:_identify(bxi_rl_controller_ros2_example/resources/elf2-footv4/meshes) by extension 'python'
[0.853s] Level 1:colcon.colcon_core.package_identification:_identify(bxi_rl_controller_ros2_example/resources/elf2-footv4/meshes) by extensions ['python_setup_py']
[0.853s] Level 1:colcon.colcon_core.package_identification:_identify(bxi_rl_controller_ros2_example/resources/elf2-footv4/meshes) by extension 'python_setup_py'
[0.853s] Level 1:colcon.colcon_core.package_identification:_identify(bxi_rl_controller_ros2_example/resources/elf2-footv4/urdf) by extensions ['ignore', 'ignore_ament_install']
[0.853s] Level 1:colcon.colcon_core.package_identification:_identify(bxi_rl_controller_ros2_example/resources/elf2-footv4/urdf) by extension 'ignore'
[0.853s] Level 1:colcon.colcon_core.package_identification:_identify(bxi_rl_controller_ros2_example/resources/elf2-footv4/urdf) by extension 'ignore_ament_install'
[0.853s] Level 1:colcon.colcon_core.package_identification:_identify(bxi_rl_controller_ros2_example/resources/elf2-footv4/urdf) by extensions ['colcon_pkg']
[0.853s] Level 1:colcon.colcon_core.package_identification:_identify(bxi_rl_controller_ros2_example/resources/elf2-footv4/urdf) by extension 'colcon_pkg'
[0.853s] Level 1:colcon.colcon_core.package_identification:_identify(bxi_rl_controller_ros2_example/resources/elf2-footv4/urdf) by extensions ['colcon_meta']
[0.853s] Level 1:colcon.colcon_core.package_identification:_identify(bxi_rl_controller_ros2_example/resources/elf2-footv4/urdf) by extension 'colcon_meta'
[0.853s] Level 1:colcon.colcon_core.package_identification:_identify(bxi_rl_controller_ros2_example/resources/elf2-footv4/urdf) by extensions ['ros']
[0.853s] Level 1:colcon.colcon_core.package_identification:_identify(bxi_rl_controller_ros2_example/resources/elf2-footv4/urdf) by extension 'ros'
[0.854s] Level 1:colcon.colcon_core.package_identification:_identify(bxi_rl_controller_ros2_example/resources/elf2-footv4/urdf) by extensions ['cmake', 'python']
[0.854s] Level 1:colcon.colcon_core.package_identification:_identify(bxi_rl_controller_ros2_example/resources/elf2-footv4/urdf) by extension 'cmake'
[0.854s] Level 1:colcon.colcon_core.package_identification:_identify(bxi_rl_controller_ros2_example/resources/elf2-footv4/urdf) by extension 'python'
[0.854s] Level 1:colcon.colcon_core.package_identification:_identify(bxi_rl_controller_ros2_example/resources/elf2-footv4/urdf) by extensions ['python_setup_py']
[0.854s] Level 1:colcon.colcon_core.package_identification:_identify(bxi_rl_controller_ros2_example/resources/elf2-footv4/urdf) by extension 'python_setup_py'
[0.854s] Level 1:colcon.colcon_core.package_identification:_identify(bxi_rl_controller_ros2_example/resources/elf2-trunk) by extensions ['ignore', 'ignore_ament_install']
[0.854s] Level 1:colcon.colcon_core.package_identification:_identify(bxi_rl_controller_ros2_example/resources/elf2-trunk) by extension 'ignore'
[0.854s] Level 1:colcon.colcon_core.package_identification:_identify(bxi_rl_controller_ros2_example/resources/elf2-trunk) by extension 'ignore_ament_install'
[0.854s] Level 1:colcon.colcon_core.package_identification:_identify(bxi_rl_controller_ros2_example/resources/elf2-trunk) by extensions ['colcon_pkg']
[0.854s] Level 1:colcon.colcon_core.package_identification:_identify(bxi_rl_controller_ros2_example/resources/elf2-trunk) by extension 'colcon_pkg'
[0.854s] Level 1:colcon.colcon_core.package_identification:_identify(bxi_rl_controller_ros2_example/resources/elf2-trunk) by extensions ['colcon_meta']
[0.854s] Level 1:colcon.colcon_core.package_identification:_identify(bxi_rl_controller_ros2_example/resources/elf2-trunk) by extension 'colcon_meta'
[0.854s] Level 1:colcon.colcon_core.package_identification:_identify(bxi_rl_controller_ros2_example/resources/elf2-trunk) by extensions ['ros']
[0.854s] Level 1:colcon.colcon_core.package_identification:_identify(bxi_rl_controller_ros2_example/resources/elf2-trunk) by extension 'ros'
[0.854s] Level 1:colcon.colcon_core.package_identification:_identify(bxi_rl_controller_ros2_example/resources/elf2-trunk) by extensions ['cmake', 'python']
[0.854s] Level 1:colcon.colcon_core.package_identification:_identify(bxi_rl_controller_ros2_example/resources/elf2-trunk) by extension 'cmake'
[0.854s] Level 1:colcon.colcon_core.package_identification:_identify(bxi_rl_controller_ros2_example/resources/elf2-trunk) by extension 'python'
[0.854s] Level 1:colcon.colcon_core.package_identification:_identify(bxi_rl_controller_ros2_example/resources/elf2-trunk) by extensions ['python_setup_py']
[0.854s] Level 1:colcon.colcon_core.package_identification:_identify(bxi_rl_controller_ros2_example/resources/elf2-trunk) by extension 'python_setup_py'
[0.855s] Level 1:colcon.colcon_core.package_identification:_identify(bxi_rl_controller_ros2_example/resources/elf2-trunk/meshes) by extensions ['ignore', 'ignore_ament_install']
[0.855s] Level 1:colcon.colcon_core.package_identification:_identify(bxi_rl_controller_ros2_example/resources/elf2-trunk/meshes) by extension 'ignore'
[0.855s] Level 1:colcon.colcon_core.package_identification:_identify(bxi_rl_controller_ros2_example/resources/elf2-trunk/meshes) by extension 'ignore_ament_install'
[0.855s] Level 1:colcon.colcon_core.package_identification:_identify(bxi_rl_controller_ros2_example/resources/elf2-trunk/meshes) by extensions ['colcon_pkg']
[0.855s] Level 1:colcon.colcon_core.package_identification:_identify(bxi_rl_controller_ros2_example/resources/elf2-trunk/meshes) by extension 'colcon_pkg'
[0.855s] Level 1:colcon.colcon_core.package_identification:_identify(bxi_rl_controller_ros2_example/resources/elf2-trunk/meshes) by extensions ['colcon_meta']
[0.855s] Level 1:colcon.colcon_core.package_identification:_identify(bxi_rl_controller_ros2_example/resources/elf2-trunk/meshes) by extension 'colcon_meta'
[0.855s] Level 1:colcon.colcon_core.package_identification:_identify(bxi_rl_controller_ros2_example/resources/elf2-trunk/meshes) by extensions ['ros']
[0.855s] Level 1:colcon.colcon_core.package_identification:_identify(bxi_rl_controller_ros2_example/resources/elf2-trunk/meshes) by extension 'ros'
[0.855s] Level 1:colcon.colcon_core.package_identification:_identify(bxi_rl_controller_ros2_example/resources/elf2-trunk/meshes) by extensions ['cmake', 'python']
[0.855s] Level 1:colcon.colcon_core.package_identification:_identify(bxi_rl_controller_ros2_example/resources/elf2-trunk/meshes) by extension 'cmake'
[0.855s] Level 1:colcon.colcon_core.package_identification:_identify(bxi_rl_controller_ros2_example/resources/elf2-trunk/meshes) by extension 'python'
[0.855s] Level 1:colcon.colcon_core.package_identification:_identify(bxi_rl_controller_ros2_example/resources/elf2-trunk/meshes) by extensions ['python_setup_py']
[0.855s] Level 1:colcon.colcon_core.package_identification:_identify(bxi_rl_controller_ros2_example/resources/elf2-trunk/meshes) by extension 'python_setup_py'
[0.855s] Level 1:colcon.colcon_core.package_identification:_identify(bxi_rl_controller_ros2_example/resources/elf2-trunk/urdf) by extensions ['ignore', 'ignore_ament_install']
[0.855s] Level 1:colcon.colcon_core.package_identification:_identify(bxi_rl_controller_ros2_example/resources/elf2-trunk/urdf) by extension 'ignore'
[0.855s] Level 1:colcon.colcon_core.package_identification:_identify(bxi_rl_controller_ros2_example/resources/elf2-trunk/urdf) by extension 'ignore_ament_install'
[0.856s] Level 1:colcon.colcon_core.package_identification:_identify(bxi_rl_controller_ros2_example/resources/elf2-trunk/urdf) by extensions ['colcon_pkg']
[0.856s] Level 1:colcon.colcon_core.package_identification:_identify(bxi_rl_controller_ros2_example/resources/elf2-trunk/urdf) by extension 'colcon_pkg'
[0.856s] Level 1:colcon.colcon_core.package_identification:_identify(bxi_rl_controller_ros2_example/resources/elf2-trunk/urdf) by extensions ['colcon_meta']
[0.856s] Level 1:colcon.colcon_core.package_identification:_identify(bxi_rl_controller_ros2_example/resources/elf2-trunk/urdf) by extension 'colcon_meta'
[0.856s] Level 1:colcon.colcon_core.package_identification:_identify(bxi_rl_controller_ros2_example/resources/elf2-trunk/urdf) by extensions ['ros']
[0.856s] Level 1:colcon.colcon_core.package_identification:_identify(bxi_rl_controller_ros2_example/resources/elf2-trunk/urdf) by extension 'ros'
[0.856s] Level 1:colcon.colcon_core.package_identification:_identify(bxi_rl_controller_ros2_example/resources/elf2-trunk/urdf) by extensions ['cmake', 'python']
[0.856s] Level 1:colcon.colcon_core.package_identification:_identify(bxi_rl_controller_ros2_example/resources/elf2-trunk/urdf) by extension 'cmake'
[0.856s] Level 1:colcon.colcon_core.package_identification:_identify(bxi_rl_controller_ros2_example/resources/elf2-trunk/urdf) by extension 'python'
[0.856s] Level 1:colcon.colcon_core.package_identification:_identify(bxi_rl_controller_ros2_example/resources/elf2-trunk/urdf) by extensions ['python_setup_py']
[0.856s] Level 1:colcon.colcon_core.package_identification:_identify(bxi_rl_controller_ros2_example/resources/elf2-trunk/urdf) by extension 'python_setup_py'
[0.856s] Level 1:colcon.colcon_core.package_identification:_identify(bxi_rl_controller_ros2_example/script) by extensions ['ignore', 'ignore_ament_install']
[0.856s] Level 1:colcon.colcon_core.package_identification:_identify(bxi_rl_controller_ros2_example/script) by extension 'ignore'
[0.856s] Level 1:colcon.colcon_core.package_identification:_identify(bxi_rl_controller_ros2_example/script) by extension 'ignore_ament_install'
[0.856s] Level 1:colcon.colcon_core.package_identification:_identify(bxi_rl_controller_ros2_example/script) by extensions ['colcon_pkg']
[0.856s] Level 1:colcon.colcon_core.package_identification:_identify(bxi_rl_controller_ros2_example/script) by extension 'colcon_pkg'
[0.856s] Level 1:colcon.colcon_core.package_identification:_identify(bxi_rl_controller_ros2_example/script) by extensions ['colcon_meta']
[0.856s] Level 1:colcon.colcon_core.package_identification:_identify(bxi_rl_controller_ros2_example/script) by extension 'colcon_meta'
[0.856s] Level 1:colcon.colcon_core.package_identification:_identify(bxi_rl_controller_ros2_example/script) by extensions ['ros']
[0.857s] Level 1:colcon.colcon_core.package_identification:_identify(bxi_rl_controller_ros2_example/script) by extension 'ros'
[0.857s] Level 1:colcon.colcon_core.package_identification:_identify(bxi_rl_controller_ros2_example/script) by extensions ['cmake', 'python']
[0.857s] Level 1:colcon.colcon_core.package_identification:_identify(bxi_rl_controller_ros2_example/script) by extension 'cmake'
[0.857s] Level 1:colcon.colcon_core.package_identification:_identify(bxi_rl_controller_ros2_example/script) by extension 'python'
[0.857s] Level 1:colcon.colcon_core.package_identification:_identify(bxi_rl_controller_ros2_example/script) by extensions ['python_setup_py']
[0.857s] Level 1:colcon.colcon_core.package_identification:_identify(bxi_rl_controller_ros2_example/script) by extension 'python_setup_py'
[0.857s] Level 1:colcon.colcon_core.package_identification:_identify(bxi_rl_controller_ros2_example/src) by extensions ['ignore', 'ignore_ament_install']
[0.857s] Level 1:colcon.colcon_core.package_identification:_identify(bxi_rl_controller_ros2_example/src) by extension 'ignore'
[0.857s] Level 1:colcon.colcon_core.package_identification:_identify(bxi_rl_controller_ros2_example/src) by extension 'ignore_ament_install'
[0.857s] Level 1:colcon.colcon_core.package_identification:_identify(bxi_rl_controller_ros2_example/src) by extensions ['colcon_pkg']
[0.857s] Level 1:colcon.colcon_core.package_identification:_identify(bxi_rl_controller_ros2_example/src) by extension 'colcon_pkg'
[0.857s] Level 1:colcon.colcon_core.package_identification:_identify(bxi_rl_controller_ros2_example/src) by extensions ['colcon_meta']
[0.857s] Level 1:colcon.colcon_core.package_identification:_identify(bxi_rl_controller_ros2_example/src) by extension 'colcon_meta'
[0.857s] Level 1:colcon.colcon_core.package_identification:_identify(bxi_rl_controller_ros2_example/src) by extensions ['ros']
[0.857s] Level 1:colcon.colcon_core.package_identification:_identify(bxi_rl_controller_ros2_example/src) by extension 'ros'
[0.857s] Level 1:colcon.colcon_core.package_identification:_identify(bxi_rl_controller_ros2_example/src) by extensions ['cmake', 'python']
[0.857s] Level 1:colcon.colcon_core.package_identification:_identify(bxi_rl_controller_ros2_example/src) by extension 'cmake'
[0.857s] Level 1:colcon.colcon_core.package_identification:_identify(bxi_rl_controller_ros2_example/src) by extension 'python'
[0.857s] Level 1:colcon.colcon_core.package_identification:_identify(bxi_rl_controller_ros2_example/src) by extensions ['python_setup_py']
[0.857s] Level 1:colcon.colcon_core.package_identification:_identify(bxi_rl_controller_ros2_example/src) by extension 'python_setup_py'
[0.857s] Level 1:colcon.colcon_core.package_identification:_identify(bxi_rl_controller_ros2_example/src/build) by extensions ['ignore', 'ignore_ament_install']
[0.858s] Level 1:colcon.colcon_core.package_identification:_identify(bxi_rl_controller_ros2_example/src/build) by extension 'ignore'
[0.858s] Level 1:colcon.colcon_core.package_identification:_identify(bxi_rl_controller_ros2_example/src/build) ignored
[0.858s] Level 1:colcon.colcon_core.package_identification:_identify(bxi_rl_controller_ros2_example/src/bxi_example) by extensions ['ignore', 'ignore_ament_install']
[0.858s] Level 1:colcon.colcon_core.package_identification:_identify(bxi_rl_controller_ros2_example/src/bxi_example) by extension 'ignore'
[0.858s] Level 1:colcon.colcon_core.package_identification:_identify(bxi_rl_controller_ros2_example/src/bxi_example) by extension 'ignore_ament_install'
[0.858s] Level 1:colcon.colcon_core.package_identification:_identify(bxi_rl_controller_ros2_example/src/bxi_example) by extensions ['colcon_pkg']
[0.858s] Level 1:colcon.colcon_core.package_identification:_identify(bxi_rl_controller_ros2_example/src/bxi_example) by extension 'colcon_pkg'
[0.858s] Level 1:colcon.colcon_core.package_identification:_identify(bxi_rl_controller_ros2_example/src/bxi_example) by extensions ['colcon_meta']
[0.858s] Level 1:colcon.colcon_core.package_identification:_identify(bxi_rl_controller_ros2_example/src/bxi_example) by extension 'colcon_meta'
[0.858s] Level 1:colcon.colcon_core.package_identification:_identify(bxi_rl_controller_ros2_example/src/bxi_example) by extensions ['ros']
[0.858s] Level 1:colcon.colcon_core.package_identification:_identify(bxi_rl_controller_ros2_example/src/bxi_example) by extension 'ros'
[0.861s] DEBUG:colcon.colcon_core.package_identification:Package 'bxi_rl_controller_ros2_example/src/bxi_example' with type 'ros.ament_cmake' and name 'bxi_example'
[0.861s] Level 1:colcon.colcon_core.package_identification:_identify(bxi_rl_controller_ros2_example/src/bxi_example_py) by extensions ['ignore', 'ignore_ament_install']
[0.861s] Level 1:colcon.colcon_core.package_identification:_identify(bxi_rl_controller_ros2_example/src/bxi_example_py) by extension 'ignore'
[0.861s] Level 1:colcon.colcon_core.package_identification:_identify(bxi_rl_controller_ros2_example/src/bxi_example_py) by extension 'ignore_ament_install'
[0.861s] Level 1:colcon.colcon_core.package_identification:_identify(bxi_rl_controller_ros2_example/src/bxi_example_py) by extensions ['colcon_pkg']
[0.861s] Level 1:colcon.colcon_core.package_identification:_identify(bxi_rl_controller_ros2_example/src/bxi_example_py) by extension 'colcon_pkg'
[0.861s] Level 1:colcon.colcon_core.package_identification:_identify(bxi_rl_controller_ros2_example/src/bxi_example_py) by extensions ['colcon_meta']
[0.861s] Level 1:colcon.colcon_core.package_identification:_identify(bxi_rl_controller_ros2_example/src/bxi_example_py) by extension 'colcon_meta'
[0.861s] Level 1:colcon.colcon_core.package_identification:_identify(bxi_rl_controller_ros2_example/src/bxi_example_py) by extensions ['ros']
[0.861s] Level 1:colcon.colcon_core.package_identification:_identify(bxi_rl_controller_ros2_example/src/bxi_example_py) by extension 'ros'
[0.861s] DEBUG:colcon.colcon_core.package_identification:Package 'bxi_rl_controller_ros2_example/src/bxi_example_py' with type 'ros.ament_python' and name 'bxi_example_py'
[0.862s] Level 1:colcon.colcon_core.package_identification:_identify(bxi_rl_controller_ros2_example/src/bxi_example_py_ankle) by extensions ['ignore', 'ignore_ament_install']
[0.862s] Level 1:colcon.colcon_core.package_identification:_identify(bxi_rl_controller_ros2_example/src/bxi_example_py_ankle) by extension 'ignore'
[0.862s] Level 1:colcon.colcon_core.package_identification:_identify(bxi_rl_controller_ros2_example/src/bxi_example_py_ankle) by extension 'ignore_ament_install'
[0.862s] Level 1:colcon.colcon_core.package_identification:_identify(bxi_rl_controller_ros2_example/src/bxi_example_py_ankle) by extensions ['colcon_pkg']
[0.862s] Level 1:colcon.colcon_core.package_identification:_identify(bxi_rl_controller_ros2_example/src/bxi_example_py_ankle) by extension 'colcon_pkg'
[0.862s] Level 1:colcon.colcon_core.package_identification:_identify(bxi_rl_controller_ros2_example/src/bxi_example_py_ankle) by extensions ['colcon_meta']
[0.862s] Level 1:colcon.colcon_core.package_identification:_identify(bxi_rl_controller_ros2_example/src/bxi_example_py_ankle) by extension 'colcon_meta'
[0.862s] Level 1:colcon.colcon_core.package_identification:_identify(bxi_rl_controller_ros2_example/src/bxi_example_py_ankle) by extensions ['ros']
[0.862s] Level 1:colcon.colcon_core.package_identification:_identify(bxi_rl_controller_ros2_example/src/bxi_example_py_ankle) by extension 'ros'
[0.862s] DEBUG:colcon.colcon_core.package_identification:Package 'bxi_rl_controller_ros2_example/src/bxi_example_py_ankle' with type 'ros.ament_python' and name 'bxi_example_py_ankle'
[0.862s] Level 1:colcon.colcon_core.package_identification:_identify(bxi_rl_controller_ros2_example/src/bxi_example_py_trunk) by extensions ['ignore', 'ignore_ament_install']
[0.862s] Level 1:colcon.colcon_core.package_identification:_identify(bxi_rl_controller_ros2_example/src/bxi_example_py_trunk) by extension 'ignore'
[0.862s] Level 1:colcon.colcon_core.package_identification:_identify(bxi_rl_controller_ros2_example/src/bxi_example_py_trunk) by extension 'ignore_ament_install'
[0.862s] Level 1:colcon.colcon_core.package_identification:_identify(bxi_rl_controller_ros2_example/src/bxi_example_py_trunk) by extensions ['colcon_pkg']
[0.862s] Level 1:colcon.colcon_core.package_identification:_identify(bxi_rl_controller_ros2_example/src/bxi_example_py_trunk) by extension 'colcon_pkg'
[0.863s] Level 1:colcon.colcon_core.package_identification:_identify(bxi_rl_controller_ros2_example/src/bxi_example_py_trunk) by extensions ['colcon_meta']
[0.863s] Level 1:colcon.colcon_core.package_identification:_identify(bxi_rl_controller_ros2_example/src/bxi_example_py_trunk) by extension 'colcon_meta'
[0.863s] Level 1:colcon.colcon_core.package_identification:_identify(bxi_rl_controller_ros2_example/src/bxi_example_py_trunk) by extensions ['ros']
[0.863s] Level 1:colcon.colcon_core.package_identification:_identify(bxi_rl_controller_ros2_example/src/bxi_example_py_trunk) by extension 'ros'
[0.863s] DEBUG:colcon.colcon_core.package_identification:Package 'bxi_rl_controller_ros2_example/src/bxi_example_py_trunk' with type 'ros.ament_python' and name 'bxi_example_py_trunk'
[0.863s] Level 1:colcon.colcon_core.package_identification:_identify(bxi_rl_controller_ros2_example/src/bxi_example_py_trunk_neck) by extensions ['ignore', 'ignore_ament_install']
[0.863s] Level 1:colcon.colcon_core.package_identification:_identify(bxi_rl_controller_ros2_example/src/bxi_example_py_trunk_neck) by extension 'ignore'
[0.863s] Level 1:colcon.colcon_core.package_identification:_identify(bxi_rl_controller_ros2_example/src/bxi_example_py_trunk_neck) by extension 'ignore_ament_install'
[0.863s] Level 1:colcon.colcon_core.package_identification:_identify(bxi_rl_controller_ros2_example/src/bxi_example_py_trunk_neck) by extensions ['colcon_pkg']
[0.863s] Level 1:colcon.colcon_core.package_identification:_identify(bxi_rl_controller_ros2_example/src/bxi_example_py_trunk_neck) by extension 'colcon_pkg'
[0.863s] Level 1:colcon.colcon_core.package_identification:_identify(bxi_rl_controller_ros2_example/src/bxi_example_py_trunk_neck) by extensions ['colcon_meta']
[0.863s] Level 1:colcon.colcon_core.package_identification:_identify(bxi_rl_controller_ros2_example/src/bxi_example_py_trunk_neck) by extension 'colcon_meta'
[0.863s] Level 1:colcon.colcon_core.package_identification:_identify(bxi_rl_controller_ros2_example/src/bxi_example_py_trunk_neck) by extensions ['ros']
[0.863s] Level 1:colcon.colcon_core.package_identification:_identify(bxi_rl_controller_ros2_example/src/bxi_example_py_trunk_neck) by extension 'ros'
[0.864s] DEBUG:colcon.colcon_core.package_identification:Package 'bxi_rl_controller_ros2_example/src/bxi_example_py_trunk_neck' with type 'ros.ament_python' and name 'bxi_example_py_trunk_neck'
[0.864s] Level 1:colcon.colcon_core.package_identification:_identify(bxi_rl_controller_ros2_example/src/install) by extensions ['ignore', 'ignore_ament_install']
[0.864s] Level 1:colcon.colcon_core.package_identification:_identify(bxi_rl_controller_ros2_example/src/install) by extension 'ignore'
[0.864s] Level 1:colcon.colcon_core.package_identification:_identify(bxi_rl_controller_ros2_example/src/install) ignored
[0.864s] Level 1:colcon.colcon_core.package_identification:_identify(bxi_rl_controller_ros2_example/src/log) by extensions ['ignore', 'ignore_ament_install']
[0.864s] Level 1:colcon.colcon_core.package_identification:_identify(bxi_rl_controller_ros2_example/src/log) by extension 'ignore'
[0.864s] Level 1:colcon.colcon_core.package_identification:_identify(bxi_rl_controller_ros2_example/src/log) ignored
[0.864s] Level 1:colcon.colcon_core.package_identification:_identify(bxi_rl_controller_ros2_example/src/remote_controller) by extensions ['ignore', 'ignore_ament_install']
[0.864s] Level 1:colcon.colcon_core.package_identification:_identify(bxi_rl_controller_ros2_example/src/remote_controller) by extension 'ignore'
[0.864s] Level 1:colcon.colcon_core.package_identification:_identify(bxi_rl_controller_ros2_example/src/remote_controller) by extension 'ignore_ament_install'
[0.864s] Level 1:colcon.colcon_core.package_identification:_identify(bxi_rl_controller_ros2_example/src/remote_controller) by extensions ['colcon_pkg']
[0.864s] Level 1:colcon.colcon_core.package_identification:_identify(bxi_rl_controller_ros2_example/src/remote_controller) by extension 'colcon_pkg'
[0.864s] Level 1:colcon.colcon_core.package_identification:_identify(bxi_rl_controller_ros2_example/src/remote_controller) by extensions ['colcon_meta']
[0.865s] Level 1:colcon.colcon_core.package_identification:_identify(bxi_rl_controller_ros2_example/src/remote_controller) by extension 'colcon_meta'
[0.865s] Level 1:colcon.colcon_core.package_identification:_identify(bxi_rl_controller_ros2_example/src/remote_controller) by extensions ['ros']
[0.865s] Level 1:colcon.colcon_core.package_identification:_identify(bxi_rl_controller_ros2_example/src/remote_controller) by extension 'ros'
[0.865s] DEBUG:colcon.colcon_core.package_identification:Package 'bxi_rl_controller_ros2_example/src/remote_controller' with type 'ros.ament_cmake' and name 'remote_controller'
[0.865s] Level 1:colcon.colcon_core.package_identification:_identify(install) by extensions ['ignore', 'ignore_ament_install']
[0.865s] Level 1:colcon.colcon_core.package_identification:_identify(install) by extension 'ignore'
[0.865s] Level 1:colcon.colcon_core.package_identification:_identify(install) ignored
[0.865s] Level 1:colcon.colcon_core.package_identification:_identify(log) by extensions ['ignore', 'ignore_ament_install']
[0.865s] Level 1:colcon.colcon_core.package_identification:_identify(log) by extension 'ignore'
[0.865s] Level 1:colcon.colcon_core.package_identification:_identify(log) ignored
[0.865s] Level 1:colcon.colcon_core.package_discovery:discover_packages(recursive) using defaults
[0.866s] Level 1:colcon.colcon_core.package_discovery:discover_packages(ignore) discover
[0.866s] Level 1:colcon.colcon_core.package_discovery:discover_packages(ignore) using defaults
[0.866s] Level 1:colcon.colcon_core.package_discovery:discover_packages(path) discover
[0.866s] Level 1:colcon.colcon_core.package_discovery:discover_packages(path) using defaults
[0.904s] Level 1:colcon.colcon_core.package_discovery:discover_packages(prefix_path) check parameters
[0.904s] Level 1:colcon.colcon_core.package_discovery:discover_packages(prefix_path) discover
[0.912s] DEBUG:colcon.colcon_installed_package_information.package_discovery:Found 271 installed packages in /opt/ros/humble
[0.923s] Level 1:colcon.colcon_core.package_discovery:discover_packages(prefix_path) using defaults
[0.952s] Level 5:colcon.colcon_core.verb:set package 'bxi_example' build argument 'cmake_args' from command line to 'None'
[0.952s] Level 5:colcon.colcon_core.verb:set package 'bxi_example' build argument 'cmake_target' from command line to 'None'
[0.952s] Level 5:colcon.colcon_core.verb:set package 'bxi_example' build argument 'cmake_target_skip_unavailable' from command line to 'False'
[0.952s] Level 5:colcon.colcon_core.verb:set package 'bxi_example' build argument 'cmake_clean_cache' from command line to 'False'
[0.952s] Level 5:colcon.colcon_core.verb:set package 'bxi_example' build argument 'cmake_clean_first' from command line to 'False'
[0.952s] Level 5:colcon.colcon_core.verb:set package 'bxi_example' build argument 'cmake_force_configure' from command line to 'False'
[0.952s] Level 5:colcon.colcon_core.verb:set package 'bxi_example' build argument 'ament_cmake_args' from command line to 'None'
[0.952s] Level 5:colcon.colcon_core.verb:set package 'bxi_example' build argument 'catkin_cmake_args' from command line to 'None'
[0.952s] Level 5:colcon.colcon_core.verb:set package 'bxi_example' build argument 'catkin_skip_building_tests' from command line to 'False'
[0.952s] DEBUG:colcon.colcon_core.verb:Building package 'bxi_example' with the following arguments: {'ament_cmake_args': None, 'build_base': '/home/tang/code/control/build/bxi_example', 'catkin_cmake_args': None, 'catkin_skip_building_tests': False, 'cmake_args': None, 'cmake_clean_cache': False, 'cmake_clean_first': False, 'cmake_force_configure': False, 'cmake_target': None, 'cmake_target_skip_unavailable': False, 'install_base': '/home/tang/code/control/install/bxi_example', 'merge_install': False, 'path': '/home/tang/code/control/bxi_rl_controller_ros2_example/src/bxi_example', 'symlink_install': False, 'test_result_base': None}
[0.952s] Level 5:colcon.colcon_core.verb:set package 'bxi_example_py' build argument 'cmake_args' from command line to 'None'
[0.952s] Level 5:colcon.colcon_core.verb:set package 'bxi_example_py' build argument 'cmake_target' from command line to 'None'
[0.952s] Level 5:colcon.colcon_core.verb:set package 'bxi_example_py' build argument 'cmake_target_skip_unavailable' from command line to 'False'
[0.952s] Level 5:colcon.colcon_core.verb:set package 'bxi_example_py' build argument 'cmake_clean_cache' from command line to 'False'
[0.952s] Level 5:colcon.colcon_core.verb:set package 'bxi_example_py' build argument 'cmake_clean_first' from command line to 'False'
[0.952s] Level 5:colcon.colcon_core.verb:set package 'bxi_example_py' build argument 'cmake_force_configure' from command line to 'False'
[0.952s] Level 5:colcon.colcon_core.verb:set package 'bxi_example_py' build argument 'ament_cmake_args' from command line to 'None'
[0.952s] Level 5:colcon.colcon_core.verb:set package 'bxi_example_py' build argument 'catkin_cmake_args' from command line to 'None'
[0.952s] Level 5:colcon.colcon_core.verb:set package 'bxi_example_py' build argument 'catkin_skip_building_tests' from command line to 'False'
[0.952s] DEBUG:colcon.colcon_core.verb:Building package 'bxi_example_py' with the following arguments: {'ament_cmake_args': None, 'build_base': '/home/tang/code/control/build/bxi_example_py', 'catkin_cmake_args': None, 'catkin_skip_building_tests': False, 'cmake_args': None, 'cmake_clean_cache': False, 'cmake_clean_first': False, 'cmake_force_configure': False, 'cmake_target': None, 'cmake_target_skip_unavailable': False, 'install_base': '/home/tang/code/control/install/bxi_example_py', 'merge_install': False, 'path': '/home/tang/code/control/bxi_rl_controller_ros2_example/src/bxi_example_py', 'symlink_install': False, 'test_result_base': None}
[0.953s] Level 5:colcon.colcon_core.verb:set package 'bxi_example_py_ankle' build argument 'cmake_args' from command line to 'None'
[0.953s] Level 5:colcon.colcon_core.verb:set package 'bxi_example_py_ankle' build argument 'cmake_target' from command line to 'None'
[0.953s] Level 5:colcon.colcon_core.verb:set package 'bxi_example_py_ankle' build argument 'cmake_target_skip_unavailable' from command line to 'False'
[0.953s] Level 5:colcon.colcon_core.verb:set package 'bxi_example_py_ankle' build argument 'cmake_clean_cache' from command line to 'False'
[0.953s] Level 5:colcon.colcon_core.verb:set package 'bxi_example_py_ankle' build argument 'cmake_clean_first' from command line to 'False'
[0.953s] Level 5:colcon.colcon_core.verb:set package 'bxi_example_py_ankle' build argument 'cmake_force_configure' from command line to 'False'
[0.953s] Level 5:colcon.colcon_core.verb:set package 'bxi_example_py_ankle' build argument 'ament_cmake_args' from command line to 'None'
[0.953s] Level 5:colcon.colcon_core.verb:set package 'bxi_example_py_ankle' build argument 'catkin_cmake_args' from command line to 'None'
[0.953s] Level 5:colcon.colcon_core.verb:set package 'bxi_example_py_ankle' build argument 'catkin_skip_building_tests' from command line to 'False'
[0.953s] DEBUG:colcon.colcon_core.verb:Building package 'bxi_example_py_ankle' with the following arguments: {'ament_cmake_args': None, 'build_base': '/home/tang/code/control/build/bxi_example_py_ankle', 'catkin_cmake_args': None, 'catkin_skip_building_tests': False, 'cmake_args': None, 'cmake_clean_cache': False, 'cmake_clean_first': False, 'cmake_force_configure': False, 'cmake_target': None, 'cmake_target_skip_unavailable': False, 'install_base': '/home/tang/code/control/install/bxi_example_py_ankle', 'merge_install': False, 'path': '/home/tang/code/control/bxi_rl_controller_ros2_example/src/bxi_example_py_ankle', 'symlink_install': False, 'test_result_base': None}
[0.953s] Level 5:colcon.colcon_core.verb:set package 'bxi_example_py_trunk' build argument 'cmake_args' from command line to 'None'
[0.953s] Level 5:colcon.colcon_core.verb:set package 'bxi_example_py_trunk' build argument 'cmake_target' from command line to 'None'
[0.953s] Level 5:colcon.colcon_core.verb:set package 'bxi_example_py_trunk' build argument 'cmake_target_skip_unavailable' from command line to 'False'
[0.953s] Level 5:colcon.colcon_core.verb:set package 'bxi_example_py_trunk' build argument 'cmake_clean_cache' from command line to 'False'
[0.953s] Level 5:colcon.colcon_core.verb:set package 'bxi_example_py_trunk' build argument 'cmake_clean_first' from command line to 'False'
[0.953s] Level 5:colcon.colcon_core.verb:set package 'bxi_example_py_trunk' build argument 'cmake_force_configure' from command line to 'False'
[0.953s] Level 5:colcon.colcon_core.verb:set package 'bxi_example_py_trunk' build argument 'ament_cmake_args' from command line to 'None'
[0.953s] Level 5:colcon.colcon_core.verb:set package 'bxi_example_py_trunk' build argument 'catkin_cmake_args' from command line to 'None'
[0.953s] Level 5:colcon.colcon_core.verb:set package 'bxi_example_py_trunk' build argument 'catkin_skip_building_tests' from command line to 'False'
[0.953s] DEBUG:colcon.colcon_core.verb:Building package 'bxi_example_py_trunk' with the following arguments: {'ament_cmake_args': None, 'build_base': '/home/tang/code/control/build/bxi_example_py_trunk', 'catkin_cmake_args': None, 'catkin_skip_building_tests': False, 'cmake_args': None, 'cmake_clean_cache': False, 'cmake_clean_first': False, 'cmake_force_configure': False, 'cmake_target': None, 'cmake_target_skip_unavailable': False, 'install_base': '/home/tang/code/control/install/bxi_example_py_trunk', 'merge_install': False, 'path': '/home/tang/code/control/bxi_rl_controller_ros2_example/src/bxi_example_py_trunk', 'symlink_install': False, 'test_result_base': None}
[0.954s] Level 5:colcon.colcon_core.verb:set package 'bxi_example_py_trunk_neck' build argument 'cmake_args' from command line to 'None'
[0.954s] Level 5:colcon.colcon_core.verb:set package 'bxi_example_py_trunk_neck' build argument 'cmake_target' from command line to 'None'
[0.954s] Level 5:colcon.colcon_core.verb:set package 'bxi_example_py_trunk_neck' build argument 'cmake_target_skip_unavailable' from command line to 'False'
[0.954s] Level 5:colcon.colcon_core.verb:set package 'bxi_example_py_trunk_neck' build argument 'cmake_clean_cache' from command line to 'False'
[0.954s] Level 5:colcon.colcon_core.verb:set package 'bxi_example_py_trunk_neck' build argument 'cmake_clean_first' from command line to 'False'
[0.954s] Level 5:colcon.colcon_core.verb:set package 'bxi_example_py_trunk_neck' build argument 'cmake_force_configure' from command line to 'False'
[0.954s] Level 5:colcon.colcon_core.verb:set package 'bxi_example_py_trunk_neck' build argument 'ament_cmake_args' from command line to 'None'
[0.954s] Level 5:colcon.colcon_core.verb:set package 'bxi_example_py_trunk_neck' build argument 'catkin_cmake_args' from command line to 'None'
[0.954s] Level 5:colcon.colcon_core.verb:set package 'bxi_example_py_trunk_neck' build argument 'catkin_skip_building_tests' from command line to 'False'
[0.954s] DEBUG:colcon.colcon_core.verb:Building package 'bxi_example_py_trunk_neck' with the following arguments: {'ament_cmake_args': None, 'build_base': '/home/tang/code/control/build/bxi_example_py_trunk_neck', 'catkin_cmake_args': None, 'catkin_skip_building_tests': False, 'cmake_args': None, 'cmake_clean_cache': False, 'cmake_clean_first': False, 'cmake_force_configure': False, 'cmake_target': None, 'cmake_target_skip_unavailable': False, 'install_base': '/home/tang/code/control/install/bxi_example_py_trunk_neck', 'merge_install': False, 'path': '/home/tang/code/control/bxi_rl_controller_ros2_example/src/bxi_example_py_trunk_neck', 'symlink_install': False, 'test_result_base': None}
[0.954s] Level 5:colcon.colcon_core.verb:set package 'remote_controller' build argument 'cmake_args' from command line to 'None'
[0.954s] Level 5:colcon.colcon_core.verb:set package 'remote_controller' build argument 'cmake_target' from command line to 'None'
[0.954s] Level 5:colcon.colcon_core.verb:set package 'remote_controller' build argument 'cmake_target_skip_unavailable' from command line to 'False'
[0.954s] Level 5:colcon.colcon_core.verb:set package 'remote_controller' build argument 'cmake_clean_cache' from command line to 'False'
[0.954s] Level 5:colcon.colcon_core.verb:set package 'remote_controller' build argument 'cmake_clean_first' from command line to 'False'
[0.954s] Level 5:colcon.colcon_core.verb:set package 'remote_controller' build argument 'cmake_force_configure' from command line to 'False'
[0.954s] Level 5:colcon.colcon_core.verb:set package 'remote_controller' build argument 'ament_cmake_args' from command line to 'None'
[0.954s] Level 5:colcon.colcon_core.verb:set package 'remote_controller' build argument 'catkin_cmake_args' from command line to 'None'
[0.954s] Level 5:colcon.colcon_core.verb:set package 'remote_controller' build argument 'catkin_skip_building_tests' from command line to 'False'
[0.954s] DEBUG:colcon.colcon_core.verb:Building package 'remote_controller' with the following arguments: {'ament_cmake_args': None, 'build_base': '/home/tang/code/control/build/remote_controller', 'catkin_cmake_args': None, 'catkin_skip_building_tests': False, 'cmake_args': None, 'cmake_clean_cache': False, 'cmake_clean_first': False, 'cmake_force_configure': False, 'cmake_target': None, 'cmake_target_skip_unavailable': False, 'install_base': '/home/tang/code/control/install/remote_controller', 'merge_install': False, 'path': '/home/tang/code/control/bxi_rl_controller_ros2_example/src/remote_controller', 'symlink_install': False, 'test_result_base': None}
[0.954s] INFO:colcon.colcon_core.executor:Executing jobs using 'parallel' executor
[0.955s] DEBUG:colcon.colcon_parallel_executor.executor.parallel:run_until_complete
[0.955s] INFO:colcon.colcon_ros.task.ament_cmake.build:Building ROS package in '/home/tang/code/control/bxi_rl_controller_ros2_example/src/bxi_example' with build type 'ament_cmake'
[0.955s] INFO:colcon.colcon_cmake.task.cmake.build:Building CMake package in '/home/tang/code/control/bxi_rl_controller_ros2_example/src/bxi_example'
[0.971s] INFO:colcon.colcon_core.plugin_system:Skipping extension 'colcon_core.shell.bat': Not used on non-Windows systems
[0.972s] INFO:colcon.colcon_core.shell:Skip shell extension 'powershell' for command environment: Not usable outside of PowerShell
[0.972s] DEBUG:colcon.colcon_core.shell:Skip shell extension 'dsv' for command environment
[0.975s] INFO:colcon.colcon_ros.task.ament_python.build:Building ROS package in '/home/tang/code/control/bxi_rl_controller_ros2_example/src/bxi_example_py' with build type 'ament_python'
[0.975s] Level 1:colcon.colcon_core.shell:create_environment_hook('bxi_example_py', 'ament_prefix_path')
[0.976s] INFO:colcon.colcon_core.shell:Creating environment hook '/home/tang/code/control/install/bxi_example_py/share/bxi_example_py/hook/ament_prefix_path.ps1'
[0.978s] INFO:colcon.colcon_core.shell:Creating environment descriptor '/home/tang/code/control/install/bxi_example_py/share/bxi_example_py/hook/ament_prefix_path.dsv'
[0.979s] INFO:colcon.colcon_core.shell:Creating environment hook '/home/tang/code/control/install/bxi_example_py/share/bxi_example_py/hook/ament_prefix_path.sh'
[0.980s] INFO:colcon.colcon_core.shell:Skip shell extension 'powershell' for command environment: Not usable outside of PowerShell
[0.980s] DEBUG:colcon.colcon_core.shell:Skip shell extension 'dsv' for command environment
[0.982s] INFO:colcon.colcon_ros.task.ament_python.build:Building ROS package in '/home/tang/code/control/bxi_rl_controller_ros2_example/src/bxi_example_py_ankle' with build type 'ament_python'
[0.982s] Level 1:colcon.colcon_core.shell:create_environment_hook('bxi_example_py_ankle', 'ament_prefix_path')
[0.982s] INFO:colcon.colcon_core.shell:Creating environment hook '/home/tang/code/control/install/bxi_example_py_ankle/share/bxi_example_py_ankle/hook/ament_prefix_path.ps1'
[0.983s] INFO:colcon.colcon_core.shell:Creating environment descriptor '/home/tang/code/control/install/bxi_example_py_ankle/share/bxi_example_py_ankle/hook/ament_prefix_path.dsv'
[0.983s] INFO:colcon.colcon_core.shell:Creating environment hook '/home/tang/code/control/install/bxi_example_py_ankle/share/bxi_example_py_ankle/hook/ament_prefix_path.sh'
[0.984s] INFO:colcon.colcon_core.shell:Skip shell extension 'powershell' for command environment: Not usable outside of PowerShell
[0.984s] DEBUG:colcon.colcon_core.shell:Skip shell extension 'dsv' for command environment
[0.986s] INFO:colcon.colcon_ros.task.ament_python.build:Building ROS package in '/home/tang/code/control/bxi_rl_controller_ros2_example/src/bxi_example_py_trunk' with build type 'ament_python'
[0.986s] Level 1:colcon.colcon_core.shell:create_environment_hook('bxi_example_py_trunk', 'ament_prefix_path')
[0.986s] INFO:colcon.colcon_core.shell:Creating environment hook '/home/tang/code/control/install/bxi_example_py_trunk/share/bxi_example_py_trunk/hook/ament_prefix_path.ps1'
[0.987s] INFO:colcon.colcon_core.shell:Creating environment descriptor '/home/tang/code/control/install/bxi_example_py_trunk/share/bxi_example_py_trunk/hook/ament_prefix_path.dsv'
[0.987s] INFO:colcon.colcon_core.shell:Creating environment hook '/home/tang/code/control/install/bxi_example_py_trunk/share/bxi_example_py_trunk/hook/ament_prefix_path.sh'
[0.988s] INFO:colcon.colcon_core.shell:Skip shell extension 'powershell' for command environment: Not usable outside of PowerShell
[0.988s] DEBUG:colcon.colcon_core.shell:Skip shell extension 'dsv' for command environment
[0.991s] INFO:colcon.colcon_ros.task.ament_python.build:Building ROS package in '/home/tang/code/control/bxi_rl_controller_ros2_example/src/bxi_example_py_trunk_neck' with build type 'ament_python'
[0.991s] Level 1:colcon.colcon_core.shell:create_environment_hook('bxi_example_py_trunk_neck', 'ament_prefix_path')
[0.991s] INFO:colcon.colcon_core.shell:Creating environment hook '/home/tang/code/control/install/bxi_example_py_trunk_neck/share/bxi_example_py_trunk_neck/hook/ament_prefix_path.ps1'
[0.992s] INFO:colcon.colcon_core.shell:Creating environment descriptor '/home/tang/code/control/install/bxi_example_py_trunk_neck/share/bxi_example_py_trunk_neck/hook/ament_prefix_path.dsv'
[0.993s] INFO:colcon.colcon_core.shell:Creating environment hook '/home/tang/code/control/install/bxi_example_py_trunk_neck/share/bxi_example_py_trunk_neck/hook/ament_prefix_path.sh'
[0.993s] INFO:colcon.colcon_core.shell:Skip shell extension 'powershell' for command environment: Not usable outside of PowerShell
[0.993s] DEBUG:colcon.colcon_core.shell:Skip shell extension 'dsv' for command environment
[0.996s] INFO:colcon.colcon_ros.task.ament_cmake.build:Building ROS package in '/home/tang/code/control/bxi_rl_controller_ros2_example/src/remote_controller' with build type 'ament_cmake'
[0.996s] INFO:colcon.colcon_cmake.task.cmake.build:Building CMake package in '/home/tang/code/control/bxi_rl_controller_ros2_example/src/remote_controller'
[0.996s] INFO:colcon.colcon_core.shell:Skip shell extension 'powershell' for command environment: Not usable outside of PowerShell
[0.996s] DEBUG:colcon.colcon_core.shell:Skip shell extension 'dsv' for command environment
[1.002s] DEBUG:colcon.colcon_core.event_handler.log_command:Invoking command in '/home/tang/code/control/build/bxi_example': CMAKE_PREFIX_PATH=/opt/ros/humble /usr/bin/cmake /home/tang/code/control/bxi_rl_controller_ros2_example/src/bxi_example -DCMAKE_INSTALL_PREFIX=/home/tang/code/control/install/bxi_example
[1.212s] INFO:colcon.colcon_core.task.python.build:Building Python package in '/home/tang/code/control/bxi_rl_controller_ros2_example/src/bxi_example_py'
[1.212s] INFO:colcon.colcon_core.shell:Skip shell extension 'powershell' for command environment: Not usable outside of PowerShell
[1.212s] DEBUG:colcon.colcon_core.shell:Skip shell extension 'dsv' for command environment
[1.413s] INFO:colcon.colcon_core.task.python.build:Building Python package in '/home/tang/code/control/bxi_rl_controller_ros2_example/src/bxi_example_py_ankle'
[1.413s] INFO:colcon.colcon_core.shell:Skip shell extension 'powershell' for command environment: Not usable outside of PowerShell
[1.413s] DEBUG:colcon.colcon_core.shell:Skip shell extension 'dsv' for command environment
[1.623s] INFO:colcon.colcon_core.task.python.build:Building Python package in '/home/tang/code/control/bxi_rl_controller_ros2_example/src/bxi_example_py_trunk'
[1.623s] INFO:colcon.colcon_core.shell:Skip shell extension 'powershell' for command environment: Not usable outside of PowerShell
[1.623s] DEBUG:colcon.colcon_core.shell:Skip shell extension 'dsv' for command environment
[1.839s] INFO:colcon.colcon_core.task.python.build:Building Python package in '/home/tang/code/control/bxi_rl_controller_ros2_example/src/bxi_example_py_trunk_neck'
[1.839s] INFO:colcon.colcon_core.shell:Skip shell extension 'powershell' for command environment: Not usable outside of PowerShell
[1.839s] DEBUG:colcon.colcon_core.shell:Skip shell extension 'dsv' for command environment
[1.846s] DEBUG:colcon.colcon_core.event_handler.log_command:Invoking command in '/home/tang/code/control/build/remote_controller': CMAKE_PREFIX_PATH=/opt/ros/humble /usr/bin/cmake /home/tang/code/control/bxi_rl_controller_ros2_example/src/remote_controller -DCMAKE_INSTALL_PREFIX=/home/tang/code/control/install/remote_controller
[2.229s] DEBUG:colcon.colcon_core.event_handler.log_command:Invoking command in '/home/tang/code/control/bxi_rl_controller_ros2_example/src/bxi_example_py_trunk': PYTHONPATH=/home/tang/code/control/build/bxi_example_py_trunk/prefix_override:/usr/lib/python3/dist-packages/colcon_core/task/python/colcon_distutils_commands:/home/tang/code/control/install/bxi_example_py_trunk/lib/python3.10/site-packages:${PYTHONPATH} /usr/bin/python3 -W ignore:setup.py install is deprecated -W ignore:easy_install command is deprecated setup.py egg_info --egg-base ../../../build/bxi_example_py_trunk build --build-base /home/tang/code/control/build/bxi_example_py_trunk/build install --record /home/tang/code/control/build/bxi_example_py_trunk/install.log --single-version-externally-managed install_data
[2.242s] DEBUG:colcon.colcon_core.event_handler.log_command:Invoking command in '/home/tang/code/control/bxi_rl_controller_ros2_example/src/bxi_example_py_ankle': PYTHONPATH=/home/tang/code/control/build/bxi_example_py_ankle/prefix_override:/usr/lib/python3/dist-packages/colcon_core/task/python/colcon_distutils_commands:/home/tang/code/control/install/bxi_example_py_ankle/lib/python3.10/site-packages:${PYTHONPATH} /usr/bin/python3 -W ignore:setup.py install is deprecated -W ignore:easy_install command is deprecated setup.py egg_info --egg-base ../../../build/bxi_example_py_ankle build --build-base /home/tang/code/control/build/bxi_example_py_ankle/build install --record /home/tang/code/control/build/bxi_example_py_ankle/install.log --single-version-externally-managed install_data
[2.244s] DEBUG:colcon.colcon_core.event_handler.log_command:Invoking command in '/home/tang/code/control/bxi_rl_controller_ros2_example/src/bxi_example_py_trunk_neck': PYTHONPATH=/home/tang/code/control/build/bxi_example_py_trunk_neck/prefix_override:/usr/lib/python3/dist-packages/colcon_core/task/python/colcon_distutils_commands:/home/tang/code/control/install/bxi_example_py_trunk_neck/lib/python3.10/site-packages:${PYTHONPATH} /usr/bin/python3 -W ignore:setup.py install is deprecated -W ignore:easy_install command is deprecated setup.py egg_info --egg-base ../../../build/bxi_example_py_trunk_neck build --build-base /home/tang/code/control/build/bxi_example_py_trunk_neck/build install --record /home/tang/code/control/build/bxi_example_py_trunk_neck/install.log --single-version-externally-managed install_data
[2.247s] DEBUG:colcon.colcon_core.event_handler.log_command:Invoking command in '/home/tang/code/control/bxi_rl_controller_ros2_example/src/bxi_example_py': PYTHONPATH=/home/tang/code/control/build/bxi_example_py/prefix_override:/usr/lib/python3/dist-packages/colcon_core/task/python/colcon_distutils_commands:/home/tang/code/control/install/bxi_example_py/lib/python3.10/site-packages:${PYTHONPATH} /usr/bin/python3 -W ignore:setup.py install is deprecated -W ignore:easy_install command is deprecated setup.py egg_info --egg-base ../../../build/bxi_example_py build --build-base /home/tang/code/control/build/bxi_example_py/build install --record /home/tang/code/control/build/bxi_example_py/install.log --single-version-externally-managed install_data
[2.525s] DEBUG:colcon.colcon_core.event_handler.log_command:Invoked command in '/home/tang/code/control/bxi_rl_controller_ros2_example/src/bxi_example_py_ankle' returned '0': PYTHONPATH=/home/tang/code/control/build/bxi_example_py_ankle/prefix_override:/usr/lib/python3/dist-packages/colcon_core/task/python/colcon_distutils_commands:/home/tang/code/control/install/bxi_example_py_ankle/lib/python3.10/site-packages:${PYTHONPATH} /usr/bin/python3 -W ignore:setup.py install is deprecated -W ignore:easy_install command is deprecated setup.py egg_info --egg-base ../../../build/bxi_example_py_ankle build --build-base /home/tang/code/control/build/bxi_example_py_ankle/build install --record /home/tang/code/control/build/bxi_example_py_ankle/install.log --single-version-externally-managed install_data
[2.535s] Level 1:colcon.colcon_core.environment:checking '/home/tang/code/control/install/bxi_example_py_ankle' for CMake module files
[2.535s] Level 1:colcon.colcon_core.environment:checking '/home/tang/code/control/install/bxi_example_py_ankle' for CMake config files
[2.536s] Level 1:colcon.colcon_core.environment:checking '/home/tang/code/control/install/bxi_example_py_ankle/lib'
[2.536s] Level 1:colcon.colcon_core.environment:checking '/home/tang/code/control/install/bxi_example_py_ankle/bin'
[2.536s] Level 1:colcon.colcon_core.environment:checking '/home/tang/code/control/install/bxi_example_py_ankle/lib/pkgconfig/bxi_example_py_ankle.pc'
[2.537s] Level 1:colcon.colcon_core.environment:checking '/home/tang/code/control/install/bxi_example_py_ankle/lib/python3.10/site-packages'
[2.537s] Level 1:colcon.colcon_core.shell:create_environment_hook('bxi_example_py_ankle', 'pythonpath')
[2.537s] INFO:colcon.colcon_core.shell:Creating environment hook '/home/tang/code/control/install/bxi_example_py_ankle/share/bxi_example_py_ankle/hook/pythonpath.ps1'
[2.537s] INFO:colcon.colcon_core.shell:Creating environment descriptor '/home/tang/code/control/install/bxi_example_py_ankle/share/bxi_example_py_ankle/hook/pythonpath.dsv'
[2.537s] INFO:colcon.colcon_core.shell:Creating environment hook '/home/tang/code/control/install/bxi_example_py_ankle/share/bxi_example_py_ankle/hook/pythonpath.sh'
[2.538s] Level 1:colcon.colcon_core.environment:checking '/home/tang/code/control/install/bxi_example_py_ankle/bin'
[2.538s] Level 1:colcon.colcon_core.environment:create_environment_scripts_only(bxi_example_py_ankle)
[2.538s] INFO:colcon.colcon_core.shell:Creating package script '/home/tang/code/control/install/bxi_example_py_ankle/share/bxi_example_py_ankle/package.ps1'
[2.540s] INFO:colcon.colcon_core.shell:Creating package descriptor '/home/tang/code/control/install/bxi_example_py_ankle/share/bxi_example_py_ankle/package.dsv'
[2.542s] INFO:colcon.colcon_core.shell:Creating package script '/home/tang/code/control/install/bxi_example_py_ankle/share/bxi_example_py_ankle/package.sh'
[2.544s] INFO:colcon.colcon_core.shell:Creating package script '/home/tang/code/control/install/bxi_example_py_ankle/share/bxi_example_py_ankle/package.bash'
[2.546s] INFO:colcon.colcon_core.shell:Creating package script '/home/tang/code/control/install/bxi_example_py_ankle/share/bxi_example_py_ankle/package.zsh'
[2.547s] Level 1:colcon.colcon_core.environment:create_file_with_runtime_dependencies(/home/tang/code/control/install/bxi_example_py_ankle/share/colcon-core/packages/bxi_example_py_ankle)
[2.548s] Level 1:colcon.colcon_core.environment:checking '/home/tang/code/control/install/bxi_example_py_trunk' for CMake module files
[2.549s] DEBUG:colcon.colcon_core.event_handler.log_command:Invoked command in '/home/tang/code/control/bxi_rl_controller_ros2_example/src/bxi_example_py_trunk' returned '0': PYTHONPATH=/home/tang/code/control/build/bxi_example_py_trunk/prefix_override:/usr/lib/python3/dist-packages/colcon_core/task/python/colcon_distutils_commands:/home/tang/code/control/install/bxi_example_py_trunk/lib/python3.10/site-packages:${PYTHONPATH} /usr/bin/python3 -W ignore:setup.py install is deprecated -W ignore:easy_install command is deprecated setup.py egg_info --egg-base ../../../build/bxi_example_py_trunk build --build-base /home/tang/code/control/build/bxi_example_py_trunk/build install --record /home/tang/code/control/build/bxi_example_py_trunk/install.log --single-version-externally-managed install_data
[2.549s] Level 1:colcon.colcon_core.environment:checking '/home/tang/code/control/install/bxi_example_py_trunk' for CMake config files
[2.550s] Level 1:colcon.colcon_core.environment:checking '/home/tang/code/control/install/bxi_example_py_trunk/lib'
[2.550s] Level 1:colcon.colcon_core.environment:checking '/home/tang/code/control/install/bxi_example_py_trunk/bin'
[2.550s] Level 1:colcon.colcon_core.environment:checking '/home/tang/code/control/install/bxi_example_py_trunk/lib/pkgconfig/bxi_example_py_trunk.pc'
[2.550s] Level 1:colcon.colcon_core.environment:checking '/home/tang/code/control/install/bxi_example_py_trunk/lib/python3.10/site-packages'
[2.550s] Level 1:colcon.colcon_core.shell:create_environment_hook('bxi_example_py_trunk', 'pythonpath')
[2.550s] INFO:colcon.colcon_core.shell:Creating environment hook '/home/tang/code/control/install/bxi_example_py_trunk/share/bxi_example_py_trunk/hook/pythonpath.ps1'
[2.551s] INFO:colcon.colcon_core.shell:Creating environment descriptor '/home/tang/code/control/install/bxi_example_py_trunk/share/bxi_example_py_trunk/hook/pythonpath.dsv'
[2.551s] INFO:colcon.colcon_core.shell:Creating environment hook '/home/tang/code/control/install/bxi_example_py_trunk/share/bxi_example_py_trunk/hook/pythonpath.sh'
[2.551s] Level 1:colcon.colcon_core.environment:checking '/home/tang/code/control/install/bxi_example_py_trunk/bin'
[2.551s] Level 1:colcon.colcon_core.environment:create_environment_scripts_only(bxi_example_py_trunk)
[2.551s] INFO:colcon.colcon_core.shell:Creating package script '/home/tang/code/control/install/bxi_example_py_trunk/share/bxi_example_py_trunk/package.ps1'
[2.552s] INFO:colcon.colcon_core.shell:Creating package descriptor '/home/tang/code/control/install/bxi_example_py_trunk/share/bxi_example_py_trunk/package.dsv'
[2.552s] INFO:colcon.colcon_core.shell:Creating package script '/home/tang/code/control/install/bxi_example_py_trunk/share/bxi_example_py_trunk/package.sh'
[2.553s] INFO:colcon.colcon_core.shell:Creating package script '/home/tang/code/control/install/bxi_example_py_trunk/share/bxi_example_py_trunk/package.bash'
[2.553s] INFO:colcon.colcon_core.shell:Creating package script '/home/tang/code/control/install/bxi_example_py_trunk/share/bxi_example_py_trunk/package.zsh'
[2.553s] Level 1:colcon.colcon_core.environment:create_file_with_runtime_dependencies(/home/tang/code/control/install/bxi_example_py_trunk/share/colcon-core/packages/bxi_example_py_trunk)
[2.554s] Level 1:colcon.colcon_core.environment:checking '/home/tang/code/control/install/bxi_example_py' for CMake module files
[2.555s] DEBUG:colcon.colcon_core.event_handler.log_command:Invoked command in '/home/tang/code/control/bxi_rl_controller_ros2_example/src/bxi_example_py' returned '0': PYTHONPATH=/home/tang/code/control/build/bxi_example_py/prefix_override:/usr/lib/python3/dist-packages/colcon_core/task/python/colcon_distutils_commands:/home/tang/code/control/install/bxi_example_py/lib/python3.10/site-packages:${PYTHONPATH} /usr/bin/python3 -W ignore:setup.py install is deprecated -W ignore:easy_install command is deprecated setup.py egg_info --egg-base ../../../build/bxi_example_py build --build-base /home/tang/code/control/build/bxi_example_py/build install --record /home/tang/code/control/build/bxi_example_py/install.log --single-version-externally-managed install_data
[2.555s] Level 1:colcon.colcon_core.environment:checking '/home/tang/code/control/install/bxi_example_py' for CMake config files
[2.555s] Level 1:colcon.colcon_core.environment:checking '/home/tang/code/control/install/bxi_example_py/lib'
[2.556s] Level 1:colcon.colcon_core.environment:checking '/home/tang/code/control/install/bxi_example_py/bin'
[2.556s] Level 1:colcon.colcon_core.environment:checking '/home/tang/code/control/install/bxi_example_py/lib/pkgconfig/bxi_example_py.pc'
[2.556s] Level 1:colcon.colcon_core.environment:checking '/home/tang/code/control/install/bxi_example_py/lib/python3.10/site-packages'
[2.556s] Level 1:colcon.colcon_core.shell:create_environment_hook('bxi_example_py', 'pythonpath')
[2.556s] INFO:colcon.colcon_core.shell:Creating environment hook '/home/tang/code/control/install/bxi_example_py/share/bxi_example_py/hook/pythonpath.ps1'
[2.557s] INFO:colcon.colcon_core.shell:Creating environment descriptor '/home/tang/code/control/install/bxi_example_py/share/bxi_example_py/hook/pythonpath.dsv'
[2.557s] INFO:colcon.colcon_core.shell:Creating environment hook '/home/tang/code/control/install/bxi_example_py/share/bxi_example_py/hook/pythonpath.sh'
[2.557s] Level 1:colcon.colcon_core.environment:checking '/home/tang/code/control/install/bxi_example_py/bin'
[2.557s] Level 1:colcon.colcon_core.environment:create_environment_scripts_only(bxi_example_py)
[2.558s] INFO:colcon.colcon_core.shell:Creating package script '/home/tang/code/control/install/bxi_example_py/share/bxi_example_py/package.ps1'
[2.558s] INFO:colcon.colcon_core.shell:Creating package descriptor '/home/tang/code/control/install/bxi_example_py/share/bxi_example_py/package.dsv'
[2.559s] INFO:colcon.colcon_core.shell:Creating package script '/home/tang/code/control/install/bxi_example_py/share/bxi_example_py/package.sh'
[2.559s] INFO:colcon.colcon_core.shell:Creating package script '/home/tang/code/control/install/bxi_example_py/share/bxi_example_py/package.bash'
[2.559s] INFO:colcon.colcon_core.shell:Creating package script '/home/tang/code/control/install/bxi_example_py/share/bxi_example_py/package.zsh'
[2.560s] Level 1:colcon.colcon_core.environment:create_file_with_runtime_dependencies(/home/tang/code/control/install/bxi_example_py/share/colcon-core/packages/bxi_example_py)
[2.561s] Level 1:colcon.colcon_core.environment:checking '/home/tang/code/control/install/bxi_example_py_trunk_neck' for CMake module files
[2.562s] DEBUG:colcon.colcon_core.event_handler.log_command:Invoked command in '/home/tang/code/control/bxi_rl_controller_ros2_example/src/bxi_example_py_trunk_neck' returned '0': PYTHONPATH=/home/tang/code/control/build/bxi_example_py_trunk_neck/prefix_override:/usr/lib/python3/dist-packages/colcon_core/task/python/colcon_distutils_commands:/home/tang/code/control/install/bxi_example_py_trunk_neck/lib/python3.10/site-packages:${PYTHONPATH} /usr/bin/python3 -W ignore:setup.py install is deprecated -W ignore:easy_install command is deprecated setup.py egg_info --egg-base ../../../build/bxi_example_py_trunk_neck build --build-base /home/tang/code/control/build/bxi_example_py_trunk_neck/build install --record /home/tang/code/control/build/bxi_example_py_trunk_neck/install.log --single-version-externally-managed install_data
[2.562s] Level 1:colcon.colcon_core.environment:checking '/home/tang/code/control/install/bxi_example_py_trunk_neck' for CMake config files
[2.563s] Level 1:colcon.colcon_core.environment:checking '/home/tang/code/control/install/bxi_example_py_trunk_neck/lib'
[2.563s] Level 1:colcon.colcon_core.environment:checking '/home/tang/code/control/install/bxi_example_py_trunk_neck/bin'
[2.563s] Level 1:colcon.colcon_core.environment:checking '/home/tang/code/control/install/bxi_example_py_trunk_neck/lib/pkgconfig/bxi_example_py_trunk_neck.pc'
[2.563s] Level 1:colcon.colcon_core.environment:checking '/home/tang/code/control/install/bxi_example_py_trunk_neck/lib/python3.10/site-packages'
[2.563s] Level 1:colcon.colcon_core.shell:create_environment_hook('bxi_example_py_trunk_neck', 'pythonpath')
[2.564s] INFO:colcon.colcon_core.shell:Creating environment hook '/home/tang/code/control/install/bxi_example_py_trunk_neck/share/bxi_example_py_trunk_neck/hook/pythonpath.ps1'
[2.564s] INFO:colcon.colcon_core.shell:Creating environment descriptor '/home/tang/code/control/install/bxi_example_py_trunk_neck/share/bxi_example_py_trunk_neck/hook/pythonpath.dsv'
[2.564s] INFO:colcon.colcon_core.shell:Creating environment hook '/home/tang/code/control/install/bxi_example_py_trunk_neck/share/bxi_example_py_trunk_neck/hook/pythonpath.sh'
[2.565s] Level 1:colcon.colcon_core.environment:checking '/home/tang/code/control/install/bxi_example_py_trunk_neck/bin'
[2.565s] Level 1:colcon.colcon_core.environment:create_environment_scripts_only(bxi_example_py_trunk_neck)
[2.565s] INFO:colcon.colcon_core.shell:Creating package script '/home/tang/code/control/install/bxi_example_py_trunk_neck/share/bxi_example_py_trunk_neck/package.ps1'
[2.565s] INFO:colcon.colcon_core.shell:Creating package descriptor '/home/tang/code/control/install/bxi_example_py_trunk_neck/share/bxi_example_py_trunk_neck/package.dsv'
[2.566s] INFO:colcon.colcon_core.shell:Creating package script '/home/tang/code/control/install/bxi_example_py_trunk_neck/share/bxi_example_py_trunk_neck/package.sh'
[2.566s] INFO:colcon.colcon_core.shell:Creating package script '/home/tang/code/control/install/bxi_example_py_trunk_neck/share/bxi_example_py_trunk_neck/package.bash'
[2.566s] INFO:colcon.colcon_core.shell:Creating package script '/home/tang/code/control/install/bxi_example_py_trunk_neck/share/bxi_example_py_trunk_neck/package.zsh'
[2.567s] Level 1:colcon.colcon_core.environment:create_file_with_runtime_dependencies(/home/tang/code/control/install/bxi_example_py_trunk_neck/share/colcon-core/packages/bxi_example_py_trunk_neck)
[2.678s] DEBUG:colcon.colcon_core.event_handler.log_command:Invoked command in '/home/tang/code/control/build/bxi_example' returned '1': CMAKE_PREFIX_PATH=/opt/ros/humble /usr/bin/cmake /home/tang/code/control/bxi_rl_controller_ros2_example/src/bxi_example -DCMAKE_INSTALL_PREFIX=/home/tang/code/control/install/bxi_example
[2.689s] Level 1:colcon.colcon_core.environment:create_environment_scripts_only(bxi_example)
[2.689s] Level 1:colcon.colcon_core.environment:checking '/home/tang/code/control/install/bxi_example' for CMake module files
[2.689s] Level 1:colcon.colcon_core.environment:checking '/home/tang/code/control/install/bxi_example' for CMake config files
[2.689s] Level 1:colcon.colcon_core.environment:checking '/home/tang/code/control/install/bxi_example/bin'
[2.690s] Level 1:colcon.colcon_core.environment:checking '/home/tang/code/control/install/bxi_example/lib/pkgconfig/bxi_example.pc'
[2.690s] Level 1:colcon.colcon_core.environment:checking '/home/tang/code/control/install/bxi_example/lib/python3.10/site-packages'
[2.690s] Level 1:colcon.colcon_core.environment:checking '/home/tang/code/control/install/bxi_example/bin'
[2.690s] INFO:colcon.colcon_core.shell:Creating package script '/home/tang/code/control/install/bxi_example/share/bxi_example/package.ps1'
[2.690s] INFO:colcon.colcon_core.shell:Creating package descriptor '/home/tang/code/control/install/bxi_example/share/bxi_example/package.dsv'
[2.691s] INFO:colcon.colcon_core.shell:Creating package script '/home/tang/code/control/install/bxi_example/share/bxi_example/package.sh'
[2.691s] INFO:colcon.colcon_core.shell:Creating package script '/home/tang/code/control/install/bxi_example/share/bxi_example/package.bash'
[2.691s] INFO:colcon.colcon_core.shell:Creating package script '/home/tang/code/control/install/bxi_example/share/bxi_example/package.zsh'
[2.691s] Level 1:colcon.colcon_core.environment:create_file_with_runtime_dependencies(/home/tang/code/control/install/bxi_example/share/colcon-core/packages/bxi_example)
[2.865s] DEBUG:colcon.colcon_parallel_executor.executor.parallel:closing loop
[2.865s] DEBUG:colcon.colcon_parallel_executor.executor.parallel:loop closed
[2.865s] DEBUG:colcon.colcon_parallel_executor.executor.parallel:run_until_complete finished with '1'
[2.865s] DEBUG:colcon.colcon_core.event_reactor:joining thread
[2.883s] INFO:colcon.colcon_core.plugin_system:Skipping extension 'colcon_notification.desktop_notification.terminal_notifier': Not used on non-Darwin systems
[2.883s] INFO:colcon.colcon_core.plugin_system:Skipping extension 'colcon_notification.desktop_notification.win32': Not used on non-Windows systems
[2.883s] INFO:colcon.colcon_notification.desktop_notification:Sending desktop notification using 'notify2'
[2.897s] DEBUG:colcon.colcon_core.event_reactor:joined thread
[2.897s] INFO:colcon.colcon_core.shell:Creating prefix script '/home/tang/code/control/install/local_setup.ps1'
[2.899s] INFO:colcon.colcon_core.shell:Creating prefix util module '/home/tang/code/control/install/_local_setup_util_ps1.py'
[2.900s] INFO:colcon.colcon_core.shell:Creating prefix chain script '/home/tang/code/control/install/setup.ps1'
[2.902s] INFO:colcon.colcon_core.shell:Creating prefix script '/home/tang/code/control/install/local_setup.sh'
[2.903s] INFO:colcon.colcon_core.shell:Creating prefix util module '/home/tang/code/control/install/_local_setup_util_sh.py'
[2.903s] INFO:colcon.colcon_core.shell:Creating prefix chain script '/home/tang/code/control/install/setup.sh'
[2.905s] INFO:colcon.colcon_core.shell:Creating prefix script '/home/tang/code/control/install/local_setup.bash'
[2.906s] INFO:colcon.colcon_core.shell:Creating prefix chain script '/home/tang/code/control/install/setup.bash'
[2.907s] INFO:colcon.colcon_core.shell:Creating prefix script '/home/tang/code/control/install/local_setup.zsh'
[2.907s] INFO:colcon.colcon_core.shell:Creating prefix chain script '/home/tang/code/control/install/setup.zsh'
