[0.046s] Invoking command in '/home/tang/code/control/build/bxi_example': CMAKE_PREFIX_PATH=/opt/ros/humble /usr/bin/cmake /home/tang/code/control/bxi_rl_controller_ros2_example/src/bxi_example -DCMAKE_INSTALL_PREFIX=/home/tang/code/control/install/bxi_example
[0.887s] -- The C compiler identification is GNU 12.3.0
[0.887s] -- The CXX compiler identification is GNU 11.4.0
[0.887s] -- Detecting C compiler ABI info
[0.887s] -- Detecting C compiler ABI info - done
[0.887s] -- Check for working C compiler: /usr/bin/cc - skipped
[0.887s] -- Detecting C compile features
[0.887s] -- Detecting C compile features - done
[0.887s] -- Detecting CXX compiler ABI info
[0.887s] -- Detecting CXX compiler ABI info - done
[0.887s] -- Check for working CXX compiler: /usr/bin/c++ - skipped
[0.887s] -- Detecting CXX compile features
[0.888s] -- Detecting CXX compile features - done
[0.888s] -- Found ament_cmake: 1.3.11 (/opt/ros/humble/share/ament_cmake/cmake)
[0.888s] -- Found Python3: /usr/bin/python3 (found version "3.10.12") found components: Interpreter 
[0.888s] -- Found rclcpp: 16.0.12 (/opt/ros/humble/share/rclcpp/cmake)
[0.931s] -- Found rosidl_generator_c: 3.1.6 (/opt/ros/humble/share/rosidl_generator_c/cmake)
[0.940s] -- Found rosidl_adapter: 3.1.6 (/opt/ros/humble/share/rosidl_adapter/cmake)
[0.957s] -- Found rosidl_generator_cpp: 3.1.6 (/opt/ros/humble/share/rosidl_generator_cpp/cmake)
[0.982s] -- Using all available rosidl_typesupport_c: rosidl_typesupport_fastrtps_c;rosidl_typesupport_introspection_c
[1.012s] -- Using all available rosidl_typesupport_cpp: rosidl_typesupport_fastrtps_cpp;rosidl_typesupport_introspection_cpp
[1.107s] -- Found rmw_implementation_cmake: 6.1.2 (/opt/ros/humble/share/rmw_implementation_cmake/cmake)
[1.113s] -- Found rmw_fastrtps_cpp: 6.2.7 (/opt/ros/humble/share/rmw_fastrtps_cpp/cmake)
[1.242s] -- Found OpenSSL: /usr/lib/x86_64-linux-gnu/libcrypto.so (found version "3.0.2")  
[1.275s] -- Found FastRTPS: /opt/ros/humble/include  
[1.325s] -- Using RMW implementation 'rmw_fastrtps_cpp' as default
[1.347s] -- Looking for pthread.h
[1.447s] -- Looking for pthread.h - found
[1.448s] -- Performing Test CMAKE_HAVE_LIBC_PTHREAD
[1.530s] -- Performing Test CMAKE_HAVE_LIBC_PTHREAD - Success
[1.531s] -- Found Threads: TRUE  
[1.619s] -- Found nav_msgs: 4.8.0 (/opt/ros/humble/share/nav_msgs/cmake)
[1.673s] -- Found sensor_msgs: 4.8.0 (/opt/ros/humble/share/sensor_msgs/cmake)
[1.711s] [31mCMake Error at CMakeLists.txt:15 (find_package):
[1.711s]   By not providing "Findcommunication.cmake" in CMAKE_MODULE_PATH this
[1.711s]   project has asked CMake to find a package configuration file provided by
[1.711s]   "communication", but CMake did not find one.
[1.711s] 
[1.711s]   Could not find a package configuration file provided by "communication"
[1.711s]   with any of the following names:
[1.711s] 
[1.711s]     communicationConfig.cmake
[1.711s]     communication-config.cmake
[1.711s] 
[1.711s]   Add the installation prefix of "communication" to CMAKE_PREFIX_PATH or set
[1.711s]   "communication_DIR" to a directory containing one of the above files.  If
[1.711s]   "communication" provides a separate development package or SDK, be sure it
[1.711s]   has been installed.
[1.711s] 
[1.711s] [0m
[1.712s] -- Configuring incomplete, errors occurred!
[1.712s] See also "/home/tang/code/control/build/bxi_example/CMakeFiles/CMakeOutput.log".
[1.722s] Invoked command in '/home/tang/code/control/build/bxi_example' returned '1': CMAKE_PREFIX_PATH=/opt/ros/humble /usr/bin/cmake /home/tang/code/control/bxi_rl_controller_ros2_example/src/bxi_example -DCMAKE_INSTALL_PREFIX=/home/tang/code/control/install/bxi_example
