[1.142s] Invoking command in '/home/tang/code/control/bxi_rl_controller_ros2_example/src/bxi_example_py_trunk_neck': PYTHONPATH=/home/tang/code/control/build/bxi_example_py_trunk_neck/prefix_override:/usr/lib/python3/dist-packages/colcon_core/task/python/colcon_distutils_commands:/home/tang/code/control/install/bxi_example_py_trunk_neck/lib/python3.10/site-packages:${PYTHONPATH} /usr/bin/python3 -W ignore:setup.py install is deprecated -W ignore:easy_install command is deprecated setup.py egg_info --egg-base ../../../build/bxi_example_py_trunk_neck build --build-base /home/tang/code/control/build/bxi_example_py_trunk_neck/build install --record /home/tang/code/control/build/bxi_example_py_trunk_neck/install.log --single-version-externally-managed install_data
[1.354s] running egg_info
[1.355s] creating ../../../build/bxi_example_py_trunk_neck/bxi_example_py_trunk_neck.egg-info
[1.355s] writing ../../../build/bxi_example_py_trunk_neck/bxi_example_py_trunk_neck.egg-info/PKG-INFO
[1.355s] writing dependency_links to ../../../build/bxi_example_py_trunk_neck/bxi_example_py_trunk_neck.egg-info/dependency_links.txt
[1.356s] writing entry points to ../../../build/bxi_example_py_trunk_neck/bxi_example_py_trunk_neck.egg-info/entry_points.txt
[1.356s] writing requirements to ../../../build/bxi_example_py_trunk_neck/bxi_example_py_trunk_neck.egg-info/requires.txt
[1.356s] writing top-level names to ../../../build/bxi_example_py_trunk_neck/bxi_example_py_trunk_neck.egg-info/top_level.txt
[1.356s] writing manifest file '../../../build/bxi_example_py_trunk_neck/bxi_example_py_trunk_neck.egg-info/SOURCES.txt'
[1.357s] reading manifest file '../../../build/bxi_example_py_trunk_neck/bxi_example_py_trunk_neck.egg-info/SOURCES.txt'
[1.358s] writing manifest file '../../../build/bxi_example_py_trunk_neck/bxi_example_py_trunk_neck.egg-info/SOURCES.txt'
[1.358s] running build
[1.358s] running build_py
[1.358s] creating /home/tang/code/control/build/bxi_example_py_trunk_neck/build
[1.358s] creating /home/tang/code/control/build/bxi_example_py_trunk_neck/build/lib
[1.358s] creating /home/tang/code/control/build/bxi_example_py_trunk_neck/build/lib/bxi_example_py_trunk_neck
[1.358s] copying bxi_example_py_trunk_neck/bxi_example.py -> /home/tang/code/control/build/bxi_example_py_trunk_neck/build/lib/bxi_example_py_trunk_neck
[1.358s] copying bxi_example_py_trunk_neck/arm_motion_controller.py -> /home/tang/code/control/build/bxi_example_py_trunk_neck/build/lib/bxi_example_py_trunk_neck
[1.359s] copying bxi_example_py_trunk_neck/running_arm_controller.py -> /home/tang/code/control/build/bxi_example_py_trunk_neck/build/lib/bxi_example_py_trunk_neck
[1.359s] copying bxi_example_py_trunk_neck/right_arm_handshake_controller.py -> /home/tang/code/control/build/bxi_example_py_trunk_neck/build/lib/bxi_example_py_trunk_neck
[1.359s] copying bxi_example_py_trunk_neck/__init__.py -> /home/tang/code/control/build/bxi_example_py_trunk_neck/build/lib/bxi_example_py_trunk_neck
[1.359s] running install
[1.359s] running install_lib
[1.360s] running install_data
[1.360s] running install_egg_info
[1.362s] removing '/home/tang/code/control/install/bxi_example_py_trunk_neck/lib/python3.10/site-packages/bxi_example_py_trunk_neck-0.0.0-py3.10.egg-info' (and everything under it)
[1.362s] Copying ../../../build/bxi_example_py_trunk_neck/bxi_example_py_trunk_neck.egg-info to /home/tang/code/control/install/bxi_example_py_trunk_neck/lib/python3.10/site-packages/bxi_example_py_trunk_neck-0.0.0-py3.10.egg-info
[1.363s] running install_scripts
[1.382s] Installing bxi_example_py_trunk_neck script to /home/tang/code/control/install/bxi_example_py_trunk_neck/lib/bxi_example_py_trunk_neck
[1.382s] writing list of installed files to '/home/tang/code/control/build/bxi_example_py_trunk_neck/install.log'
[1.432s] Invoked command in '/home/tang/code/control/bxi_rl_controller_ros2_example/src/bxi_example_py_trunk_neck' returned '0': PYTHONPATH=/home/tang/code/control/build/bxi_example_py_trunk_neck/prefix_override:/usr/lib/python3/dist-packages/colcon_core/task/python/colcon_distutils_commands:/home/tang/code/control/install/bxi_example_py_trunk_neck/lib/python3.10/site-packages:${PYTHONPATH} /usr/bin/python3 -W ignore:setup.py install is deprecated -W ignore:easy_install command is deprecated setup.py egg_info --egg-base ../../../build/bxi_example_py_trunk_neck build --build-base /home/tang/code/control/build/bxi_example_py_trunk_neck/build install --record /home/tang/code/control/build/bxi_example_py_trunk_neck/install.log --single-version-externally-managed install_data
