[1.252s] Invoking command in '/home/tang/code/control/bxi_rl_controller_ros2_example/src/bxi_example_py_trunk_neck': PYTHONPATH=/home/tang/code/control/build/bxi_example_py_trunk_neck/prefix_override:/usr/lib/python3/dist-packages/colcon_core/task/python/colcon_distutils_commands:/home/tang/code/control/install/bxi_example_py_trunk_neck/lib/python3.10/site-packages:${PYTHONPATH} /usr/bin/python3 -W ignore:setup.py install is deprecated -W ignore:easy_install command is deprecated setup.py egg_info --egg-base ../../../build/bxi_example_py_trunk_neck build --build-base /home/tang/code/control/build/bxi_example_py_trunk_neck/build install --record /home/tang/code/control/build/bxi_example_py_trunk_neck/install.log --single-version-externally-managed install_data
[1.471s] running egg_info
[1.471s] creating ../../../build/bxi_example_py_trunk_neck/bxi_example_py_trunk_neck.egg-info
[1.472s] writing ../../../build/bxi_example_py_trunk_neck/bxi_example_py_trunk_neck.egg-info/PKG-INFO
[1.472s] writing dependency_links to ../../../build/bxi_example_py_trunk_neck/bxi_example_py_trunk_neck.egg-info/dependency_links.txt
[1.472s] writing entry points to ../../../build/bxi_example_py_trunk_neck/bxi_example_py_trunk_neck.egg-info/entry_points.txt
[1.472s] writing requirements to ../../../build/bxi_example_py_trunk_neck/bxi_example_py_trunk_neck.egg-info/requires.txt
[1.473s] writing top-level names to ../../../build/bxi_example_py_trunk_neck/bxi_example_py_trunk_neck.egg-info/top_level.txt
[1.473s] writing manifest file '../../../build/bxi_example_py_trunk_neck/bxi_example_py_trunk_neck.egg-info/SOURCES.txt'
[1.475s] reading manifest file '../../../build/bxi_example_py_trunk_neck/bxi_example_py_trunk_neck.egg-info/SOURCES.txt'
[1.475s] writing manifest file '../../../build/bxi_example_py_trunk_neck/bxi_example_py_trunk_neck.egg-info/SOURCES.txt'
[1.476s] running build
[1.476s] running build_py
[1.476s] creating /home/tang/code/control/build/bxi_example_py_trunk_neck/build
[1.476s] creating /home/tang/code/control/build/bxi_example_py_trunk_neck/build/lib
[1.476s] creating /home/tang/code/control/build/bxi_example_py_trunk_neck/build/lib/bxi_example_py_trunk_neck
[1.476s] copying bxi_example_py_trunk_neck/bxi_example.py -> /home/tang/code/control/build/bxi_example_py_trunk_neck/build/lib/bxi_example_py_trunk_neck
[1.477s] copying bxi_example_py_trunk_neck/arm_motion_controller.py -> /home/tang/code/control/build/bxi_example_py_trunk_neck/build/lib/bxi_example_py_trunk_neck
[1.477s] copying bxi_example_py_trunk_neck/running_arm_controller.py -> /home/tang/code/control/build/bxi_example_py_trunk_neck/build/lib/bxi_example_py_trunk_neck
[1.477s] copying bxi_example_py_trunk_neck/right_arm_handshake_controller.py -> /home/tang/code/control/build/bxi_example_py_trunk_neck/build/lib/bxi_example_py_trunk_neck
[1.477s] copying bxi_example_py_trunk_neck/__init__.py -> /home/tang/code/control/build/bxi_example_py_trunk_neck/build/lib/bxi_example_py_trunk_neck
[1.478s] running install
[1.478s] running install_lib
[1.479s] creating /home/tang/code/control/install/bxi_example_py_trunk_neck/lib/python3.10/site-packages/bxi_example_py_trunk_neck
[1.479s] copying /home/tang/code/control/build/bxi_example_py_trunk_neck/build/lib/bxi_example_py_trunk_neck/bxi_example.py -> /home/tang/code/control/install/bxi_example_py_trunk_neck/lib/python3.10/site-packages/bxi_example_py_trunk_neck
[1.479s] copying /home/tang/code/control/build/bxi_example_py_trunk_neck/build/lib/bxi_example_py_trunk_neck/arm_motion_controller.py -> /home/tang/code/control/install/bxi_example_py_trunk_neck/lib/python3.10/site-packages/bxi_example_py_trunk_neck
[1.479s] copying /home/tang/code/control/build/bxi_example_py_trunk_neck/build/lib/bxi_example_py_trunk_neck/running_arm_controller.py -> /home/tang/code/control/install/bxi_example_py_trunk_neck/lib/python3.10/site-packages/bxi_example_py_trunk_neck
[1.479s] copying /home/tang/code/control/build/bxi_example_py_trunk_neck/build/lib/bxi_example_py_trunk_neck/right_arm_handshake_controller.py -> /home/tang/code/control/install/bxi_example_py_trunk_neck/lib/python3.10/site-packages/bxi_example_py_trunk_neck
[1.479s] copying /home/tang/code/control/build/bxi_example_py_trunk_neck/build/lib/bxi_example_py_trunk_neck/__init__.py -> /home/tang/code/control/install/bxi_example_py_trunk_neck/lib/python3.10/site-packages/bxi_example_py_trunk_neck
[1.480s] byte-compiling /home/tang/code/control/install/bxi_example_py_trunk_neck/lib/python3.10/site-packages/bxi_example_py_trunk_neck/bxi_example.py to bxi_example.cpython-310.pyc
[1.485s] byte-compiling /home/tang/code/control/install/bxi_example_py_trunk_neck/lib/python3.10/site-packages/bxi_example_py_trunk_neck/arm_motion_controller.py to arm_motion_controller.cpython-310.pyc
[1.486s] byte-compiling /home/tang/code/control/install/bxi_example_py_trunk_neck/lib/python3.10/site-packages/bxi_example_py_trunk_neck/running_arm_controller.py to running_arm_controller.cpython-310.pyc
[1.487s] byte-compiling /home/tang/code/control/install/bxi_example_py_trunk_neck/lib/python3.10/site-packages/bxi_example_py_trunk_neck/right_arm_handshake_controller.py to right_arm_handshake_controller.cpython-310.pyc
[1.488s] byte-compiling /home/tang/code/control/install/bxi_example_py_trunk_neck/lib/python3.10/site-packages/bxi_example_py_trunk_neck/__init__.py to __init__.cpython-310.pyc
[1.488s] running install_data
[1.488s] creating /home/tang/code/control/install/bxi_example_py_trunk_neck/share/ament_index
[1.488s] creating /home/tang/code/control/install/bxi_example_py_trunk_neck/share/ament_index/resource_index
[1.488s] creating /home/tang/code/control/install/bxi_example_py_trunk_neck/share/ament_index/resource_index/packages
[1.489s] copying resource/bxi_example_py_trunk_neck -> /home/tang/code/control/install/bxi_example_py_trunk_neck/share/ament_index/resource_index/packages
[1.489s] copying package.xml -> /home/tang/code/control/install/bxi_example_py_trunk_neck/share/bxi_example_py_trunk_neck
[1.489s] creating /home/tang/code/control/install/bxi_example_py_trunk_neck/share/bxi_example_py_trunk_neck/launch
[1.489s] copying launch/example_launch_hw.py -> /home/tang/code/control/install/bxi_example_py_trunk_neck/share/bxi_example_py_trunk_neck/launch
[1.489s] creating /home/tang/code/control/install/bxi_example_py_trunk_neck/share/bxi_example_py_trunk_neck/policy
[1.489s] copying policy/model.onnx -> /home/tang/code/control/install/bxi_example_py_trunk_neck/share/bxi_example_py_trunk_neck/policy/.
[1.491s] running install_egg_info
[1.493s] Copying ../../../build/bxi_example_py_trunk_neck/bxi_example_py_trunk_neck.egg-info to /home/tang/code/control/install/bxi_example_py_trunk_neck/lib/python3.10/site-packages/bxi_example_py_trunk_neck-0.0.0-py3.10.egg-info
[1.494s] running install_scripts
[1.514s] Installing bxi_example_py_trunk_neck script to /home/tang/code/control/install/bxi_example_py_trunk_neck/lib/bxi_example_py_trunk_neck
[1.515s] writing list of installed files to '/home/tang/code/control/build/bxi_example_py_trunk_neck/install.log'
[1.571s] Invoked command in '/home/tang/code/control/bxi_rl_controller_ros2_example/src/bxi_example_py_trunk_neck' returned '0': PYTHONPATH=/home/tang/code/control/build/bxi_example_py_trunk_neck/prefix_override:/usr/lib/python3/dist-packages/colcon_core/task/python/colcon_distutils_commands:/home/tang/code/control/install/bxi_example_py_trunk_neck/lib/python3.10/site-packages:${PYTHONPATH} /usr/bin/python3 -W ignore:setup.py install is deprecated -W ignore:easy_install command is deprecated setup.py egg_info --egg-base ../../../build/bxi_example_py_trunk_neck build --build-base /home/tang/code/control/build/bxi_example_py_trunk_neck/build install --record /home/tang/code/control/build/bxi_example_py_trunk_neck/install.log --single-version-externally-managed install_data
