[0.079s] DEBUG:colcon:Command line arguments: ['/usr/bin/colcon', 'build']
[0.080s] DEBUG:colcon:Parsed command line arguments: Namespace(log_base=None, log_level=None, verb_name='build', build_base='build', install_base='install', merge_install=False, symlink_install=False, test_result_base=None, continue_on_error=False, executor='parallel', parallel_workers=16, event_handlers=None, ignore_user_meta=False, metas=['./colcon.meta'], base_paths=['.'], packages_ignore=None, packages_ignore_regex=None, paths=None, packages_up_to=None, packages_up_to_regex=None, packages_above=None, packages_above_and_dependencies=None, packages_above_depth=None, packages_select_by_dep=None, packages_skip_by_dep=None, packages_skip_up_to=None, packages_select_build_failed=False, packages_skip_build_finished=False, packages_select_test_failures=False, packages_skip_test_passed=False, packages_select=None, packages_skip=None, packages_select_regex=None, packages_skip_regex=None, packages_start=None, packages_end=None, allow_overriding=[], cmake_args=None, cmake_target=None, cmake_target_skip_unavailable=False, cmake_clean_cache=False, cmake_clean_first=False, cmake_force_configure=False, ament_cmake_args=None, catkin_cmake_args=None, catkin_skip_building_tests=False, verb_parser=<colcon_defaults.argument_parser.defaults.DefaultArgumentsDecorator object at 0x79c21502f280>, verb_extension=<colcon_core.verb.build.BuildVerb object at 0x79c21502ed70>, main=<bound method BuildVerb.main of <colcon_core.verb.build.BuildVerb object at 0x79c21502ed70>>)
[0.204s] Level 1:colcon.colcon_core.package_discovery:discover_packages(colcon_meta) check parameters
[0.204s] Level 1:colcon.colcon_core.package_discovery:discover_packages(recursive) check parameters
[0.204s] Level 1:colcon.colcon_core.package_discovery:discover_packages(ignore) check parameters
[0.204s] Level 1:colcon.colcon_core.package_discovery:discover_packages(path) check parameters
[0.204s] Level 1:colcon.colcon_core.package_discovery:discover_packages(colcon_meta) discover
[0.204s] Level 1:colcon.colcon_core.package_discovery:discover_packages(recursive) discover
[0.204s] INFO:colcon.colcon_core.package_discovery:Crawling recursively for packages in '/home/tang/code/control'
[0.204s] Level 1:colcon.colcon_core.package_identification:_identify(.) by extensions ['ignore', 'ignore_ament_install']
[0.204s] Level 1:colcon.colcon_core.package_identification:_identify(.) by extension 'ignore'
[0.204s] Level 1:colcon.colcon_core.package_identification:_identify(.) by extension 'ignore_ament_install'
[0.204s] Level 1:colcon.colcon_core.package_identification:_identify(.) by extensions ['colcon_pkg']
[0.204s] Level 1:colcon.colcon_core.package_identification:_identify(.) by extension 'colcon_pkg'
[0.204s] Level 1:colcon.colcon_core.package_identification:_identify(.) by extensions ['colcon_meta']
[0.204s] Level 1:colcon.colcon_core.package_identification:_identify(.) by extension 'colcon_meta'
[0.204s] Level 1:colcon.colcon_core.package_identification:_identify(.) by extensions ['ros']
[0.205s] Level 1:colcon.colcon_core.package_identification:_identify(.) by extension 'ros'
[0.213s] Level 1:colcon.colcon_core.package_identification:_identify(.) by extensions ['cmake', 'python']
[0.213s] Level 1:colcon.colcon_core.package_identification:_identify(.) by extension 'cmake'
[0.213s] Level 1:colcon.colcon_core.package_identification:_identify(.) by extension 'python'
[0.213s] Level 1:colcon.colcon_core.package_identification:_identify(.) by extensions ['python_setup_py']
[0.213s] Level 1:colcon.colcon_core.package_identification:_identify(.) by extension 'python_setup_py'
[0.213s] Level 1:colcon.colcon_core.package_identification:_identify(build) by extensions ['ignore', 'ignore_ament_install']
[0.213s] Level 1:colcon.colcon_core.package_identification:_identify(build) by extension 'ignore'
[0.213s] Level 1:colcon.colcon_core.package_identification:_identify(build) ignored
[0.214s] Level 1:colcon.colcon_core.package_identification:_identify(bxi_rl_controller_ros2_example) by extensions ['ignore', 'ignore_ament_install']
[0.214s] Level 1:colcon.colcon_core.package_identification:_identify(bxi_rl_controller_ros2_example) by extension 'ignore'
[0.214s] Level 1:colcon.colcon_core.package_identification:_identify(bxi_rl_controller_ros2_example) by extension 'ignore_ament_install'
[0.214s] Level 1:colcon.colcon_core.package_identification:_identify(bxi_rl_controller_ros2_example) by extensions ['colcon_pkg']
[0.214s] Level 1:colcon.colcon_core.package_identification:_identify(bxi_rl_controller_ros2_example) by extension 'colcon_pkg'
[0.214s] Level 1:colcon.colcon_core.package_identification:_identify(bxi_rl_controller_ros2_example) by extensions ['colcon_meta']
[0.214s] Level 1:colcon.colcon_core.package_identification:_identify(bxi_rl_controller_ros2_example) by extension 'colcon_meta'
[0.214s] Level 1:colcon.colcon_core.package_identification:_identify(bxi_rl_controller_ros2_example) by extensions ['ros']
[0.214s] Level 1:colcon.colcon_core.package_identification:_identify(bxi_rl_controller_ros2_example) by extension 'ros'
[0.214s] Level 1:colcon.colcon_core.package_identification:_identify(bxi_rl_controller_ros2_example) by extensions ['cmake', 'python']
[0.214s] Level 1:colcon.colcon_core.package_identification:_identify(bxi_rl_controller_ros2_example) by extension 'cmake'
[0.214s] Level 1:colcon.colcon_core.package_identification:_identify(bxi_rl_controller_ros2_example) by extension 'python'
[0.214s] Level 1:colcon.colcon_core.package_identification:_identify(bxi_rl_controller_ros2_example) by extensions ['python_setup_py']
[0.214s] Level 1:colcon.colcon_core.package_identification:_identify(bxi_rl_controller_ros2_example) by extension 'python_setup_py'
[0.214s] Level 1:colcon.colcon_core.package_identification:_identify(bxi_rl_controller_ros2_example/install) by extensions ['ignore', 'ignore_ament_install']
[0.214s] Level 1:colcon.colcon_core.package_identification:_identify(bxi_rl_controller_ros2_example/install) by extension 'ignore'
[0.214s] Level 1:colcon.colcon_core.package_identification:_identify(bxi_rl_controller_ros2_example/install) ignored
[0.214s] Level 1:colcon.colcon_core.package_identification:_identify(bxi_rl_controller_ros2_example/log) by extensions ['ignore', 'ignore_ament_install']
[0.215s] Level 1:colcon.colcon_core.package_identification:_identify(bxi_rl_controller_ros2_example/log) by extension 'ignore'
[0.215s] Level 1:colcon.colcon_core.package_identification:_identify(bxi_rl_controller_ros2_example/log) ignored
[0.215s] Level 1:colcon.colcon_core.package_identification:_identify(bxi_rl_controller_ros2_example/resources) by extensions ['ignore', 'ignore_ament_install']
[0.215s] Level 1:colcon.colcon_core.package_identification:_identify(bxi_rl_controller_ros2_example/resources) by extension 'ignore'
[0.215s] Level 1:colcon.colcon_core.package_identification:_identify(bxi_rl_controller_ros2_example/resources) by extension 'ignore_ament_install'
[0.215s] Level 1:colcon.colcon_core.package_identification:_identify(bxi_rl_controller_ros2_example/resources) by extensions ['colcon_pkg']
[0.215s] Level 1:colcon.colcon_core.package_identification:_identify(bxi_rl_controller_ros2_example/resources) by extension 'colcon_pkg'
[0.215s] Level 1:colcon.colcon_core.package_identification:_identify(bxi_rl_controller_ros2_example/resources) by extensions ['colcon_meta']
[0.215s] Level 1:colcon.colcon_core.package_identification:_identify(bxi_rl_controller_ros2_example/resources) by extension 'colcon_meta'
[0.215s] Level 1:colcon.colcon_core.package_identification:_identify(bxi_rl_controller_ros2_example/resources) by extensions ['ros']
[0.215s] Level 1:colcon.colcon_core.package_identification:_identify(bxi_rl_controller_ros2_example/resources) by extension 'ros'
[0.215s] Level 1:colcon.colcon_core.package_identification:_identify(bxi_rl_controller_ros2_example/resources) by extensions ['cmake', 'python']
[0.215s] Level 1:colcon.colcon_core.package_identification:_identify(bxi_rl_controller_ros2_example/resources) by extension 'cmake'
[0.215s] Level 1:colcon.colcon_core.package_identification:_identify(bxi_rl_controller_ros2_example/resources) by extension 'python'
[0.215s] Level 1:colcon.colcon_core.package_identification:_identify(bxi_rl_controller_ros2_example/resources) by extensions ['python_setup_py']
[0.215s] Level 1:colcon.colcon_core.package_identification:_identify(bxi_rl_controller_ros2_example/resources) by extension 'python_setup_py'
[0.215s] Level 1:colcon.colcon_core.package_identification:_identify(bxi_rl_controller_ros2_example/resources/elf2-ankle) by extensions ['ignore', 'ignore_ament_install']
[0.215s] Level 1:colcon.colcon_core.package_identification:_identify(bxi_rl_controller_ros2_example/resources/elf2-ankle) by extension 'ignore'
[0.215s] Level 1:colcon.colcon_core.package_identification:_identify(bxi_rl_controller_ros2_example/resources/elf2-ankle) by extension 'ignore_ament_install'
[0.215s] Level 1:colcon.colcon_core.package_identification:_identify(bxi_rl_controller_ros2_example/resources/elf2-ankle) by extensions ['colcon_pkg']
[0.215s] Level 1:colcon.colcon_core.package_identification:_identify(bxi_rl_controller_ros2_example/resources/elf2-ankle) by extension 'colcon_pkg'
[0.215s] Level 1:colcon.colcon_core.package_identification:_identify(bxi_rl_controller_ros2_example/resources/elf2-ankle) by extensions ['colcon_meta']
[0.215s] Level 1:colcon.colcon_core.package_identification:_identify(bxi_rl_controller_ros2_example/resources/elf2-ankle) by extension 'colcon_meta'
[0.216s] Level 1:colcon.colcon_core.package_identification:_identify(bxi_rl_controller_ros2_example/resources/elf2-ankle) by extensions ['ros']
[0.216s] Level 1:colcon.colcon_core.package_identification:_identify(bxi_rl_controller_ros2_example/resources/elf2-ankle) by extension 'ros'
[0.216s] Level 1:colcon.colcon_core.package_identification:_identify(bxi_rl_controller_ros2_example/resources/elf2-ankle) by extensions ['cmake', 'python']
[0.216s] Level 1:colcon.colcon_core.package_identification:_identify(bxi_rl_controller_ros2_example/resources/elf2-ankle) by extension 'cmake'
[0.216s] Level 1:colcon.colcon_core.package_identification:_identify(bxi_rl_controller_ros2_example/resources/elf2-ankle) by extension 'python'
[0.216s] Level 1:colcon.colcon_core.package_identification:_identify(bxi_rl_controller_ros2_example/resources/elf2-ankle) by extensions ['python_setup_py']
[0.216s] Level 1:colcon.colcon_core.package_identification:_identify(bxi_rl_controller_ros2_example/resources/elf2-ankle) by extension 'python_setup_py'
[0.216s] Level 1:colcon.colcon_core.package_identification:_identify(bxi_rl_controller_ros2_example/resources/elf2-ankle/meshes) by extensions ['ignore', 'ignore_ament_install']
[0.216s] Level 1:colcon.colcon_core.package_identification:_identify(bxi_rl_controller_ros2_example/resources/elf2-ankle/meshes) by extension 'ignore'
[0.216s] Level 1:colcon.colcon_core.package_identification:_identify(bxi_rl_controller_ros2_example/resources/elf2-ankle/meshes) by extension 'ignore_ament_install'
[0.216s] Level 1:colcon.colcon_core.package_identification:_identify(bxi_rl_controller_ros2_example/resources/elf2-ankle/meshes) by extensions ['colcon_pkg']
[0.216s] Level 1:colcon.colcon_core.package_identification:_identify(bxi_rl_controller_ros2_example/resources/elf2-ankle/meshes) by extension 'colcon_pkg'
[0.216s] Level 1:colcon.colcon_core.package_identification:_identify(bxi_rl_controller_ros2_example/resources/elf2-ankle/meshes) by extensions ['colcon_meta']
[0.216s] Level 1:colcon.colcon_core.package_identification:_identify(bxi_rl_controller_ros2_example/resources/elf2-ankle/meshes) by extension 'colcon_meta'
[0.216s] Level 1:colcon.colcon_core.package_identification:_identify(bxi_rl_controller_ros2_example/resources/elf2-ankle/meshes) by extensions ['ros']
[0.216s] Level 1:colcon.colcon_core.package_identification:_identify(bxi_rl_controller_ros2_example/resources/elf2-ankle/meshes) by extension 'ros'
[0.216s] Level 1:colcon.colcon_core.package_identification:_identify(bxi_rl_controller_ros2_example/resources/elf2-ankle/meshes) by extensions ['cmake', 'python']
[0.216s] Level 1:colcon.colcon_core.package_identification:_identify(bxi_rl_controller_ros2_example/resources/elf2-ankle/meshes) by extension 'cmake'
[0.216s] Level 1:colcon.colcon_core.package_identification:_identify(bxi_rl_controller_ros2_example/resources/elf2-ankle/meshes) by extension 'python'
[0.216s] Level 1:colcon.colcon_core.package_identification:_identify(bxi_rl_controller_ros2_example/resources/elf2-ankle/meshes) by extensions ['python_setup_py']
[0.216s] Level 1:colcon.colcon_core.package_identification:_identify(bxi_rl_controller_ros2_example/resources/elf2-ankle/meshes) by extension 'python_setup_py'
[0.216s] Level 1:colcon.colcon_core.package_identification:_identify(bxi_rl_controller_ros2_example/resources/elf2-ankle/urdf) by extensions ['ignore', 'ignore_ament_install']
[0.217s] Level 1:colcon.colcon_core.package_identification:_identify(bxi_rl_controller_ros2_example/resources/elf2-ankle/urdf) by extension 'ignore'
[0.217s] Level 1:colcon.colcon_core.package_identification:_identify(bxi_rl_controller_ros2_example/resources/elf2-ankle/urdf) by extension 'ignore_ament_install'
[0.217s] Level 1:colcon.colcon_core.package_identification:_identify(bxi_rl_controller_ros2_example/resources/elf2-ankle/urdf) by extensions ['colcon_pkg']
[0.217s] Level 1:colcon.colcon_core.package_identification:_identify(bxi_rl_controller_ros2_example/resources/elf2-ankle/urdf) by extension 'colcon_pkg'
[0.217s] Level 1:colcon.colcon_core.package_identification:_identify(bxi_rl_controller_ros2_example/resources/elf2-ankle/urdf) by extensions ['colcon_meta']
[0.217s] Level 1:colcon.colcon_core.package_identification:_identify(bxi_rl_controller_ros2_example/resources/elf2-ankle/urdf) by extension 'colcon_meta'
[0.217s] Level 1:colcon.colcon_core.package_identification:_identify(bxi_rl_controller_ros2_example/resources/elf2-ankle/urdf) by extensions ['ros']
[0.217s] Level 1:colcon.colcon_core.package_identification:_identify(bxi_rl_controller_ros2_example/resources/elf2-ankle/urdf) by extension 'ros'
[0.217s] Level 1:colcon.colcon_core.package_identification:_identify(bxi_rl_controller_ros2_example/resources/elf2-ankle/urdf) by extensions ['cmake', 'python']
[0.217s] Level 1:colcon.colcon_core.package_identification:_identify(bxi_rl_controller_ros2_example/resources/elf2-ankle/urdf) by extension 'cmake'
[0.217s] Level 1:colcon.colcon_core.package_identification:_identify(bxi_rl_controller_ros2_example/resources/elf2-ankle/urdf) by extension 'python'
[0.217s] Level 1:colcon.colcon_core.package_identification:_identify(bxi_rl_controller_ros2_example/resources/elf2-ankle/urdf) by extensions ['python_setup_py']
[0.217s] Level 1:colcon.colcon_core.package_identification:_identify(bxi_rl_controller_ros2_example/resources/elf2-ankle/urdf) by extension 'python_setup_py'
[0.217s] Level 1:colcon.colcon_core.package_identification:_identify(bxi_rl_controller_ros2_example/resources/elf2-foot) by extensions ['ignore', 'ignore_ament_install']
[0.217s] Level 1:colcon.colcon_core.package_identification:_identify(bxi_rl_controller_ros2_example/resources/elf2-foot) by extension 'ignore'
[0.217s] Level 1:colcon.colcon_core.package_identification:_identify(bxi_rl_controller_ros2_example/resources/elf2-foot) by extension 'ignore_ament_install'
[0.217s] Level 1:colcon.colcon_core.package_identification:_identify(bxi_rl_controller_ros2_example/resources/elf2-foot) by extensions ['colcon_pkg']
[0.217s] Level 1:colcon.colcon_core.package_identification:_identify(bxi_rl_controller_ros2_example/resources/elf2-foot) by extension 'colcon_pkg'
[0.217s] Level 1:colcon.colcon_core.package_identification:_identify(bxi_rl_controller_ros2_example/resources/elf2-foot) by extensions ['colcon_meta']
[0.217s] Level 1:colcon.colcon_core.package_identification:_identify(bxi_rl_controller_ros2_example/resources/elf2-foot) by extension 'colcon_meta'
[0.217s] Level 1:colcon.colcon_core.package_identification:_identify(bxi_rl_controller_ros2_example/resources/elf2-foot) by extensions ['ros']
[0.217s] Level 1:colcon.colcon_core.package_identification:_identify(bxi_rl_controller_ros2_example/resources/elf2-foot) by extension 'ros'
[0.217s] Level 1:colcon.colcon_core.package_identification:_identify(bxi_rl_controller_ros2_example/resources/elf2-foot) by extensions ['cmake', 'python']
[0.217s] Level 1:colcon.colcon_core.package_identification:_identify(bxi_rl_controller_ros2_example/resources/elf2-foot) by extension 'cmake'
[0.217s] Level 1:colcon.colcon_core.package_identification:_identify(bxi_rl_controller_ros2_example/resources/elf2-foot) by extension 'python'
[0.217s] Level 1:colcon.colcon_core.package_identification:_identify(bxi_rl_controller_ros2_example/resources/elf2-foot) by extensions ['python_setup_py']
[0.218s] Level 1:colcon.colcon_core.package_identification:_identify(bxi_rl_controller_ros2_example/resources/elf2-foot) by extension 'python_setup_py'
[0.218s] Level 1:colcon.colcon_core.package_identification:_identify(bxi_rl_controller_ros2_example/resources/elf2-foot/meshes) by extensions ['ignore', 'ignore_ament_install']
[0.218s] Level 1:colcon.colcon_core.package_identification:_identify(bxi_rl_controller_ros2_example/resources/elf2-foot/meshes) by extension 'ignore'
[0.218s] Level 1:colcon.colcon_core.package_identification:_identify(bxi_rl_controller_ros2_example/resources/elf2-foot/meshes) by extension 'ignore_ament_install'
[0.218s] Level 1:colcon.colcon_core.package_identification:_identify(bxi_rl_controller_ros2_example/resources/elf2-foot/meshes) by extensions ['colcon_pkg']
[0.218s] Level 1:colcon.colcon_core.package_identification:_identify(bxi_rl_controller_ros2_example/resources/elf2-foot/meshes) by extension 'colcon_pkg'
[0.218s] Level 1:colcon.colcon_core.package_identification:_identify(bxi_rl_controller_ros2_example/resources/elf2-foot/meshes) by extensions ['colcon_meta']
[0.218s] Level 1:colcon.colcon_core.package_identification:_identify(bxi_rl_controller_ros2_example/resources/elf2-foot/meshes) by extension 'colcon_meta'
[0.218s] Level 1:colcon.colcon_core.package_identification:_identify(bxi_rl_controller_ros2_example/resources/elf2-foot/meshes) by extensions ['ros']
[0.218s] Level 1:colcon.colcon_core.package_identification:_identify(bxi_rl_controller_ros2_example/resources/elf2-foot/meshes) by extension 'ros'
[0.218s] Level 1:colcon.colcon_core.package_identification:_identify(bxi_rl_controller_ros2_example/resources/elf2-foot/meshes) by extensions ['cmake', 'python']
[0.218s] Level 1:colcon.colcon_core.package_identification:_identify(bxi_rl_controller_ros2_example/resources/elf2-foot/meshes) by extension 'cmake'
[0.218s] Level 1:colcon.colcon_core.package_identification:_identify(bxi_rl_controller_ros2_example/resources/elf2-foot/meshes) by extension 'python'
[0.218s] Level 1:colcon.colcon_core.package_identification:_identify(bxi_rl_controller_ros2_example/resources/elf2-foot/meshes) by extensions ['python_setup_py']
[0.218s] Level 1:colcon.colcon_core.package_identification:_identify(bxi_rl_controller_ros2_example/resources/elf2-foot/meshes) by extension 'python_setup_py'
[0.218s] Level 1:colcon.colcon_core.package_identification:_identify(bxi_rl_controller_ros2_example/resources/elf2-foot/urdf) by extensions ['ignore', 'ignore_ament_install']
[0.218s] Level 1:colcon.colcon_core.package_identification:_identify(bxi_rl_controller_ros2_example/resources/elf2-foot/urdf) by extension 'ignore'
[0.218s] Level 1:colcon.colcon_core.package_identification:_identify(bxi_rl_controller_ros2_example/resources/elf2-foot/urdf) by extension 'ignore_ament_install'
[0.218s] Level 1:colcon.colcon_core.package_identification:_identify(bxi_rl_controller_ros2_example/resources/elf2-foot/urdf) by extensions ['colcon_pkg']
[0.218s] Level 1:colcon.colcon_core.package_identification:_identify(bxi_rl_controller_ros2_example/resources/elf2-foot/urdf) by extension 'colcon_pkg'
[0.218s] Level 1:colcon.colcon_core.package_identification:_identify(bxi_rl_controller_ros2_example/resources/elf2-foot/urdf) by extensions ['colcon_meta']
[0.218s] Level 1:colcon.colcon_core.package_identification:_identify(bxi_rl_controller_ros2_example/resources/elf2-foot/urdf) by extension 'colcon_meta'
[0.218s] Level 1:colcon.colcon_core.package_identification:_identify(bxi_rl_controller_ros2_example/resources/elf2-foot/urdf) by extensions ['ros']
[0.219s] Level 1:colcon.colcon_core.package_identification:_identify(bxi_rl_controller_ros2_example/resources/elf2-foot/urdf) by extension 'ros'
[0.219s] Level 1:colcon.colcon_core.package_identification:_identify(bxi_rl_controller_ros2_example/resources/elf2-foot/urdf) by extensions ['cmake', 'python']
[0.219s] Level 1:colcon.colcon_core.package_identification:_identify(bxi_rl_controller_ros2_example/resources/elf2-foot/urdf) by extension 'cmake'
[0.219s] Level 1:colcon.colcon_core.package_identification:_identify(bxi_rl_controller_ros2_example/resources/elf2-foot/urdf) by extension 'python'
[0.219s] Level 1:colcon.colcon_core.package_identification:_identify(bxi_rl_controller_ros2_example/resources/elf2-foot/urdf) by extensions ['python_setup_py']
[0.219s] Level 1:colcon.colcon_core.package_identification:_identify(bxi_rl_controller_ros2_example/resources/elf2-foot/urdf) by extension 'python_setup_py'
[0.219s] Level 1:colcon.colcon_core.package_identification:_identify(bxi_rl_controller_ros2_example/resources/elf2-footv4) by extensions ['ignore', 'ignore_ament_install']
[0.219s] Level 1:colcon.colcon_core.package_identification:_identify(bxi_rl_controller_ros2_example/resources/elf2-footv4) by extension 'ignore'
[0.219s] Level 1:colcon.colcon_core.package_identification:_identify(bxi_rl_controller_ros2_example/resources/elf2-footv4) by extension 'ignore_ament_install'
[0.219s] Level 1:colcon.colcon_core.package_identification:_identify(bxi_rl_controller_ros2_example/resources/elf2-footv4) by extensions ['colcon_pkg']
[0.219s] Level 1:colcon.colcon_core.package_identification:_identify(bxi_rl_controller_ros2_example/resources/elf2-footv4) by extension 'colcon_pkg'
[0.219s] Level 1:colcon.colcon_core.package_identification:_identify(bxi_rl_controller_ros2_example/resources/elf2-footv4) by extensions ['colcon_meta']
[0.219s] Level 1:colcon.colcon_core.package_identification:_identify(bxi_rl_controller_ros2_example/resources/elf2-footv4) by extension 'colcon_meta'
[0.219s] Level 1:colcon.colcon_core.package_identification:_identify(bxi_rl_controller_ros2_example/resources/elf2-footv4) by extensions ['ros']
[0.219s] Level 1:colcon.colcon_core.package_identification:_identify(bxi_rl_controller_ros2_example/resources/elf2-footv4) by extension 'ros'
[0.219s] Level 1:colcon.colcon_core.package_identification:_identify(bxi_rl_controller_ros2_example/resources/elf2-footv4) by extensions ['cmake', 'python']
[0.219s] Level 1:colcon.colcon_core.package_identification:_identify(bxi_rl_controller_ros2_example/resources/elf2-footv4) by extension 'cmake'
[0.219s] Level 1:colcon.colcon_core.package_identification:_identify(bxi_rl_controller_ros2_example/resources/elf2-footv4) by extension 'python'
[0.219s] Level 1:colcon.colcon_core.package_identification:_identify(bxi_rl_controller_ros2_example/resources/elf2-footv4) by extensions ['python_setup_py']
[0.219s] Level 1:colcon.colcon_core.package_identification:_identify(bxi_rl_controller_ros2_example/resources/elf2-footv4) by extension 'python_setup_py'
[0.219s] Level 1:colcon.colcon_core.package_identification:_identify(bxi_rl_controller_ros2_example/resources/elf2-footv4/meshes) by extensions ['ignore', 'ignore_ament_install']
[0.219s] Level 1:colcon.colcon_core.package_identification:_identify(bxi_rl_controller_ros2_example/resources/elf2-footv4/meshes) by extension 'ignore'
[0.219s] Level 1:colcon.colcon_core.package_identification:_identify(bxi_rl_controller_ros2_example/resources/elf2-footv4/meshes) by extension 'ignore_ament_install'
[0.219s] Level 1:colcon.colcon_core.package_identification:_identify(bxi_rl_controller_ros2_example/resources/elf2-footv4/meshes) by extensions ['colcon_pkg']
[0.220s] Level 1:colcon.colcon_core.package_identification:_identify(bxi_rl_controller_ros2_example/resources/elf2-footv4/meshes) by extension 'colcon_pkg'
[0.220s] Level 1:colcon.colcon_core.package_identification:_identify(bxi_rl_controller_ros2_example/resources/elf2-footv4/meshes) by extensions ['colcon_meta']
[0.220s] Level 1:colcon.colcon_core.package_identification:_identify(bxi_rl_controller_ros2_example/resources/elf2-footv4/meshes) by extension 'colcon_meta'
[0.220s] Level 1:colcon.colcon_core.package_identification:_identify(bxi_rl_controller_ros2_example/resources/elf2-footv4/meshes) by extensions ['ros']
[0.220s] Level 1:colcon.colcon_core.package_identification:_identify(bxi_rl_controller_ros2_example/resources/elf2-footv4/meshes) by extension 'ros'
[0.220s] Level 1:colcon.colcon_core.package_identification:_identify(bxi_rl_controller_ros2_example/resources/elf2-footv4/meshes) by extensions ['cmake', 'python']
[0.220s] Level 1:colcon.colcon_core.package_identification:_identify(bxi_rl_controller_ros2_example/resources/elf2-footv4/meshes) by extension 'cmake'
[0.220s] Level 1:colcon.colcon_core.package_identification:_identify(bxi_rl_controller_ros2_example/resources/elf2-footv4/meshes) by extension 'python'
[0.220s] Level 1:colcon.colcon_core.package_identification:_identify(bxi_rl_controller_ros2_example/resources/elf2-footv4/meshes) by extensions ['python_setup_py']
[0.220s] Level 1:colcon.colcon_core.package_identification:_identify(bxi_rl_controller_ros2_example/resources/elf2-footv4/meshes) by extension 'python_setup_py'
[0.220s] Level 1:colcon.colcon_core.package_identification:_identify(bxi_rl_controller_ros2_example/resources/elf2-footv4/urdf) by extensions ['ignore', 'ignore_ament_install']
[0.220s] Level 1:colcon.colcon_core.package_identification:_identify(bxi_rl_controller_ros2_example/resources/elf2-footv4/urdf) by extension 'ignore'
[0.220s] Level 1:colcon.colcon_core.package_identification:_identify(bxi_rl_controller_ros2_example/resources/elf2-footv4/urdf) by extension 'ignore_ament_install'
[0.220s] Level 1:colcon.colcon_core.package_identification:_identify(bxi_rl_controller_ros2_example/resources/elf2-footv4/urdf) by extensions ['colcon_pkg']
[0.220s] Level 1:colcon.colcon_core.package_identification:_identify(bxi_rl_controller_ros2_example/resources/elf2-footv4/urdf) by extension 'colcon_pkg'
[0.220s] Level 1:colcon.colcon_core.package_identification:_identify(bxi_rl_controller_ros2_example/resources/elf2-footv4/urdf) by extensions ['colcon_meta']
[0.220s] Level 1:colcon.colcon_core.package_identification:_identify(bxi_rl_controller_ros2_example/resources/elf2-footv4/urdf) by extension 'colcon_meta'
[0.220s] Level 1:colcon.colcon_core.package_identification:_identify(bxi_rl_controller_ros2_example/resources/elf2-footv4/urdf) by extensions ['ros']
[0.220s] Level 1:colcon.colcon_core.package_identification:_identify(bxi_rl_controller_ros2_example/resources/elf2-footv4/urdf) by extension 'ros'
[0.220s] Level 1:colcon.colcon_core.package_identification:_identify(bxi_rl_controller_ros2_example/resources/elf2-footv4/urdf) by extensions ['cmake', 'python']
[0.220s] Level 1:colcon.colcon_core.package_identification:_identify(bxi_rl_controller_ros2_example/resources/elf2-footv4/urdf) by extension 'cmake'
[0.220s] Level 1:colcon.colcon_core.package_identification:_identify(bxi_rl_controller_ros2_example/resources/elf2-footv4/urdf) by extension 'python'
[0.220s] Level 1:colcon.colcon_core.package_identification:_identify(bxi_rl_controller_ros2_example/resources/elf2-footv4/urdf) by extensions ['python_setup_py']
[0.220s] Level 1:colcon.colcon_core.package_identification:_identify(bxi_rl_controller_ros2_example/resources/elf2-footv4/urdf) by extension 'python_setup_py'
[0.220s] Level 1:colcon.colcon_core.package_identification:_identify(bxi_rl_controller_ros2_example/resources/elf2-trunk) by extensions ['ignore', 'ignore_ament_install']
[0.221s] Level 1:colcon.colcon_core.package_identification:_identify(bxi_rl_controller_ros2_example/resources/elf2-trunk) by extension 'ignore'
[0.221s] Level 1:colcon.colcon_core.package_identification:_identify(bxi_rl_controller_ros2_example/resources/elf2-trunk) by extension 'ignore_ament_install'
[0.221s] Level 1:colcon.colcon_core.package_identification:_identify(bxi_rl_controller_ros2_example/resources/elf2-trunk) by extensions ['colcon_pkg']
[0.221s] Level 1:colcon.colcon_core.package_identification:_identify(bxi_rl_controller_ros2_example/resources/elf2-trunk) by extension 'colcon_pkg'
[0.221s] Level 1:colcon.colcon_core.package_identification:_identify(bxi_rl_controller_ros2_example/resources/elf2-trunk) by extensions ['colcon_meta']
[0.221s] Level 1:colcon.colcon_core.package_identification:_identify(bxi_rl_controller_ros2_example/resources/elf2-trunk) by extension 'colcon_meta'
[0.221s] Level 1:colcon.colcon_core.package_identification:_identify(bxi_rl_controller_ros2_example/resources/elf2-trunk) by extensions ['ros']
[0.221s] Level 1:colcon.colcon_core.package_identification:_identify(bxi_rl_controller_ros2_example/resources/elf2-trunk) by extension 'ros'
[0.221s] Level 1:colcon.colcon_core.package_identification:_identify(bxi_rl_controller_ros2_example/resources/elf2-trunk) by extensions ['cmake', 'python']
[0.221s] Level 1:colcon.colcon_core.package_identification:_identify(bxi_rl_controller_ros2_example/resources/elf2-trunk) by extension 'cmake'
[0.221s] Level 1:colcon.colcon_core.package_identification:_identify(bxi_rl_controller_ros2_example/resources/elf2-trunk) by extension 'python'
[0.221s] Level 1:colcon.colcon_core.package_identification:_identify(bxi_rl_controller_ros2_example/resources/elf2-trunk) by extensions ['python_setup_py']
[0.221s] Level 1:colcon.colcon_core.package_identification:_identify(bxi_rl_controller_ros2_example/resources/elf2-trunk) by extension 'python_setup_py'
[0.221s] Level 1:colcon.colcon_core.package_identification:_identify(bxi_rl_controller_ros2_example/resources/elf2-trunk/meshes) by extensions ['ignore', 'ignore_ament_install']
[0.221s] Level 1:colcon.colcon_core.package_identification:_identify(bxi_rl_controller_ros2_example/resources/elf2-trunk/meshes) by extension 'ignore'
[0.221s] Level 1:colcon.colcon_core.package_identification:_identify(bxi_rl_controller_ros2_example/resources/elf2-trunk/meshes) by extension 'ignore_ament_install'
[0.221s] Level 1:colcon.colcon_core.package_identification:_identify(bxi_rl_controller_ros2_example/resources/elf2-trunk/meshes) by extensions ['colcon_pkg']
[0.221s] Level 1:colcon.colcon_core.package_identification:_identify(bxi_rl_controller_ros2_example/resources/elf2-trunk/meshes) by extension 'colcon_pkg'
[0.221s] Level 1:colcon.colcon_core.package_identification:_identify(bxi_rl_controller_ros2_example/resources/elf2-trunk/meshes) by extensions ['colcon_meta']
[0.221s] Level 1:colcon.colcon_core.package_identification:_identify(bxi_rl_controller_ros2_example/resources/elf2-trunk/meshes) by extension 'colcon_meta'
[0.221s] Level 1:colcon.colcon_core.package_identification:_identify(bxi_rl_controller_ros2_example/resources/elf2-trunk/meshes) by extensions ['ros']
[0.221s] Level 1:colcon.colcon_core.package_identification:_identify(bxi_rl_controller_ros2_example/resources/elf2-trunk/meshes) by extension 'ros'
[0.222s] Level 1:colcon.colcon_core.package_identification:_identify(bxi_rl_controller_ros2_example/resources/elf2-trunk/meshes) by extensions ['cmake', 'python']
[0.222s] Level 1:colcon.colcon_core.package_identification:_identify(bxi_rl_controller_ros2_example/resources/elf2-trunk/meshes) by extension 'cmake'
[0.222s] Level 1:colcon.colcon_core.package_identification:_identify(bxi_rl_controller_ros2_example/resources/elf2-trunk/meshes) by extension 'python'
[0.222s] Level 1:colcon.colcon_core.package_identification:_identify(bxi_rl_controller_ros2_example/resources/elf2-trunk/meshes) by extensions ['python_setup_py']
[0.222s] Level 1:colcon.colcon_core.package_identification:_identify(bxi_rl_controller_ros2_example/resources/elf2-trunk/meshes) by extension 'python_setup_py'
[0.222s] Level 1:colcon.colcon_core.package_identification:_identify(bxi_rl_controller_ros2_example/resources/elf2-trunk/urdf) by extensions ['ignore', 'ignore_ament_install']
[0.222s] Level 1:colcon.colcon_core.package_identification:_identify(bxi_rl_controller_ros2_example/resources/elf2-trunk/urdf) by extension 'ignore'
[0.222s] Level 1:colcon.colcon_core.package_identification:_identify(bxi_rl_controller_ros2_example/resources/elf2-trunk/urdf) by extension 'ignore_ament_install'
[0.222s] Level 1:colcon.colcon_core.package_identification:_identify(bxi_rl_controller_ros2_example/resources/elf2-trunk/urdf) by extensions ['colcon_pkg']
[0.222s] Level 1:colcon.colcon_core.package_identification:_identify(bxi_rl_controller_ros2_example/resources/elf2-trunk/urdf) by extension 'colcon_pkg'
[0.222s] Level 1:colcon.colcon_core.package_identification:_identify(bxi_rl_controller_ros2_example/resources/elf2-trunk/urdf) by extensions ['colcon_meta']
[0.222s] Level 1:colcon.colcon_core.package_identification:_identify(bxi_rl_controller_ros2_example/resources/elf2-trunk/urdf) by extension 'colcon_meta'
[0.222s] Level 1:colcon.colcon_core.package_identification:_identify(bxi_rl_controller_ros2_example/resources/elf2-trunk/urdf) by extensions ['ros']
[0.222s] Level 1:colcon.colcon_core.package_identification:_identify(bxi_rl_controller_ros2_example/resources/elf2-trunk/urdf) by extension 'ros'
[0.222s] Level 1:colcon.colcon_core.package_identification:_identify(bxi_rl_controller_ros2_example/resources/elf2-trunk/urdf) by extensions ['cmake', 'python']
[0.222s] Level 1:colcon.colcon_core.package_identification:_identify(bxi_rl_controller_ros2_example/resources/elf2-trunk/urdf) by extension 'cmake'
[0.222s] Level 1:colcon.colcon_core.package_identification:_identify(bxi_rl_controller_ros2_example/resources/elf2-trunk/urdf) by extension 'python'
[0.222s] Level 1:colcon.colcon_core.package_identification:_identify(bxi_rl_controller_ros2_example/resources/elf2-trunk/urdf) by extensions ['python_setup_py']
[0.222s] Level 1:colcon.colcon_core.package_identification:_identify(bxi_rl_controller_ros2_example/resources/elf2-trunk/urdf) by extension 'python_setup_py'
[0.222s] Level 1:colcon.colcon_core.package_identification:_identify(bxi_rl_controller_ros2_example/script) by extensions ['ignore', 'ignore_ament_install']
[0.222s] Level 1:colcon.colcon_core.package_identification:_identify(bxi_rl_controller_ros2_example/script) by extension 'ignore'
[0.222s] Level 1:colcon.colcon_core.package_identification:_identify(bxi_rl_controller_ros2_example/script) by extension 'ignore_ament_install'
[0.222s] Level 1:colcon.colcon_core.package_identification:_identify(bxi_rl_controller_ros2_example/script) by extensions ['colcon_pkg']
[0.223s] Level 1:colcon.colcon_core.package_identification:_identify(bxi_rl_controller_ros2_example/script) by extension 'colcon_pkg'
[0.223s] Level 1:colcon.colcon_core.package_identification:_identify(bxi_rl_controller_ros2_example/script) by extensions ['colcon_meta']
[0.223s] Level 1:colcon.colcon_core.package_identification:_identify(bxi_rl_controller_ros2_example/script) by extension 'colcon_meta'
[0.223s] Level 1:colcon.colcon_core.package_identification:_identify(bxi_rl_controller_ros2_example/script) by extensions ['ros']
[0.223s] Level 1:colcon.colcon_core.package_identification:_identify(bxi_rl_controller_ros2_example/script) by extension 'ros'
[0.223s] Level 1:colcon.colcon_core.package_identification:_identify(bxi_rl_controller_ros2_example/script) by extensions ['cmake', 'python']
[0.223s] Level 1:colcon.colcon_core.package_identification:_identify(bxi_rl_controller_ros2_example/script) by extension 'cmake'
[0.223s] Level 1:colcon.colcon_core.package_identification:_identify(bxi_rl_controller_ros2_example/script) by extension 'python'
[0.223s] Level 1:colcon.colcon_core.package_identification:_identify(bxi_rl_controller_ros2_example/script) by extensions ['python_setup_py']
[0.223s] Level 1:colcon.colcon_core.package_identification:_identify(bxi_rl_controller_ros2_example/script) by extension 'python_setup_py'
[0.223s] Level 1:colcon.colcon_core.package_identification:_identify(bxi_rl_controller_ros2_example/src) by extensions ['ignore', 'ignore_ament_install']
[0.223s] Level 1:colcon.colcon_core.package_identification:_identify(bxi_rl_controller_ros2_example/src) by extension 'ignore'
[0.223s] Level 1:colcon.colcon_core.package_identification:_identify(bxi_rl_controller_ros2_example/src) by extension 'ignore_ament_install'
[0.223s] Level 1:colcon.colcon_core.package_identification:_identify(bxi_rl_controller_ros2_example/src) by extensions ['colcon_pkg']
[0.223s] Level 1:colcon.colcon_core.package_identification:_identify(bxi_rl_controller_ros2_example/src) by extension 'colcon_pkg'
[0.223s] Level 1:colcon.colcon_core.package_identification:_identify(bxi_rl_controller_ros2_example/src) by extensions ['colcon_meta']
[0.223s] Level 1:colcon.colcon_core.package_identification:_identify(bxi_rl_controller_ros2_example/src) by extension 'colcon_meta'
[0.223s] Level 1:colcon.colcon_core.package_identification:_identify(bxi_rl_controller_ros2_example/src) by extensions ['ros']
[0.223s] Level 1:colcon.colcon_core.package_identification:_identify(bxi_rl_controller_ros2_example/src) by extension 'ros'
[0.223s] Level 1:colcon.colcon_core.package_identification:_identify(bxi_rl_controller_ros2_example/src) by extensions ['cmake', 'python']
[0.223s] Level 1:colcon.colcon_core.package_identification:_identify(bxi_rl_controller_ros2_example/src) by extension 'cmake'
[0.223s] Level 1:colcon.colcon_core.package_identification:_identify(bxi_rl_controller_ros2_example/src) by extension 'python'
[0.224s] Level 1:colcon.colcon_core.package_identification:_identify(bxi_rl_controller_ros2_example/src) by extensions ['python_setup_py']
[0.224s] Level 1:colcon.colcon_core.package_identification:_identify(bxi_rl_controller_ros2_example/src) by extension 'python_setup_py'
[0.224s] Level 1:colcon.colcon_core.package_identification:_identify(bxi_rl_controller_ros2_example/src/build) by extensions ['ignore', 'ignore_ament_install']
[0.224s] Level 1:colcon.colcon_core.package_identification:_identify(bxi_rl_controller_ros2_example/src/build) by extension 'ignore'
[0.224s] Level 1:colcon.colcon_core.package_identification:_identify(bxi_rl_controller_ros2_example/src/build) ignored
[0.224s] Level 1:colcon.colcon_core.package_identification:_identify(bxi_rl_controller_ros2_example/src/bxi_example) by extensions ['ignore', 'ignore_ament_install']
[0.224s] Level 1:colcon.colcon_core.package_identification:_identify(bxi_rl_controller_ros2_example/src/bxi_example) by extension 'ignore'
[0.224s] Level 1:colcon.colcon_core.package_identification:_identify(bxi_rl_controller_ros2_example/src/bxi_example) by extension 'ignore_ament_install'
[0.224s] Level 1:colcon.colcon_core.package_identification:_identify(bxi_rl_controller_ros2_example/src/bxi_example) by extensions ['colcon_pkg']
[0.224s] Level 1:colcon.colcon_core.package_identification:_identify(bxi_rl_controller_ros2_example/src/bxi_example) by extension 'colcon_pkg'
[0.224s] Level 1:colcon.colcon_core.package_identification:_identify(bxi_rl_controller_ros2_example/src/bxi_example) by extensions ['colcon_meta']
[0.224s] Level 1:colcon.colcon_core.package_identification:_identify(bxi_rl_controller_ros2_example/src/bxi_example) by extension 'colcon_meta'
[0.224s] Level 1:colcon.colcon_core.package_identification:_identify(bxi_rl_controller_ros2_example/src/bxi_example) by extensions ['ros']
[0.224s] Level 1:colcon.colcon_core.package_identification:_identify(bxi_rl_controller_ros2_example/src/bxi_example) by extension 'ros'
[0.226s] DEBUG:colcon.colcon_core.package_identification:Package 'bxi_rl_controller_ros2_example/src/bxi_example' with type 'ros.ament_cmake' and name 'bxi_example'
[0.226s] Level 1:colcon.colcon_core.package_identification:_identify(bxi_rl_controller_ros2_example/src/bxi_example_py) by extensions ['ignore', 'ignore_ament_install']
[0.226s] Level 1:colcon.colcon_core.package_identification:_identify(bxi_rl_controller_ros2_example/src/bxi_example_py) by extension 'ignore'
[0.226s] Level 1:colcon.colcon_core.package_identification:_identify(bxi_rl_controller_ros2_example/src/bxi_example_py) by extension 'ignore_ament_install'
[0.226s] Level 1:colcon.colcon_core.package_identification:_identify(bxi_rl_controller_ros2_example/src/bxi_example_py) by extensions ['colcon_pkg']
[0.226s] Level 1:colcon.colcon_core.package_identification:_identify(bxi_rl_controller_ros2_example/src/bxi_example_py) by extension 'colcon_pkg'
[0.226s] Level 1:colcon.colcon_core.package_identification:_identify(bxi_rl_controller_ros2_example/src/bxi_example_py) by extensions ['colcon_meta']
[0.226s] Level 1:colcon.colcon_core.package_identification:_identify(bxi_rl_controller_ros2_example/src/bxi_example_py) by extension 'colcon_meta'
[0.226s] Level 1:colcon.colcon_core.package_identification:_identify(bxi_rl_controller_ros2_example/src/bxi_example_py) by extensions ['ros']
[0.226s] Level 1:colcon.colcon_core.package_identification:_identify(bxi_rl_controller_ros2_example/src/bxi_example_py) by extension 'ros'
[0.227s] DEBUG:colcon.colcon_core.package_identification:Package 'bxi_rl_controller_ros2_example/src/bxi_example_py' with type 'ros.ament_python' and name 'bxi_example_py'
[0.227s] Level 1:colcon.colcon_core.package_identification:_identify(bxi_rl_controller_ros2_example/src/bxi_example_py_ankle) by extensions ['ignore', 'ignore_ament_install']
[0.227s] Level 1:colcon.colcon_core.package_identification:_identify(bxi_rl_controller_ros2_example/src/bxi_example_py_ankle) by extension 'ignore'
[0.227s] Level 1:colcon.colcon_core.package_identification:_identify(bxi_rl_controller_ros2_example/src/bxi_example_py_ankle) by extension 'ignore_ament_install'
[0.227s] Level 1:colcon.colcon_core.package_identification:_identify(bxi_rl_controller_ros2_example/src/bxi_example_py_ankle) by extensions ['colcon_pkg']
[0.227s] Level 1:colcon.colcon_core.package_identification:_identify(bxi_rl_controller_ros2_example/src/bxi_example_py_ankle) by extension 'colcon_pkg'
[0.227s] Level 1:colcon.colcon_core.package_identification:_identify(bxi_rl_controller_ros2_example/src/bxi_example_py_ankle) by extensions ['colcon_meta']
[0.227s] Level 1:colcon.colcon_core.package_identification:_identify(bxi_rl_controller_ros2_example/src/bxi_example_py_ankle) by extension 'colcon_meta'
[0.227s] Level 1:colcon.colcon_core.package_identification:_identify(bxi_rl_controller_ros2_example/src/bxi_example_py_ankle) by extensions ['ros']
[0.227s] Level 1:colcon.colcon_core.package_identification:_identify(bxi_rl_controller_ros2_example/src/bxi_example_py_ankle) by extension 'ros'
[0.227s] DEBUG:colcon.colcon_core.package_identification:Package 'bxi_rl_controller_ros2_example/src/bxi_example_py_ankle' with type 'ros.ament_python' and name 'bxi_example_py_ankle'
[0.228s] Level 1:colcon.colcon_core.package_identification:_identify(bxi_rl_controller_ros2_example/src/bxi_example_py_trunk) by extensions ['ignore', 'ignore_ament_install']
[0.228s] Level 1:colcon.colcon_core.package_identification:_identify(bxi_rl_controller_ros2_example/src/bxi_example_py_trunk) by extension 'ignore'
[0.228s] Level 1:colcon.colcon_core.package_identification:_identify(bxi_rl_controller_ros2_example/src/bxi_example_py_trunk) by extension 'ignore_ament_install'
[0.228s] Level 1:colcon.colcon_core.package_identification:_identify(bxi_rl_controller_ros2_example/src/bxi_example_py_trunk) by extensions ['colcon_pkg']
[0.228s] Level 1:colcon.colcon_core.package_identification:_identify(bxi_rl_controller_ros2_example/src/bxi_example_py_trunk) by extension 'colcon_pkg'
[0.228s] Level 1:colcon.colcon_core.package_identification:_identify(bxi_rl_controller_ros2_example/src/bxi_example_py_trunk) by extensions ['colcon_meta']
[0.228s] Level 1:colcon.colcon_core.package_identification:_identify(bxi_rl_controller_ros2_example/src/bxi_example_py_trunk) by extension 'colcon_meta'
[0.228s] Level 1:colcon.colcon_core.package_identification:_identify(bxi_rl_controller_ros2_example/src/bxi_example_py_trunk) by extensions ['ros']
[0.228s] Level 1:colcon.colcon_core.package_identification:_identify(bxi_rl_controller_ros2_example/src/bxi_example_py_trunk) by extension 'ros'
[0.228s] DEBUG:colcon.colcon_core.package_identification:Package 'bxi_rl_controller_ros2_example/src/bxi_example_py_trunk' with type 'ros.ament_python' and name 'bxi_example_py_trunk'
[0.228s] Level 1:colcon.colcon_core.package_identification:_identify(bxi_rl_controller_ros2_example/src/bxi_example_py_trunk_neck) by extensions ['ignore', 'ignore_ament_install']
[0.228s] Level 1:colcon.colcon_core.package_identification:_identify(bxi_rl_controller_ros2_example/src/bxi_example_py_trunk_neck) by extension 'ignore'
[0.229s] Level 1:colcon.colcon_core.package_identification:_identify(bxi_rl_controller_ros2_example/src/bxi_example_py_trunk_neck) by extension 'ignore_ament_install'
[0.229s] Level 1:colcon.colcon_core.package_identification:_identify(bxi_rl_controller_ros2_example/src/bxi_example_py_trunk_neck) by extensions ['colcon_pkg']
[0.229s] Level 1:colcon.colcon_core.package_identification:_identify(bxi_rl_controller_ros2_example/src/bxi_example_py_trunk_neck) by extension 'colcon_pkg'
[0.229s] Level 1:colcon.colcon_core.package_identification:_identify(bxi_rl_controller_ros2_example/src/bxi_example_py_trunk_neck) by extensions ['colcon_meta']
[0.229s] Level 1:colcon.colcon_core.package_identification:_identify(bxi_rl_controller_ros2_example/src/bxi_example_py_trunk_neck) by extension 'colcon_meta'
[0.229s] Level 1:colcon.colcon_core.package_identification:_identify(bxi_rl_controller_ros2_example/src/bxi_example_py_trunk_neck) by extensions ['ros']
[0.229s] Level 1:colcon.colcon_core.package_identification:_identify(bxi_rl_controller_ros2_example/src/bxi_example_py_trunk_neck) by extension 'ros'
[0.229s] DEBUG:colcon.colcon_core.package_identification:Package 'bxi_rl_controller_ros2_example/src/bxi_example_py_trunk_neck' with type 'ros.ament_python' and name 'bxi_example_py_trunk_neck'
[0.229s] Level 1:colcon.colcon_core.package_identification:_identify(bxi_rl_controller_ros2_example/src/install) by extensions ['ignore', 'ignore_ament_install']
[0.229s] Level 1:colcon.colcon_core.package_identification:_identify(bxi_rl_controller_ros2_example/src/install) by extension 'ignore'
[0.229s] Level 1:colcon.colcon_core.package_identification:_identify(bxi_rl_controller_ros2_example/src/install) ignored
[0.229s] Level 1:colcon.colcon_core.package_identification:_identify(bxi_rl_controller_ros2_example/src/log) by extensions ['ignore', 'ignore_ament_install']
[0.229s] Level 1:colcon.colcon_core.package_identification:_identify(bxi_rl_controller_ros2_example/src/log) by extension 'ignore'
[0.229s] Level 1:colcon.colcon_core.package_identification:_identify(bxi_rl_controller_ros2_example/src/log) ignored
[0.230s] Level 1:colcon.colcon_core.package_identification:_identify(bxi_rl_controller_ros2_example/src/remote_controller) by extensions ['ignore', 'ignore_ament_install']
[0.230s] Level 1:colcon.colcon_core.package_identification:_identify(bxi_rl_controller_ros2_example/src/remote_controller) by extension 'ignore'
[0.230s] Level 1:colcon.colcon_core.package_identification:_identify(bxi_rl_controller_ros2_example/src/remote_controller) by extension 'ignore_ament_install'
[0.230s] Level 1:colcon.colcon_core.package_identification:_identify(bxi_rl_controller_ros2_example/src/remote_controller) by extensions ['colcon_pkg']
[0.230s] Level 1:colcon.colcon_core.package_identification:_identify(bxi_rl_controller_ros2_example/src/remote_controller) by extension 'colcon_pkg'
[0.230s] Level 1:colcon.colcon_core.package_identification:_identify(bxi_rl_controller_ros2_example/src/remote_controller) by extensions ['colcon_meta']
[0.230s] Level 1:colcon.colcon_core.package_identification:_identify(bxi_rl_controller_ros2_example/src/remote_controller) by extension 'colcon_meta'
[0.230s] Level 1:colcon.colcon_core.package_identification:_identify(bxi_rl_controller_ros2_example/src/remote_controller) by extensions ['ros']
[0.230s] Level 1:colcon.colcon_core.package_identification:_identify(bxi_rl_controller_ros2_example/src/remote_controller) by extension 'ros'
[0.230s] DEBUG:colcon.colcon_core.package_identification:Package 'bxi_rl_controller_ros2_example/src/remote_controller' with type 'ros.ament_cmake' and name 'remote_controller'
[0.230s] Level 1:colcon.colcon_core.package_identification:_identify(install) by extensions ['ignore', 'ignore_ament_install']
[0.231s] Level 1:colcon.colcon_core.package_identification:_identify(install) by extension 'ignore'
[0.231s] Level 1:colcon.colcon_core.package_identification:_identify(install) ignored
[0.231s] Level 1:colcon.colcon_core.package_identification:_identify(log) by extensions ['ignore', 'ignore_ament_install']
[0.231s] Level 1:colcon.colcon_core.package_identification:_identify(log) by extension 'ignore'
[0.231s] Level 1:colcon.colcon_core.package_identification:_identify(log) ignored
[0.231s] Level 1:colcon.colcon_core.package_discovery:discover_packages(recursive) using defaults
[0.231s] Level 1:colcon.colcon_core.package_discovery:discover_packages(ignore) discover
[0.231s] Level 1:colcon.colcon_core.package_discovery:discover_packages(ignore) using defaults
[0.231s] Level 1:colcon.colcon_core.package_discovery:discover_packages(path) discover
[0.231s] Level 1:colcon.colcon_core.package_discovery:discover_packages(path) using defaults
[0.246s] Level 1:colcon.colcon_core.package_discovery:discover_packages(prefix_path) check parameters
[0.246s] Level 1:colcon.colcon_core.package_discovery:discover_packages(prefix_path) discover
[0.248s] DEBUG:colcon.colcon_installed_package_information.package_discovery:Found 271 installed packages in /opt/ros/humble
[0.258s] Level 1:colcon.colcon_core.package_discovery:discover_packages(prefix_path) using defaults
[0.286s] Level 5:colcon.colcon_core.verb:set package 'bxi_example' build argument 'cmake_args' from command line to 'None'
[0.286s] Level 5:colcon.colcon_core.verb:set package 'bxi_example' build argument 'cmake_target' from command line to 'None'
[0.286s] Level 5:colcon.colcon_core.verb:set package 'bxi_example' build argument 'cmake_target_skip_unavailable' from command line to 'False'
[0.286s] Level 5:colcon.colcon_core.verb:set package 'bxi_example' build argument 'cmake_clean_cache' from command line to 'False'
[0.286s] Level 5:colcon.colcon_core.verb:set package 'bxi_example' build argument 'cmake_clean_first' from command line to 'False'
[0.286s] Level 5:colcon.colcon_core.verb:set package 'bxi_example' build argument 'cmake_force_configure' from command line to 'False'
[0.287s] Level 5:colcon.colcon_core.verb:set package 'bxi_example' build argument 'ament_cmake_args' from command line to 'None'
[0.287s] Level 5:colcon.colcon_core.verb:set package 'bxi_example' build argument 'catkin_cmake_args' from command line to 'None'
[0.287s] Level 5:colcon.colcon_core.verb:set package 'bxi_example' build argument 'catkin_skip_building_tests' from command line to 'False'
[0.287s] DEBUG:colcon.colcon_core.verb:Building package 'bxi_example' with the following arguments: {'ament_cmake_args': None, 'build_base': '/home/tang/code/control/build/bxi_example', 'catkin_cmake_args': None, 'catkin_skip_building_tests': False, 'cmake_args': None, 'cmake_clean_cache': False, 'cmake_clean_first': False, 'cmake_force_configure': False, 'cmake_target': None, 'cmake_target_skip_unavailable': False, 'install_base': '/home/tang/code/control/install/bxi_example', 'merge_install': False, 'path': '/home/tang/code/control/bxi_rl_controller_ros2_example/src/bxi_example', 'symlink_install': False, 'test_result_base': None}
[0.287s] Level 5:colcon.colcon_core.verb:set package 'bxi_example_py' build argument 'cmake_args' from command line to 'None'
[0.287s] Level 5:colcon.colcon_core.verb:set package 'bxi_example_py' build argument 'cmake_target' from command line to 'None'
[0.287s] Level 5:colcon.colcon_core.verb:set package 'bxi_example_py' build argument 'cmake_target_skip_unavailable' from command line to 'False'
[0.287s] Level 5:colcon.colcon_core.verb:set package 'bxi_example_py' build argument 'cmake_clean_cache' from command line to 'False'
[0.287s] Level 5:colcon.colcon_core.verb:set package 'bxi_example_py' build argument 'cmake_clean_first' from command line to 'False'
[0.287s] Level 5:colcon.colcon_core.verb:set package 'bxi_example_py' build argument 'cmake_force_configure' from command line to 'False'
[0.287s] Level 5:colcon.colcon_core.verb:set package 'bxi_example_py' build argument 'ament_cmake_args' from command line to 'None'
[0.287s] Level 5:colcon.colcon_core.verb:set package 'bxi_example_py' build argument 'catkin_cmake_args' from command line to 'None'
[0.287s] Level 5:colcon.colcon_core.verb:set package 'bxi_example_py' build argument 'catkin_skip_building_tests' from command line to 'False'
[0.287s] DEBUG:colcon.colcon_core.verb:Building package 'bxi_example_py' with the following arguments: {'ament_cmake_args': None, 'build_base': '/home/tang/code/control/build/bxi_example_py', 'catkin_cmake_args': None, 'catkin_skip_building_tests': False, 'cmake_args': None, 'cmake_clean_cache': False, 'cmake_clean_first': False, 'cmake_force_configure': False, 'cmake_target': None, 'cmake_target_skip_unavailable': False, 'install_base': '/home/tang/code/control/install/bxi_example_py', 'merge_install': False, 'path': '/home/tang/code/control/bxi_rl_controller_ros2_example/src/bxi_example_py', 'symlink_install': False, 'test_result_base': None}
[0.287s] Level 5:colcon.colcon_core.verb:set package 'bxi_example_py_ankle' build argument 'cmake_args' from command line to 'None'
[0.287s] Level 5:colcon.colcon_core.verb:set package 'bxi_example_py_ankle' build argument 'cmake_target' from command line to 'None'
[0.287s] Level 5:colcon.colcon_core.verb:set package 'bxi_example_py_ankle' build argument 'cmake_target_skip_unavailable' from command line to 'False'
[0.287s] Level 5:colcon.colcon_core.verb:set package 'bxi_example_py_ankle' build argument 'cmake_clean_cache' from command line to 'False'
[0.287s] Level 5:colcon.colcon_core.verb:set package 'bxi_example_py_ankle' build argument 'cmake_clean_first' from command line to 'False'
[0.288s] Level 5:colcon.colcon_core.verb:set package 'bxi_example_py_ankle' build argument 'cmake_force_configure' from command line to 'False'
[0.288s] Level 5:colcon.colcon_core.verb:set package 'bxi_example_py_ankle' build argument 'ament_cmake_args' from command line to 'None'
[0.288s] Level 5:colcon.colcon_core.verb:set package 'bxi_example_py_ankle' build argument 'catkin_cmake_args' from command line to 'None'
[0.288s] Level 5:colcon.colcon_core.verb:set package 'bxi_example_py_ankle' build argument 'catkin_skip_building_tests' from command line to 'False'
[0.288s] DEBUG:colcon.colcon_core.verb:Building package 'bxi_example_py_ankle' with the following arguments: {'ament_cmake_args': None, 'build_base': '/home/tang/code/control/build/bxi_example_py_ankle', 'catkin_cmake_args': None, 'catkin_skip_building_tests': False, 'cmake_args': None, 'cmake_clean_cache': False, 'cmake_clean_first': False, 'cmake_force_configure': False, 'cmake_target': None, 'cmake_target_skip_unavailable': False, 'install_base': '/home/tang/code/control/install/bxi_example_py_ankle', 'merge_install': False, 'path': '/home/tang/code/control/bxi_rl_controller_ros2_example/src/bxi_example_py_ankle', 'symlink_install': False, 'test_result_base': None}
[0.288s] Level 5:colcon.colcon_core.verb:set package 'bxi_example_py_trunk' build argument 'cmake_args' from command line to 'None'
[0.288s] Level 5:colcon.colcon_core.verb:set package 'bxi_example_py_trunk' build argument 'cmake_target' from command line to 'None'
[0.288s] Level 5:colcon.colcon_core.verb:set package 'bxi_example_py_trunk' build argument 'cmake_target_skip_unavailable' from command line to 'False'
[0.288s] Level 5:colcon.colcon_core.verb:set package 'bxi_example_py_trunk' build argument 'cmake_clean_cache' from command line to 'False'
[0.288s] Level 5:colcon.colcon_core.verb:set package 'bxi_example_py_trunk' build argument 'cmake_clean_first' from command line to 'False'
[0.288s] Level 5:colcon.colcon_core.verb:set package 'bxi_example_py_trunk' build argument 'cmake_force_configure' from command line to 'False'
[0.288s] Level 5:colcon.colcon_core.verb:set package 'bxi_example_py_trunk' build argument 'ament_cmake_args' from command line to 'None'
[0.288s] Level 5:colcon.colcon_core.verb:set package 'bxi_example_py_trunk' build argument 'catkin_cmake_args' from command line to 'None'
[0.288s] Level 5:colcon.colcon_core.verb:set package 'bxi_example_py_trunk' build argument 'catkin_skip_building_tests' from command line to 'False'
[0.288s] DEBUG:colcon.colcon_core.verb:Building package 'bxi_example_py_trunk' with the following arguments: {'ament_cmake_args': None, 'build_base': '/home/tang/code/control/build/bxi_example_py_trunk', 'catkin_cmake_args': None, 'catkin_skip_building_tests': False, 'cmake_args': None, 'cmake_clean_cache': False, 'cmake_clean_first': False, 'cmake_force_configure': False, 'cmake_target': None, 'cmake_target_skip_unavailable': False, 'install_base': '/home/tang/code/control/install/bxi_example_py_trunk', 'merge_install': False, 'path': '/home/tang/code/control/bxi_rl_controller_ros2_example/src/bxi_example_py_trunk', 'symlink_install': False, 'test_result_base': None}
[0.288s] Level 5:colcon.colcon_core.verb:set package 'bxi_example_py_trunk_neck' build argument 'cmake_args' from command line to 'None'
[0.288s] Level 5:colcon.colcon_core.verb:set package 'bxi_example_py_trunk_neck' build argument 'cmake_target' from command line to 'None'
[0.289s] Level 5:colcon.colcon_core.verb:set package 'bxi_example_py_trunk_neck' build argument 'cmake_target_skip_unavailable' from command line to 'False'
[0.289s] Level 5:colcon.colcon_core.verb:set package 'bxi_example_py_trunk_neck' build argument 'cmake_clean_cache' from command line to 'False'
[0.289s] Level 5:colcon.colcon_core.verb:set package 'bxi_example_py_trunk_neck' build argument 'cmake_clean_first' from command line to 'False'
[0.289s] Level 5:colcon.colcon_core.verb:set package 'bxi_example_py_trunk_neck' build argument 'cmake_force_configure' from command line to 'False'
[0.289s] Level 5:colcon.colcon_core.verb:set package 'bxi_example_py_trunk_neck' build argument 'ament_cmake_args' from command line to 'None'
[0.289s] Level 5:colcon.colcon_core.verb:set package 'bxi_example_py_trunk_neck' build argument 'catkin_cmake_args' from command line to 'None'
[0.289s] Level 5:colcon.colcon_core.verb:set package 'bxi_example_py_trunk_neck' build argument 'catkin_skip_building_tests' from command line to 'False'
[0.289s] DEBUG:colcon.colcon_core.verb:Building package 'bxi_example_py_trunk_neck' with the following arguments: {'ament_cmake_args': None, 'build_base': '/home/tang/code/control/build/bxi_example_py_trunk_neck', 'catkin_cmake_args': None, 'catkin_skip_building_tests': False, 'cmake_args': None, 'cmake_clean_cache': False, 'cmake_clean_first': False, 'cmake_force_configure': False, 'cmake_target': None, 'cmake_target_skip_unavailable': False, 'install_base': '/home/tang/code/control/install/bxi_example_py_trunk_neck', 'merge_install': False, 'path': '/home/tang/code/control/bxi_rl_controller_ros2_example/src/bxi_example_py_trunk_neck', 'symlink_install': False, 'test_result_base': None}
[0.289s] Level 5:colcon.colcon_core.verb:set package 'remote_controller' build argument 'cmake_args' from command line to 'None'
[0.289s] Level 5:colcon.colcon_core.verb:set package 'remote_controller' build argument 'cmake_target' from command line to 'None'
[0.289s] Level 5:colcon.colcon_core.verb:set package 'remote_controller' build argument 'cmake_target_skip_unavailable' from command line to 'False'
[0.289s] Level 5:colcon.colcon_core.verb:set package 'remote_controller' build argument 'cmake_clean_cache' from command line to 'False'
[0.289s] Level 5:colcon.colcon_core.verb:set package 'remote_controller' build argument 'cmake_clean_first' from command line to 'False'
[0.289s] Level 5:colcon.colcon_core.verb:set package 'remote_controller' build argument 'cmake_force_configure' from command line to 'False'
[0.289s] Level 5:colcon.colcon_core.verb:set package 'remote_controller' build argument 'ament_cmake_args' from command line to 'None'
[0.289s] Level 5:colcon.colcon_core.verb:set package 'remote_controller' build argument 'catkin_cmake_args' from command line to 'None'
[0.289s] Level 5:colcon.colcon_core.verb:set package 'remote_controller' build argument 'catkin_skip_building_tests' from command line to 'False'
[0.289s] DEBUG:colcon.colcon_core.verb:Building package 'remote_controller' with the following arguments: {'ament_cmake_args': None, 'build_base': '/home/tang/code/control/build/remote_controller', 'catkin_cmake_args': None, 'catkin_skip_building_tests': False, 'cmake_args': None, 'cmake_clean_cache': False, 'cmake_clean_first': False, 'cmake_force_configure': False, 'cmake_target': None, 'cmake_target_skip_unavailable': False, 'install_base': '/home/tang/code/control/install/remote_controller', 'merge_install': False, 'path': '/home/tang/code/control/bxi_rl_controller_ros2_example/src/remote_controller', 'symlink_install': False, 'test_result_base': None}
[0.289s] INFO:colcon.colcon_core.executor:Executing jobs using 'parallel' executor
[0.290s] DEBUG:colcon.colcon_parallel_executor.executor.parallel:run_until_complete
[0.291s] INFO:colcon.colcon_ros.task.ament_cmake.build:Building ROS package in '/home/tang/code/control/bxi_rl_controller_ros2_example/src/bxi_example' with build type 'ament_cmake'
[0.291s] INFO:colcon.colcon_cmake.task.cmake.build:Building CMake package in '/home/tang/code/control/bxi_rl_controller_ros2_example/src/bxi_example'
[0.292s] INFO:colcon.colcon_core.plugin_system:Skipping extension 'colcon_core.shell.bat': Not used on non-Windows systems
[0.292s] INFO:colcon.colcon_core.shell:Skip shell extension 'powershell' for command environment: Not usable outside of PowerShell
[0.293s] DEBUG:colcon.colcon_core.shell:Skip shell extension 'dsv' for command environment
[0.295s] INFO:colcon.colcon_ros.task.ament_python.build:Building ROS package in '/home/tang/code/control/bxi_rl_controller_ros2_example/src/bxi_example_py' with build type 'ament_python'
[0.295s] Level 1:colcon.colcon_core.shell:create_environment_hook('bxi_example_py', 'ament_prefix_path')
[0.295s] INFO:colcon.colcon_core.shell:Creating environment hook '/home/tang/code/control/install/bxi_example_py/share/bxi_example_py/hook/ament_prefix_path.ps1'
[0.296s] INFO:colcon.colcon_core.shell:Creating environment descriptor '/home/tang/code/control/install/bxi_example_py/share/bxi_example_py/hook/ament_prefix_path.dsv'
[0.296s] INFO:colcon.colcon_core.shell:Creating environment hook '/home/tang/code/control/install/bxi_example_py/share/bxi_example_py/hook/ament_prefix_path.sh'
[0.296s] INFO:colcon.colcon_core.shell:Skip shell extension 'powershell' for command environment: Not usable outside of PowerShell
[0.297s] DEBUG:colcon.colcon_core.shell:Skip shell extension 'dsv' for command environment
[0.299s] INFO:colcon.colcon_ros.task.ament_python.build:Building ROS package in '/home/tang/code/control/bxi_rl_controller_ros2_example/src/bxi_example_py_ankle' with build type 'ament_python'
[0.299s] Level 1:colcon.colcon_core.shell:create_environment_hook('bxi_example_py_ankle', 'ament_prefix_path')
[0.300s] INFO:colcon.colcon_core.shell:Creating environment hook '/home/tang/code/control/install/bxi_example_py_ankle/share/bxi_example_py_ankle/hook/ament_prefix_path.ps1'
[0.300s] INFO:colcon.colcon_core.shell:Creating environment descriptor '/home/tang/code/control/install/bxi_example_py_ankle/share/bxi_example_py_ankle/hook/ament_prefix_path.dsv'
[0.300s] INFO:colcon.colcon_core.shell:Creating environment hook '/home/tang/code/control/install/bxi_example_py_ankle/share/bxi_example_py_ankle/hook/ament_prefix_path.sh'
[0.301s] INFO:colcon.colcon_core.shell:Skip shell extension 'powershell' for command environment: Not usable outside of PowerShell
[0.301s] DEBUG:colcon.colcon_core.shell:Skip shell extension 'dsv' for command environment
[0.304s] INFO:colcon.colcon_ros.task.ament_python.build:Building ROS package in '/home/tang/code/control/bxi_rl_controller_ros2_example/src/bxi_example_py_trunk' with build type 'ament_python'
[0.304s] Level 1:colcon.colcon_core.shell:create_environment_hook('bxi_example_py_trunk', 'ament_prefix_path')
[0.305s] INFO:colcon.colcon_core.shell:Creating environment hook '/home/tang/code/control/install/bxi_example_py_trunk/share/bxi_example_py_trunk/hook/ament_prefix_path.ps1'
[0.305s] INFO:colcon.colcon_core.shell:Creating environment descriptor '/home/tang/code/control/install/bxi_example_py_trunk/share/bxi_example_py_trunk/hook/ament_prefix_path.dsv'
[0.306s] INFO:colcon.colcon_core.shell:Creating environment hook '/home/tang/code/control/install/bxi_example_py_trunk/share/bxi_example_py_trunk/hook/ament_prefix_path.sh'
[0.306s] INFO:colcon.colcon_core.shell:Skip shell extension 'powershell' for command environment: Not usable outside of PowerShell
[0.306s] DEBUG:colcon.colcon_core.shell:Skip shell extension 'dsv' for command environment
[0.309s] INFO:colcon.colcon_ros.task.ament_python.build:Building ROS package in '/home/tang/code/control/bxi_rl_controller_ros2_example/src/bxi_example_py_trunk_neck' with build type 'ament_python'
[0.309s] Level 1:colcon.colcon_core.shell:create_environment_hook('bxi_example_py_trunk_neck', 'ament_prefix_path')
[0.309s] INFO:colcon.colcon_core.shell:Creating environment hook '/home/tang/code/control/install/bxi_example_py_trunk_neck/share/bxi_example_py_trunk_neck/hook/ament_prefix_path.ps1'
[0.310s] INFO:colcon.colcon_core.shell:Creating environment descriptor '/home/tang/code/control/install/bxi_example_py_trunk_neck/share/bxi_example_py_trunk_neck/hook/ament_prefix_path.dsv'
[0.310s] INFO:colcon.colcon_core.shell:Creating environment hook '/home/tang/code/control/install/bxi_example_py_trunk_neck/share/bxi_example_py_trunk_neck/hook/ament_prefix_path.sh'
[0.311s] INFO:colcon.colcon_core.shell:Skip shell extension 'powershell' for command environment: Not usable outside of PowerShell
[0.311s] DEBUG:colcon.colcon_core.shell:Skip shell extension 'dsv' for command environment
[0.314s] INFO:colcon.colcon_ros.task.ament_cmake.build:Building ROS package in '/home/tang/code/control/bxi_rl_controller_ros2_example/src/remote_controller' with build type 'ament_cmake'
[0.314s] INFO:colcon.colcon_cmake.task.cmake.build:Building CMake package in '/home/tang/code/control/bxi_rl_controller_ros2_example/src/remote_controller'
[0.314s] INFO:colcon.colcon_core.shell:Skip shell extension 'powershell' for command environment: Not usable outside of PowerShell
[0.314s] DEBUG:colcon.colcon_core.shell:Skip shell extension 'dsv' for command environment
[0.321s] DEBUG:colcon.colcon_core.event_handler.log_command:Invoking command in '/home/tang/code/control/build/bxi_example': CMAKE_PREFIX_PATH=/opt/ros/humble /usr/bin/cmake /home/tang/code/control/bxi_rl_controller_ros2_example/src/bxi_example -DCMAKE_INSTALL_PREFIX=/home/tang/code/control/install/bxi_example
[0.519s] INFO:colcon.colcon_core.task.python.build:Building Python package in '/home/tang/code/control/bxi_rl_controller_ros2_example/src/bxi_example_py'
[0.519s] INFO:colcon.colcon_core.shell:Skip shell extension 'powershell' for command environment: Not usable outside of PowerShell
[0.519s] DEBUG:colcon.colcon_core.shell:Skip shell extension 'dsv' for command environment
[0.720s] INFO:colcon.colcon_core.task.python.build:Building Python package in '/home/tang/code/control/bxi_rl_controller_ros2_example/src/bxi_example_py_ankle'
[0.720s] INFO:colcon.colcon_core.shell:Skip shell extension 'powershell' for command environment: Not usable outside of PowerShell
[0.720s] DEBUG:colcon.colcon_core.shell:Skip shell extension 'dsv' for command environment
[0.927s] INFO:colcon.colcon_core.task.python.build:Building Python package in '/home/tang/code/control/bxi_rl_controller_ros2_example/src/bxi_example_py_trunk'
[0.927s] INFO:colcon.colcon_core.shell:Skip shell extension 'powershell' for command environment: Not usable outside of PowerShell
[0.927s] DEBUG:colcon.colcon_core.shell:Skip shell extension 'dsv' for command environment
[1.132s] INFO:colcon.colcon_core.task.python.build:Building Python package in '/home/tang/code/control/bxi_rl_controller_ros2_example/src/bxi_example_py_trunk_neck'
[1.132s] INFO:colcon.colcon_core.shell:Skip shell extension 'powershell' for command environment: Not usable outside of PowerShell
[1.132s] DEBUG:colcon.colcon_core.shell:Skip shell extension 'dsv' for command environment
[1.141s] DEBUG:colcon.colcon_core.event_handler.log_command:Invoking command in '/home/tang/code/control/build/remote_controller': CMAKE_PREFIX_PATH=/opt/ros/humble /usr/bin/cmake /home/tang/code/control/bxi_rl_controller_ros2_example/src/remote_controller -DCMAKE_INSTALL_PREFIX=/home/tang/code/control/install/remote_controller
[1.282s] DEBUG:colcon.colcon_core.event_handler.log_command:Invoked command in '/home/tang/code/control/build/bxi_example' returned '1': CMAKE_PREFIX_PATH=/opt/ros/humble /usr/bin/cmake /home/tang/code/control/bxi_rl_controller_ros2_example/src/bxi_example -DCMAKE_INSTALL_PREFIX=/home/tang/code/control/install/bxi_example
[1.296s] Level 1:colcon.colcon_core.environment:create_environment_scripts_only(bxi_example)
[1.298s] Level 1:colcon.colcon_core.environment:checking '/home/tang/code/control/install/bxi_example' for CMake module files
[1.298s] Level 1:colcon.colcon_core.environment:checking '/home/tang/code/control/install/bxi_example' for CMake config files
[1.299s] Level 1:colcon.colcon_core.environment:checking '/home/tang/code/control/install/bxi_example/bin'
[1.299s] Level 1:colcon.colcon_core.environment:checking '/home/tang/code/control/install/bxi_example/lib/pkgconfig/bxi_example.pc'
[1.299s] Level 1:colcon.colcon_core.environment:checking '/home/tang/code/control/install/bxi_example/lib/python3.10/site-packages'
[1.299s] Level 1:colcon.colcon_core.environment:checking '/home/tang/code/control/install/bxi_example/bin'
[1.300s] INFO:colcon.colcon_core.shell:Creating package script '/home/tang/code/control/install/bxi_example/share/bxi_example/package.ps1'
[1.301s] INFO:colcon.colcon_core.shell:Creating package descriptor '/home/tang/code/control/install/bxi_example/share/bxi_example/package.dsv'
[1.302s] INFO:colcon.colcon_core.shell:Creating package script '/home/tang/code/control/install/bxi_example/share/bxi_example/package.sh'
[1.302s] INFO:colcon.colcon_core.shell:Creating package script '/home/tang/code/control/install/bxi_example/share/bxi_example/package.bash'
[1.303s] INFO:colcon.colcon_core.shell:Creating package script '/home/tang/code/control/install/bxi_example/share/bxi_example/package.zsh'
[1.304s] Level 1:colcon.colcon_core.environment:create_file_with_runtime_dependencies(/home/tang/code/control/install/bxi_example/share/colcon-core/packages/bxi_example)
[2.085s] DEBUG:colcon.colcon_parallel_executor.executor.parallel:closing loop
[2.085s] DEBUG:colcon.colcon_parallel_executor.executor.parallel:loop closed
[2.085s] DEBUG:colcon.colcon_parallel_executor.executor.parallel:run_until_complete finished with '1'
[2.085s] DEBUG:colcon.colcon_core.event_reactor:joining thread
[2.090s] INFO:colcon.colcon_core.plugin_system:Skipping extension 'colcon_notification.desktop_notification.terminal_notifier': Not used on non-Darwin systems
[2.090s] INFO:colcon.colcon_core.plugin_system:Skipping extension 'colcon_notification.desktop_notification.win32': Not used on non-Windows systems
[2.090s] INFO:colcon.colcon_notification.desktop_notification:Sending desktop notification using 'notify2'
[2.100s] DEBUG:colcon.colcon_core.event_reactor:joined thread
[2.100s] INFO:colcon.colcon_core.shell:Creating prefix script '/home/tang/code/control/install/local_setup.ps1'
[2.102s] INFO:colcon.colcon_core.shell:Creating prefix util module '/home/tang/code/control/install/_local_setup_util_ps1.py'
[2.103s] INFO:colcon.colcon_core.shell:Creating prefix chain script '/home/tang/code/control/install/setup.ps1'
[2.104s] INFO:colcon.colcon_core.shell:Creating prefix script '/home/tang/code/control/install/local_setup.sh'
[2.105s] INFO:colcon.colcon_core.shell:Creating prefix util module '/home/tang/code/control/install/_local_setup_util_sh.py'
[2.105s] INFO:colcon.colcon_core.shell:Creating prefix chain script '/home/tang/code/control/install/setup.sh'
[2.106s] INFO:colcon.colcon_core.shell:Creating prefix script '/home/tang/code/control/install/local_setup.bash'
[2.107s] INFO:colcon.colcon_core.shell:Creating prefix chain script '/home/tang/code/control/install/setup.bash'
[2.109s] INFO:colcon.colcon_core.shell:Creating prefix script '/home/tang/code/control/install/local_setup.zsh'
[2.109s] INFO:colcon.colcon_core.shell:Creating prefix chain script '/home/tang/code/control/install/setup.zsh'
