[1.242s] Invoking command in '/home/tang/code/control/bxi_rl_controller_ros2_example/src/bxi_example_py_trunk': PYTHONPATH=/home/tang/code/control/build/bxi_example_py_trunk/prefix_override:/usr/lib/python3/dist-packages/colcon_core/task/python/colcon_distutils_commands:/home/tang/code/control/install/bxi_example_py_trunk/lib/python3.10/site-packages:${PYTHONPATH} /usr/bin/python3 -W ignore:setup.py install is deprecated -W ignore:easy_install command is deprecated setup.py egg_info --egg-base ../../../build/bxi_example_py_trunk build --build-base /home/tang/code/control/build/bxi_example_py_trunk/build install --record /home/tang/code/control/build/bxi_example_py_trunk/install.log --single-version-externally-managed install_data
[1.465s] running egg_info
[1.465s] creating ../../../build/bxi_example_py_trunk/bxi_example_py_trunk.egg-info
[1.465s] writing ../../../build/bxi_example_py_trunk/bxi_example_py_trunk.egg-info/PKG-INFO
[1.466s] writing dependency_links to ../../../build/bxi_example_py_trunk/bxi_example_py_trunk.egg-info/dependency_links.txt
[1.466s] writing entry points to ../../../build/bxi_example_py_trunk/bxi_example_py_trunk.egg-info/entry_points.txt
[1.466s] writing requirements to ../../../build/bxi_example_py_trunk/bxi_example_py_trunk.egg-info/requires.txt
[1.466s] writing top-level names to ../../../build/bxi_example_py_trunk/bxi_example_py_trunk.egg-info/top_level.txt
[1.466s] writing manifest file '../../../build/bxi_example_py_trunk/bxi_example_py_trunk.egg-info/SOURCES.txt'
[1.468s] reading manifest file '../../../build/bxi_example_py_trunk/bxi_example_py_trunk.egg-info/SOURCES.txt'
[1.468s] writing manifest file '../../../build/bxi_example_py_trunk/bxi_example_py_trunk.egg-info/SOURCES.txt'
[1.468s] running build
[1.468s] running build_py
[1.469s] creating /home/tang/code/control/build/bxi_example_py_trunk/build
[1.469s] creating /home/tang/code/control/build/bxi_example_py_trunk/build/lib
[1.469s] creating /home/tang/code/control/build/bxi_example_py_trunk/build/lib/bxi_example_py_trunk
[1.469s] copying bxi_example_py_trunk/bxi_example.py -> /home/tang/code/control/build/bxi_example_py_trunk/build/lib/bxi_example_py_trunk
[1.469s] copying bxi_example_py_trunk/arm_motion_controller.py -> /home/tang/code/control/build/bxi_example_py_trunk/build/lib/bxi_example_py_trunk
[1.469s] copying bxi_example_py_trunk/running_arm_controller.py -> /home/tang/code/control/build/bxi_example_py_trunk/build/lib/bxi_example_py_trunk
[1.469s] copying bxi_example_py_trunk/right_arm_handshake_controller.py -> /home/tang/code/control/build/bxi_example_py_trunk/build/lib/bxi_example_py_trunk
[1.469s] copying bxi_example_py_trunk/__init__.py -> /home/tang/code/control/build/bxi_example_py_trunk/build/lib/bxi_example_py_trunk
[1.470s] running install
[1.470s] running install_lib
[1.471s] creating /home/tang/code/control/install/bxi_example_py_trunk/lib/python3.10/site-packages/bxi_example_py_trunk
[1.471s] copying /home/tang/code/control/build/bxi_example_py_trunk/build/lib/bxi_example_py_trunk/bxi_example.py -> /home/tang/code/control/install/bxi_example_py_trunk/lib/python3.10/site-packages/bxi_example_py_trunk
[1.471s] copying /home/tang/code/control/build/bxi_example_py_trunk/build/lib/bxi_example_py_trunk/arm_motion_controller.py -> /home/tang/code/control/install/bxi_example_py_trunk/lib/python3.10/site-packages/bxi_example_py_trunk
[1.472s] copying /home/tang/code/control/build/bxi_example_py_trunk/build/lib/bxi_example_py_trunk/running_arm_controller.py -> /home/tang/code/control/install/bxi_example_py_trunk/lib/python3.10/site-packages/bxi_example_py_trunk
[1.472s] copying /home/tang/code/control/build/bxi_example_py_trunk/build/lib/bxi_example_py_trunk/right_arm_handshake_controller.py -> /home/tang/code/control/install/bxi_example_py_trunk/lib/python3.10/site-packages/bxi_example_py_trunk
[1.472s] copying /home/tang/code/control/build/bxi_example_py_trunk/build/lib/bxi_example_py_trunk/__init__.py -> /home/tang/code/control/install/bxi_example_py_trunk/lib/python3.10/site-packages/bxi_example_py_trunk
[1.472s] byte-compiling /home/tang/code/control/install/bxi_example_py_trunk/lib/python3.10/site-packages/bxi_example_py_trunk/bxi_example.py to bxi_example.cpython-310.pyc
[1.475s] byte-compiling /home/tang/code/control/install/bxi_example_py_trunk/lib/python3.10/site-packages/bxi_example_py_trunk/arm_motion_controller.py to arm_motion_controller.cpython-310.pyc
[1.476s] byte-compiling /home/tang/code/control/install/bxi_example_py_trunk/lib/python3.10/site-packages/bxi_example_py_trunk/running_arm_controller.py to running_arm_controller.cpython-310.pyc
[1.477s] byte-compiling /home/tang/code/control/install/bxi_example_py_trunk/lib/python3.10/site-packages/bxi_example_py_trunk/right_arm_handshake_controller.py to right_arm_handshake_controller.cpython-310.pyc
[1.478s] byte-compiling /home/tang/code/control/install/bxi_example_py_trunk/lib/python3.10/site-packages/bxi_example_py_trunk/__init__.py to __init__.cpython-310.pyc
[1.478s] running install_data
[1.478s] creating /home/tang/code/control/install/bxi_example_py_trunk/share/ament_index
[1.478s] creating /home/tang/code/control/install/bxi_example_py_trunk/share/ament_index/resource_index
[1.479s] creating /home/tang/code/control/install/bxi_example_py_trunk/share/ament_index/resource_index/packages
[1.479s] copying resource/bxi_example_py_trunk -> /home/tang/code/control/install/bxi_example_py_trunk/share/ament_index/resource_index/packages
[1.479s] copying package.xml -> /home/tang/code/control/install/bxi_example_py_trunk/share/bxi_example_py_trunk
[1.479s] creating /home/tang/code/control/install/bxi_example_py_trunk/share/bxi_example_py_trunk/launch
[1.479s] copying launch/example_launch.py -> /home/tang/code/control/install/bxi_example_py_trunk/share/bxi_example_py_trunk/launch
[1.479s] copying launch/example_launch_hw.py -> /home/tang/code/control/install/bxi_example_py_trunk/share/bxi_example_py_trunk/launch
[1.479s] creating /home/tang/code/control/install/bxi_example_py_trunk/share/bxi_example_py_trunk/policy
[1.479s] copying policy/model.onnx -> /home/tang/code/control/install/bxi_example_py_trunk/share/bxi_example_py_trunk/policy/.
[1.483s] running install_egg_info
[1.486s] Copying ../../../build/bxi_example_py_trunk/bxi_example_py_trunk.egg-info to /home/tang/code/control/install/bxi_example_py_trunk/lib/python3.10/site-packages/bxi_example_py_trunk-0.0.0-py3.10.egg-info
[1.487s] running install_scripts
[1.509s] Installing bxi_example_py_trunk script to /home/tang/code/control/install/bxi_example_py_trunk/lib/bxi_example_py_trunk
[1.510s] writing list of installed files to '/home/tang/code/control/build/bxi_example_py_trunk/install.log'
[1.562s] Invoked command in '/home/tang/code/control/bxi_rl_controller_ros2_example/src/bxi_example_py_trunk' returned '0': PYTHONPATH=/home/tang/code/control/build/bxi_example_py_trunk/prefix_override:/usr/lib/python3/dist-packages/colcon_core/task/python/colcon_distutils_commands:/home/tang/code/control/install/bxi_example_py_trunk/lib/python3.10/site-packages:${PYTHONPATH} /usr/bin/python3 -W ignore:setup.py install is deprecated -W ignore:easy_install command is deprecated setup.py egg_info --egg-base ../../../build/bxi_example_py_trunk build --build-base /home/tang/code/control/build/bxi_example_py_trunk/build install --record /home/tang/code/control/build/bxi_example_py_trunk/install.log --single-version-externally-managed install_data
