[0.850s] Invoking command in '/home/tang/code/control/build/remote_controller': CMAKE_PREFIX_PATH=/opt/ros/humble /usr/bin/cmake /home/tang/code/control/bxi_rl_controller_ros2_example/src/remote_controller -DCMAKE_INSTALL_PREFIX=/home/tang/code/control/install/remote_controller
[0.903s] -- The C compiler identification is GNU 12.3.0
[0.957s] -- The CXX compiler identification is GNU 11.4.0
[0.964s] -- Detecting C compiler ABI info
[1.037s] -- Detecting C compiler ABI info - done
[1.044s] -- Check for working C compiler: /usr/bin/cc - skipped
[1.044s] -- Detecting C compile features
[1.044s] -- Detecting C compile features - done
[1.047s] -- Detecting CXX compiler ABI info
[1.125s] -- Detecting CXX compiler ABI info - done
[1.131s] -- Check for working CXX compiler: /usr/bin/c++ - skipped
[1.131s] -- Detecting CXX compile features
[1.132s] -- Detecting CXX compile features - done
[1.134s] -- Found ament_cmake: 1.3.11 (/opt/ros/humble/share/ament_cmake/cmake)
[1.277s] -- Found Python3: /usr/bin/python3 (found version "3.10.12") found components: Interpreter 
[1.361s] -- Found rclcpp: 16.0.12 (/opt/ros/humble/share/rclcpp/cmake)
[1.401s] -- Found rosidl_generator_c: 3.1.6 (/opt/ros/humble/share/rosidl_generator_c/cmake)
[1.405s] -- Found rosidl_adapter: 3.1.6 (/opt/ros/humble/share/rosidl_adapter/cmake)
[1.413s] -- Found rosidl_generator_cpp: 3.1.6 (/opt/ros/humble/share/rosidl_generator_cpp/cmake)
[1.424s] -- Using all available rosidl_typesupport_c: rosidl_typesupport_fastrtps_c;rosidl_typesupport_introspection_c
[1.439s] -- Using all available rosidl_typesupport_cpp: rosidl_typesupport_fastrtps_cpp;rosidl_typesupport_introspection_cpp
[1.480s] -- Found rmw_implementation_cmake: 6.1.2 (/opt/ros/humble/share/rmw_implementation_cmake/cmake)
[1.483s] -- Found rmw_fastrtps_cpp: 6.2.7 (/opt/ros/humble/share/rmw_fastrtps_cpp/cmake)
[1.571s] -- Found OpenSSL: /usr/lib/x86_64-linux-gnu/libcrypto.so (found version "3.0.2")  
[1.597s] -- Found FastRTPS: /opt/ros/humble/include  
[1.632s] -- Using RMW implementation 'rmw_fastrtps_cpp' as default
[1.638s] -- Looking for pthread.h
[1.708s] -- Looking for pthread.h - found
[1.708s] -- Performing Test CMAKE_HAVE_LIBC_PTHREAD
[1.795s] -- Performing Test CMAKE_HAVE_LIBC_PTHREAD - Success
[1.795s] -- Found Threads: TRUE  
[1.852s] [31mCMake Error at CMakeLists.txt:22 (find_package):
[1.852s]   By not providing "Findcommunication.cmake" in CMAKE_MODULE_PATH this
[1.852s]   project has asked CMake to find a package configuration file provided by
[1.852s]   "communication", but CMake did not find one.
[1.852s] 
[1.852s]   Could not find a package configuration file provided by "communication"
[1.852s]   with any of the following names:
[1.852s] 
[1.852s]     communicationConfig.cmake
[1.852s]     communication-config.cmake
[1.852s] 
[1.852s]   Add the installation prefix of "communication" to CMAKE_PREFIX_PATH or set
[1.852s]   "communication_DIR" to a directory containing one of the above files.  If
[1.853s]   "communication" provides a separate development package or SDK, be sure it
[1.853s]   has been installed.
[1.853s] 
[1.853s] [0m
[1.853s] -- Configuring incomplete, errors occurred!
[1.853s] See also "/home/tang/code/control/build/remote_controller/CMakeFiles/CMakeOutput.log".
