[0.030s] Invoking command in '/home/tang/code/control/build/bxi_example': CMAKE_PREFIX_PATH=/opt/ros/humble /usr/bin/cmake /home/tang/code/control/bxi_rl_controller_ros2_example/src/bxi_example -DCMAKE_INSTALL_PREFIX=/home/tang/code/control/install/bxi_example
[0.861s] -- The C compiler identification is GNU 12.3.0
[0.861s] -- The CXX compiler identification is GNU 11.4.0
[0.861s] -- Detecting C compiler ABI info
[0.862s] -- Detecting C compiler ABI info - done
[0.862s] -- Check for working C compiler: /usr/bin/cc - skipped
[0.862s] -- Detecting C compile features
[0.862s] -- Detecting C compile features - done
[0.863s] -- Detecting CXX compiler ABI info
[0.863s] -- Detecting CXX compiler ABI info - done
[0.863s] -- Check for working CXX compiler: /usr/bin/c++ - skipped
[0.863s] -- Detecting CXX compile features
[0.863s] -- Detecting CXX compile features - done
[0.863s] -- Found ament_cmake: 1.3.11 (/opt/ros/humble/share/ament_cmake/cmake)
[0.863s] -- Found Python3: /usr/bin/python3 (found version "3.10.12") found components: Interpreter 
[0.863s] -- Found rclcpp: 16.0.12 (/opt/ros/humble/share/rclcpp/cmake)
[0.863s] -- Found rosidl_generator_c: 3.1.6 (/opt/ros/humble/share/rosidl_generator_c/cmake)
[0.863s] -- Found rosidl_adapter: 3.1.6 (/opt/ros/humble/share/rosidl_adapter/cmake)
[0.863s] -- Found rosidl_generator_cpp: 3.1.6 (/opt/ros/humble/share/rosidl_generator_cpp/cmake)
[0.864s] -- Using all available rosidl_typesupport_c: rosidl_typesupport_fastrtps_c;rosidl_typesupport_introspection_c
[0.864s] -- Using all available rosidl_typesupport_cpp: rosidl_typesupport_fastrtps_cpp;rosidl_typesupport_introspection_cpp
[0.864s] -- Found rmw_implementation_cmake: 6.1.2 (/opt/ros/humble/share/rmw_implementation_cmake/cmake)
[0.864s] -- Found rmw_fastrtps_cpp: 6.2.7 (/opt/ros/humble/share/rmw_fastrtps_cpp/cmake)
[0.865s] -- Found OpenSSL: /usr/lib/x86_64-linux-gnu/libcrypto.so (found version "3.0.2")  
[0.865s] -- Found FastRTPS: /opt/ros/humble/include  
[0.865s] -- Using RMW implementation 'rmw_fastrtps_cpp' as default
[0.865s] -- Looking for pthread.h
[0.865s] -- Looking for pthread.h - found
[0.865s] -- Performing Test CMAKE_HAVE_LIBC_PTHREAD
[0.873s] -- Performing Test CMAKE_HAVE_LIBC_PTHREAD - Success
[0.874s] -- Found Threads: TRUE  
[0.918s] -- Found nav_msgs: 4.8.0 (/opt/ros/humble/share/nav_msgs/cmake)
[0.945s] -- Found sensor_msgs: 4.8.0 (/opt/ros/humble/share/sensor_msgs/cmake)
[0.970s] [31mCMake Error at CMakeLists.txt:15 (find_package):
[0.970s]   By not providing "Findcommunication.cmake" in CMAKE_MODULE_PATH this
[0.970s]   project has asked CMake to find a package configuration file provided by
[0.970s]   "communication", but CMake did not find one.
[0.970s] 
[0.971s]   Could not find a package configuration file provided by "communication"
[0.971s]   with any of the following names:
[0.971s] 
[0.971s]     communicationConfig.cmake
[0.971s]     communication-config.cmake
[0.971s] 
[0.971s]   Add the installation prefix of "communication" to CMAKE_PREFIX_PATH or set
[0.971s]   "communication_DIR" to a directory containing one of the above files.  If
[0.971s]   "communication" provides a separate development package or SDK, be sure it
[0.971s]   has been installed.
[0.971s] 
[0.971s] [0m
[0.971s] -- Configuring incomplete, errors occurred!
[0.971s] See also "/home/tang/code/control/build/bxi_example/CMakeFiles/CMakeOutput.log".
[0.981s] Invoked command in '/home/tang/code/control/build/bxi_example' returned '1': CMAKE_PREFIX_PATH=/opt/ros/humble /usr/bin/cmake /home/tang/code/control/bxi_rl_controller_ros2_example/src/bxi_example -DCMAKE_INSTALL_PREFIX=/home/tang/code/control/install/bxi_example
