[1.158s] Invoking command in '/home/tang/code/control/bxi_rl_controller_ros2_example/src/bxi_example_py_ankle': PYTHONPATH=/home/tang/code/control/build/bxi_example_py_ankle/prefix_override:/usr/lib/python3/dist-packages/colcon_core/task/python/colcon_distutils_commands:/home/tang/code/control/install/bxi_example_py_ankle/lib/python3.10/site-packages:${PYTHONPATH} /usr/bin/python3 -W ignore:setup.py install is deprecated -W ignore:easy_install command is deprecated setup.py egg_info --egg-base ../../../build/bxi_example_py_ankle build --build-base /home/tang/code/control/build/bxi_example_py_ankle/build install --record /home/tang/code/control/build/bxi_example_py_ankle/install.log --single-version-externally-managed install_data
[1.372s] running egg_info
[1.373s] creating ../../../build/bxi_example_py_ankle/bxi_example_py_ankle.egg-info
[1.373s] writing ../../../build/bxi_example_py_ankle/bxi_example_py_ankle.egg-info/PKG-INFO
[1.373s] writing dependency_links to ../../../build/bxi_example_py_ankle/bxi_example_py_ankle.egg-info/dependency_links.txt
[1.373s] writing entry points to ../../../build/bxi_example_py_ankle/bxi_example_py_ankle.egg-info/entry_points.txt
[1.373s] writing requirements to ../../../build/bxi_example_py_ankle/bxi_example_py_ankle.egg-info/requires.txt
[1.373s] writing top-level names to ../../../build/bxi_example_py_ankle/bxi_example_py_ankle.egg-info/top_level.txt
[1.373s] writing manifest file '../../../build/bxi_example_py_ankle/bxi_example_py_ankle.egg-info/SOURCES.txt'
[1.375s] reading manifest file '../../../build/bxi_example_py_ankle/bxi_example_py_ankle.egg-info/SOURCES.txt'
[1.375s] writing manifest file '../../../build/bxi_example_py_ankle/bxi_example_py_ankle.egg-info/SOURCES.txt'
[1.376s] running build
[1.376s] running build_py
[1.376s] creating /home/tang/code/control/build/bxi_example_py_ankle/build
[1.376s] creating /home/tang/code/control/build/bxi_example_py_ankle/build/lib
[1.376s] creating /home/tang/code/control/build/bxi_example_py_ankle/build/lib/bxi_example_py_ankle
[1.376s] copying bxi_example_py_ankle/bxi_example.py -> /home/tang/code/control/build/bxi_example_py_ankle/build/lib/bxi_example_py_ankle
[1.376s] copying bxi_example_py_ankle/arm_motion_controller.py -> /home/tang/code/control/build/bxi_example_py_ankle/build/lib/bxi_example_py_ankle
[1.376s] copying bxi_example_py_ankle/running_arm_controller.py -> /home/tang/code/control/build/bxi_example_py_ankle/build/lib/bxi_example_py_ankle
[1.376s] copying bxi_example_py_ankle/right_arm_handshake_controller.py -> /home/tang/code/control/build/bxi_example_py_ankle/build/lib/bxi_example_py_ankle
[1.376s] copying bxi_example_py_ankle/__init__.py -> /home/tang/code/control/build/bxi_example_py_ankle/build/lib/bxi_example_py_ankle
[1.377s] running install
[1.377s] running install_lib
[1.378s] running install_data
[1.378s] running install_egg_info
[1.380s] removing '/home/tang/code/control/install/bxi_example_py_ankle/lib/python3.10/site-packages/bxi_example_py_ankle-0.0.0-py3.10.egg-info' (and everything under it)
[1.380s] Copying ../../../build/bxi_example_py_ankle/bxi_example_py_ankle.egg-info to /home/tang/code/control/install/bxi_example_py_ankle/lib/python3.10/site-packages/bxi_example_py_ankle-0.0.0-py3.10.egg-info
[1.381s] running install_scripts
[1.402s] Installing bxi_example_py_ankle script to /home/tang/code/control/install/bxi_example_py_ankle/lib/bxi_example_py_ankle
[1.402s] writing list of installed files to '/home/tang/code/control/build/bxi_example_py_ankle/install.log'
[1.447s] Invoked command in '/home/tang/code/control/bxi_rl_controller_ros2_example/src/bxi_example_py_ankle' returned '0': PYTHONPATH=/home/tang/code/control/build/bxi_example_py_ankle/prefix_override:/usr/lib/python3/dist-packages/colcon_core/task/python/colcon_distutils_commands:/home/tang/code/control/install/bxi_example_py_ankle/lib/python3.10/site-packages:${PYTHONPATH} /usr/bin/python3 -W ignore:setup.py install is deprecated -W ignore:easy_install command is deprecated setup.py egg_info --egg-base ../../../build/bxi_example_py_ankle build --build-base /home/tang/code/control/build/bxi_example_py_ankle/build install --record /home/tang/code/control/build/bxi_example_py_ankle/install.log --single-version-externally-managed install_data
