[0.761s] Invoking command in '/home/tang/code/control/build/remote_controller': CMAKE_PREFIX_PATH=/opt/ros/humble /usr/bin/cmake --build /home/tang/code/control/build/remote_controller -- -j16 -l16
[0.844s] [35m[1mConsolidate compiler generated dependencies of target remote_controller[0m
[0.912s] [100%] Built target remote_controller
[0.923s] Invoked command in '/home/tang/code/control/build/remote_controller' returned '0': CMAKE_PREFIX_PATH=/opt/ros/humble /usr/bin/cmake --build /home/tang/code/control/build/remote_controller -- -j16 -l16
[0.933s] Invoking command in '/home/tang/code/control/build/remote_controller': CMAKE_PREFIX_PATH=/opt/ros/humble /usr/bin/cmake --install /home/tang/code/control/build/remote_controller
[0.940s] -- Install configuration: ""
[0.941s] -- Up-to-date: /home/tang/code/control/install/remote_controller/lib/remote_controller/remote_controller
[0.941s] -- Up-to-date: /home/tang/code/control/install/remote_controller/share/remote_controller/launch
[0.941s] -- Up-to-date: /home/tang/code/control/install/remote_controller/share/remote_controller/launch/remote_conroller_launch.py
[0.941s] -- Up-to-date: /home/tang/code/control/install/remote_controller/share/ament_index/resource_index/package_run_dependencies/remote_controller
[0.941s] -- Up-to-date: /home/tang/code/control/install/remote_controller/share/ament_index/resource_index/parent_prefix_path/remote_controller
[0.941s] -- Up-to-date: /home/tang/code/control/install/remote_controller/share/remote_controller/environment/ament_prefix_path.sh
[0.941s] -- Up-to-date: /home/tang/code/control/install/remote_controller/share/remote_controller/environment/ament_prefix_path.dsv
[0.941s] -- Up-to-date: /home/tang/code/control/install/remote_controller/share/remote_controller/environment/path.sh
[0.941s] -- Up-to-date: /home/tang/code/control/install/remote_controller/share/remote_controller/environment/path.dsv
[0.941s] -- Up-to-date: /home/tang/code/control/install/remote_controller/share/remote_controller/local_setup.bash
[0.942s] -- Up-to-date: /home/tang/code/control/install/remote_controller/share/remote_controller/local_setup.sh
[0.942s] -- Up-to-date: /home/tang/code/control/install/remote_controller/share/remote_controller/local_setup.zsh
[0.942s] -- Up-to-date: /home/tang/code/control/install/remote_controller/share/remote_controller/local_setup.dsv
[0.942s] -- Installing: /home/tang/code/control/install/remote_controller/share/remote_controller/package.dsv
[0.942s] -- Up-to-date: /home/tang/code/control/install/remote_controller/share/ament_index/resource_index/packages/remote_controller
[0.942s] -- Up-to-date: /home/tang/code/control/install/remote_controller/share/remote_controller/cmake/remote_controllerConfig.cmake
[0.942s] -- Up-to-date: /home/tang/code/control/install/remote_controller/share/remote_controller/cmake/remote_controllerConfig-version.cmake
[0.942s] -- Up-to-date: /home/tang/code/control/install/remote_controller/share/remote_controller/package.xml
[0.944s] Invoked command in '/home/tang/code/control/build/remote_controller' returned '0': CMAKE_PREFIX_PATH=/opt/ros/humble /usr/bin/cmake --install /home/tang/code/control/build/remote_controller
