[1.259s] Invoking command in '/home/tang/code/control/bxi_rl_controller_ros2_example/src/bxi_example_py_ankle': PYTHONPATH=/home/tang/code/control/build/bxi_example_py_ankle/prefix_override:/usr/lib/python3/dist-packages/colcon_core/task/python/colcon_distutils_commands:/home/tang/code/control/install/bxi_example_py_ankle/lib/python3.10/site-packages:${PYTHONPATH} /usr/bin/python3 -W ignore:setup.py install is deprecated -W ignore:easy_install command is deprecated setup.py egg_info --egg-base ../../../build/bxi_example_py_ankle build --build-base /home/tang/code/control/build/bxi_example_py_ankle/build install --record /home/tang/code/control/build/bxi_example_py_ankle/install.log --single-version-externally-managed install_data
[1.471s] running egg_info
[1.471s] creating ../../../build/bxi_example_py_ankle/bxi_example_py_ankle.egg-info
[1.471s] writing ../../../build/bxi_example_py_ankle/bxi_example_py_ankle.egg-info/PKG-INFO
[1.472s] writing dependency_links to ../../../build/bxi_example_py_ankle/bxi_example_py_ankle.egg-info/dependency_links.txt
[1.472s] writing entry points to ../../../build/bxi_example_py_ankle/bxi_example_py_ankle.egg-info/entry_points.txt
[1.472s] writing requirements to ../../../build/bxi_example_py_ankle/bxi_example_py_ankle.egg-info/requires.txt
[1.472s] writing top-level names to ../../../build/bxi_example_py_ankle/bxi_example_py_ankle.egg-info/top_level.txt
[1.472s] writing manifest file '../../../build/bxi_example_py_ankle/bxi_example_py_ankle.egg-info/SOURCES.txt'
[1.474s] reading manifest file '../../../build/bxi_example_py_ankle/bxi_example_py_ankle.egg-info/SOURCES.txt'
[1.474s] writing manifest file '../../../build/bxi_example_py_ankle/bxi_example_py_ankle.egg-info/SOURCES.txt'
[1.474s] running build
[1.475s] running build_py
[1.475s] creating /home/tang/code/control/build/bxi_example_py_ankle/build
[1.475s] creating /home/tang/code/control/build/bxi_example_py_ankle/build/lib
[1.475s] creating /home/tang/code/control/build/bxi_example_py_ankle/build/lib/bxi_example_py_ankle
[1.476s] copying bxi_example_py_ankle/bxi_example.py -> /home/tang/code/control/build/bxi_example_py_ankle/build/lib/bxi_example_py_ankle
[1.476s] copying bxi_example_py_ankle/arm_motion_controller.py -> /home/tang/code/control/build/bxi_example_py_ankle/build/lib/bxi_example_py_ankle
[1.476s] copying bxi_example_py_ankle/running_arm_controller.py -> /home/tang/code/control/build/bxi_example_py_ankle/build/lib/bxi_example_py_ankle
[1.476s] copying bxi_example_py_ankle/right_arm_handshake_controller.py -> /home/tang/code/control/build/bxi_example_py_ankle/build/lib/bxi_example_py_ankle
[1.476s] copying bxi_example_py_ankle/__init__.py -> /home/tang/code/control/build/bxi_example_py_ankle/build/lib/bxi_example_py_ankle
[1.476s] running install
[1.476s] running install_lib
[1.477s] creating /home/tang/code/control/install/bxi_example_py_ankle/lib/python3.10/site-packages/bxi_example_py_ankle
[1.477s] copying /home/tang/code/control/build/bxi_example_py_ankle/build/lib/bxi_example_py_ankle/bxi_example.py -> /home/tang/code/control/install/bxi_example_py_ankle/lib/python3.10/site-packages/bxi_example_py_ankle
[1.477s] copying /home/tang/code/control/build/bxi_example_py_ankle/build/lib/bxi_example_py_ankle/arm_motion_controller.py -> /home/tang/code/control/install/bxi_example_py_ankle/lib/python3.10/site-packages/bxi_example_py_ankle
[1.477s] copying /home/tang/code/control/build/bxi_example_py_ankle/build/lib/bxi_example_py_ankle/running_arm_controller.py -> /home/tang/code/control/install/bxi_example_py_ankle/lib/python3.10/site-packages/bxi_example_py_ankle
[1.477s] copying /home/tang/code/control/build/bxi_example_py_ankle/build/lib/bxi_example_py_ankle/right_arm_handshake_controller.py -> /home/tang/code/control/install/bxi_example_py_ankle/lib/python3.10/site-packages/bxi_example_py_ankle
[1.477s] copying /home/tang/code/control/build/bxi_example_py_ankle/build/lib/bxi_example_py_ankle/__init__.py -> /home/tang/code/control/install/bxi_example_py_ankle/lib/python3.10/site-packages/bxi_example_py_ankle
[1.478s] byte-compiling /home/tang/code/control/install/bxi_example_py_ankle/lib/python3.10/site-packages/bxi_example_py_ankle/bxi_example.py to bxi_example.cpython-310.pyc
[1.482s] byte-compiling /home/tang/code/control/install/bxi_example_py_ankle/lib/python3.10/site-packages/bxi_example_py_ankle/arm_motion_controller.py to arm_motion_controller.cpython-310.pyc
[1.483s] byte-compiling /home/tang/code/control/install/bxi_example_py_ankle/lib/python3.10/site-packages/bxi_example_py_ankle/running_arm_controller.py to running_arm_controller.cpython-310.pyc
[1.484s] byte-compiling /home/tang/code/control/install/bxi_example_py_ankle/lib/python3.10/site-packages/bxi_example_py_ankle/right_arm_handshake_controller.py to right_arm_handshake_controller.cpython-310.pyc
[1.485s] byte-compiling /home/tang/code/control/install/bxi_example_py_ankle/lib/python3.10/site-packages/bxi_example_py_ankle/__init__.py to __init__.cpython-310.pyc
[1.486s] running install_data
[1.486s] creating /home/tang/code/control/install/bxi_example_py_ankle/share/ament_index
[1.486s] creating /home/tang/code/control/install/bxi_example_py_ankle/share/ament_index/resource_index
[1.486s] creating /home/tang/code/control/install/bxi_example_py_ankle/share/ament_index/resource_index/packages
[1.486s] copying resource/bxi_example_py_ankle -> /home/tang/code/control/install/bxi_example_py_ankle/share/ament_index/resource_index/packages
[1.486s] copying package.xml -> /home/tang/code/control/install/bxi_example_py_ankle/share/bxi_example_py_ankle
[1.487s] creating /home/tang/code/control/install/bxi_example_py_ankle/share/bxi_example_py_ankle/launch
[1.487s] copying launch/example_launch.py -> /home/tang/code/control/install/bxi_example_py_ankle/share/bxi_example_py_ankle/launch
[1.487s] copying launch/example_launch_hw.py -> /home/tang/code/control/install/bxi_example_py_ankle/share/bxi_example_py_ankle/launch
[1.487s] creating /home/tang/code/control/install/bxi_example_py_ankle/share/bxi_example_py_ankle/policy
[1.487s] copying policy/model.onnx -> /home/tang/code/control/install/bxi_example_py_ankle/share/bxi_example_py_ankle/policy/.
[1.489s] running install_egg_info
[1.491s] Copying ../../../build/bxi_example_py_ankle/bxi_example_py_ankle.egg-info to /home/tang/code/control/install/bxi_example_py_ankle/lib/python3.10/site-packages/bxi_example_py_ankle-0.0.0-py3.10.egg-info
[1.492s] running install_scripts
[1.512s] Installing bxi_example_py_ankle script to /home/tang/code/control/install/bxi_example_py_ankle/lib/bxi_example_py_ankle
[1.513s] writing list of installed files to '/home/tang/code/control/build/bxi_example_py_ankle/install.log'
[1.542s] Invoked command in '/home/tang/code/control/bxi_rl_controller_ros2_example/src/bxi_example_py_ankle' returned '0': PYTHONPATH=/home/tang/code/control/build/bxi_example_py_ankle/prefix_override:/usr/lib/python3/dist-packages/colcon_core/task/python/colcon_distutils_commands:/home/tang/code/control/install/bxi_example_py_ankle/lib/python3.10/site-packages:${PYTHONPATH} /usr/bin/python3 -W ignore:setup.py install is deprecated -W ignore:easy_install command is deprecated setup.py egg_info --egg-base ../../../build/bxi_example_py_ankle build --build-base /home/tang/code/control/build/bxi_example_py_ankle/build install --record /home/tang/code/control/build/bxi_example_py_ankle/install.log --single-version-externally-managed install_data
