running egg_info
creating ../../../build/bxi_example_py_trunk_neck/bxi_example_py_trunk_neck.egg-info
writing ../../../build/bxi_example_py_trunk_neck/bxi_example_py_trunk_neck.egg-info/PKG-INFO
writing dependency_links to ../../../build/bxi_example_py_trunk_neck/bxi_example_py_trunk_neck.egg-info/dependency_links.txt
writing entry points to ../../../build/bxi_example_py_trunk_neck/bxi_example_py_trunk_neck.egg-info/entry_points.txt
writing requirements to ../../../build/bxi_example_py_trunk_neck/bxi_example_py_trunk_neck.egg-info/requires.txt
writing top-level names to ../../../build/bxi_example_py_trunk_neck/bxi_example_py_trunk_neck.egg-info/top_level.txt
writing manifest file '../../../build/bxi_example_py_trunk_neck/bxi_example_py_trunk_neck.egg-info/SOURCES.txt'
reading manifest file '../../../build/bxi_example_py_trunk_neck/bxi_example_py_trunk_neck.egg-info/SOURCES.txt'
writing manifest file '../../../build/bxi_example_py_trunk_neck/bxi_example_py_trunk_neck.egg-info/SOURCES.txt'
running build
running build_py
creating /home/tang/code/control/build/bxi_example_py_trunk_neck/build
creating /home/tang/code/control/build/bxi_example_py_trunk_neck/build/lib
creating /home/tang/code/control/build/bxi_example_py_trunk_neck/build/lib/bxi_example_py_trunk_neck
copying bxi_example_py_trunk_neck/bxi_example.py -> /home/tang/code/control/build/bxi_example_py_trunk_neck/build/lib/bxi_example_py_trunk_neck
copying bxi_example_py_trunk_neck/arm_motion_controller.py -> /home/tang/code/control/build/bxi_example_py_trunk_neck/build/lib/bxi_example_py_trunk_neck
copying bxi_example_py_trunk_neck/running_arm_controller.py -> /home/tang/code/control/build/bxi_example_py_trunk_neck/build/lib/bxi_example_py_trunk_neck
copying bxi_example_py_trunk_neck/right_arm_handshake_controller.py -> /home/tang/code/control/build/bxi_example_py_trunk_neck/build/lib/bxi_example_py_trunk_neck
copying bxi_example_py_trunk_neck/__init__.py -> /home/tang/code/control/build/bxi_example_py_trunk_neck/build/lib/bxi_example_py_trunk_neck
running install
running install_lib
running install_data
running install_egg_info
removing '/home/tang/code/control/install/bxi_example_py_trunk_neck/lib/python3.10/site-packages/bxi_example_py_trunk_neck-0.0.0-py3.10.egg-info' (and everything under it)
Copying ../../../build/bxi_example_py_trunk_neck/bxi_example_py_trunk_neck.egg-info to /home/tang/code/control/install/bxi_example_py_trunk_neck/lib/python3.10/site-packages/bxi_example_py_trunk_neck-0.0.0-py3.10.egg-info
running install_scripts
Installing bxi_example_py_trunk_neck script to /home/tang/code/control/install/bxi_example_py_trunk_neck/lib/bxi_example_py_trunk_neck
writing list of installed files to '/home/tang/code/control/build/bxi_example_py_trunk_neck/install.log'
