[0.827s] Invoking command in '/home/tang/code/control/build/remote_controller': CMAKE_PREFIX_PATH=/opt/ros/humble /usr/bin/cmake /home/tang/code/control/bxi_rl_controller_ros2_example/src/remote_controller -DCMAKE_INSTALL_PREFIX=/home/tang/code/control/install/remote_controller
[0.876s] -- The C compiler identification is GNU 12.3.0
[0.933s] -- The CXX compiler identification is GNU 11.4.0
[0.943s] -- Detecting C compiler ABI info
[1.022s] -- Detecting C compiler ABI info - done
[1.029s] -- Check for working C compiler: /usr/bin/cc - skipped
[1.029s] -- Detecting C compile features
[1.029s] -- Detecting C compile features - done
[1.032s] -- Detecting CXX compiler ABI info
[1.118s] -- Detecting CXX compiler ABI info - done
[1.125s] -- Check for working CXX compiler: /usr/bin/c++ - skipped
[1.125s] -- Detecting CXX compile features
[1.126s] -- Detecting CXX compile features - done
[1.128s] -- Found ament_cmake: 1.3.11 (/opt/ros/humble/share/ament_cmake/cmake)
[1.263s] -- Found Python3: /usr/bin/python3 (found version "3.10.12") found components: Interpreter 
[1.333s] -- Found rclcpp: 16.0.12 (/opt/ros/humble/share/rclcpp/cmake)
[1.363s] -- Found rosidl_generator_c: 3.1.6 (/opt/ros/humble/share/rosidl_generator_c/cmake)
[1.367s] -- Found rosidl_adapter: 3.1.6 (/opt/ros/humble/share/rosidl_adapter/cmake)
[1.374s] -- Found rosidl_generator_cpp: 3.1.6 (/opt/ros/humble/share/rosidl_generator_cpp/cmake)
[1.382s] -- Using all available rosidl_typesupport_c: rosidl_typesupport_fastrtps_c;rosidl_typesupport_introspection_c
[1.395s] -- Using all available rosidl_typesupport_cpp: rosidl_typesupport_fastrtps_cpp;rosidl_typesupport_introspection_cpp
[1.427s] -- Found rmw_implementation_cmake: 6.1.2 (/opt/ros/humble/share/rmw_implementation_cmake/cmake)
[1.428s] -- Found rmw_fastrtps_cpp: 6.2.7 (/opt/ros/humble/share/rmw_fastrtps_cpp/cmake)
[1.505s] -- Found OpenSSL: /usr/lib/x86_64-linux-gnu/libcrypto.so (found version "3.0.2")  
[1.528s] -- Found FastRTPS: /opt/ros/humble/include  
[1.563s] -- Using RMW implementation 'rmw_fastrtps_cpp' as default
[1.569s] -- Looking for pthread.h
[1.639s] -- Looking for pthread.h - found
[1.640s] -- Performing Test CMAKE_HAVE_LIBC_PTHREAD
[1.707s] -- Performing Test CMAKE_HAVE_LIBC_PTHREAD - Success
[1.708s] -- Found Threads: TRUE  
[1.753s] [31mCMake Error at CMakeLists.txt:22 (find_package):
[1.753s]   By not providing "Findcommunication.cmake" in CMAKE_MODULE_PATH this
[1.753s]   project has asked CMake to find a package configuration file provided by
[1.753s]   "communication", but CMake did not find one.
[1.753s] 
[1.754s]   Could not find a package configuration file provided by "communication"
[1.754s]   with any of the following names:
[1.754s] 
[1.754s]     communicationConfig.cmake
[1.754s]     communication-config.cmake
[1.754s] 
[1.754s]   Add the installation prefix of "communication" to CMAKE_PREFIX_PATH or set
[1.754s]   "communication_DIR" to a directory containing one of the above files.  If
[1.754s]   "communication" provides a separate development package or SDK, be sure it
[1.754s]   has been installed.
[1.754s] 
[1.754s] [0m
[1.754s] -- Configuring incomplete, errors occurred!
[1.754s] See also "/home/tang/code/control/build/remote_controller/CMakeFiles/CMakeOutput.log".
