running egg_info
creating ../../../build/bxi_example_py/bxi_example_py.egg-info
writing ../../../build/bxi_example_py/bxi_example_py.egg-info/PKG-INFO
writing dependency_links to ../../../build/bxi_example_py/bxi_example_py.egg-info/dependency_links.txt
writing entry points to ../../../build/bxi_example_py/bxi_example_py.egg-info/entry_points.txt
writing requirements to ../../../build/bxi_example_py/bxi_example_py.egg-info/requires.txt
writing top-level names to ../../../build/bxi_example_py/bxi_example_py.egg-info/top_level.txt
writing manifest file '../../../build/bxi_example_py/bxi_example_py.egg-info/SOURCES.txt'
reading manifest file '../../../build/bxi_example_py/bxi_example_py.egg-info/SOURCES.txt'
writing manifest file '../../../build/bxi_example_py/bxi_example_py.egg-info/SOURCES.txt'
running build
running build_py
creating /home/tang/code/control/build/bxi_example_py/build
creating /home/tang/code/control/build/bxi_example_py/build/lib
creating /home/tang/code/control/build/bxi_example_py/build/lib/bxi_example_py
copying bxi_example_py/bxi_example.py -> /home/tang/code/control/build/bxi_example_py/build/lib/bxi_example_py
copying bxi_example_py/__init__.py -> /home/tang/code/control/build/bxi_example_py/build/lib/bxi_example_py
running install
running install_lib
creating /home/tang/code/control/install/bxi_example_py/lib/python3.10/site-packages/bxi_example_py
copying /home/tang/code/control/build/bxi_example_py/build/lib/bxi_example_py/bxi_example.py -> /home/tang/code/control/install/bxi_example_py/lib/python3.10/site-packages/bxi_example_py
copying /home/tang/code/control/build/bxi_example_py/build/lib/bxi_example_py/__init__.py -> /home/tang/code/control/install/bxi_example_py/lib/python3.10/site-packages/bxi_example_py
byte-compiling /home/tang/code/control/install/bxi_example_py/lib/python3.10/site-packages/bxi_example_py/bxi_example.py to bxi_example.cpython-310.pyc
byte-compiling /home/tang/code/control/install/bxi_example_py/lib/python3.10/site-packages/bxi_example_py/__init__.py to __init__.cpython-310.pyc
running install_data
creating /home/tang/code/control/install/bxi_example_py/share/ament_index
creating /home/tang/code/control/install/bxi_example_py/share/ament_index/resource_index
creating /home/tang/code/control/install/bxi_example_py/share/ament_index/resource_index/packages
copying resource/bxi_example_py -> /home/tang/code/control/install/bxi_example_py/share/ament_index/resource_index/packages
copying package.xml -> /home/tang/code/control/install/bxi_example_py/share/bxi_example_py
creating /home/tang/code/control/install/bxi_example_py/share/bxi_example_py/launch
copying launch/example_launch.py -> /home/tang/code/control/install/bxi_example_py/share/bxi_example_py/launch
copying launch/example_launch_hw.py -> /home/tang/code/control/install/bxi_example_py/share/bxi_example_py/launch
creating /home/tang/code/control/install/bxi_example_py/share/bxi_example_py/policy
copying policy/policy.jit -> /home/tang/code/control/install/bxi_example_py/share/bxi_example_py/policy/.
copying policy/model.onnx -> /home/tang/code/control/install/bxi_example_py/share/bxi_example_py/policy/.
running install_egg_info
Copying ../../../build/bxi_example_py/bxi_example_py.egg-info to /home/tang/code/control/install/bxi_example_py/lib/python3.10/site-packages/bxi_example_py-0.0.0-py3.10.egg-info
running install_scripts
Installing bxi_example_py script to /home/tang/code/control/install/bxi_example_py/lib/bxi_example_py
writing list of installed files to '/home/tang/code/control/build/bxi_example_py/install.log'
