[0.812s] Invoking command in '/home/tang/code/control/build/remote_controller': CMAKE_PREFIX_PATH=${CMAKE_PREFIX_PATH}:/opt/ros/humble /usr/bin/cmake /home/tang/code/control/bxi_rl_controller_ros2_example/src/remote_controller -DCMAKE_INSTALL_PREFIX=/home/tang/code/control/install/remote_controller
[0.863s] -- The C compiler identification is GNU 12.3.0
[0.919s] -- The CXX compiler identification is GNU 11.4.0
[0.927s] -- Detecting C compiler ABI info
[1.000s] -- Detecting C compiler ABI info - done
[1.006s] -- Check for working C compiler: /usr/bin/cc - skipped
[1.006s] -- Detecting C compile features
[1.006s] -- Detecting C compile features - done
[1.009s] -- Detecting CXX compiler ABI info
[1.089s] -- Detecting CXX compiler ABI info - done
[1.096s] -- Check for working CXX compiler: /usr/bin/c++ - skipped
[1.096s] -- Detecting CXX compile features
[1.096s] -- Detecting CXX compile features - done
[1.099s] -- Found ament_cmake: 1.3.11 (/opt/ros/humble/share/ament_cmake/cmake)
[1.252s] -- Found Python3: /usr/bin/python3 (found version "3.10.12") found components: Interpreter 
[1.337s] -- Found rclcpp: 16.0.12 (/opt/ros/humble/share/rclcpp/cmake)
[1.376s] -- Found rosidl_generator_c: 3.1.6 (/opt/ros/humble/share/rosidl_generator_c/cmake)
[1.380s] -- Found rosidl_adapter: 3.1.6 (/opt/ros/humble/share/rosidl_adapter/cmake)
[1.388s] -- Found rosidl_generator_cpp: 3.1.6 (/opt/ros/humble/share/rosidl_generator_cpp/cmake)
[1.400s] -- Using all available rosidl_typesupport_c: rosidl_typesupport_fastrtps_c;rosidl_typesupport_introspection_c
[1.414s] -- Using all available rosidl_typesupport_cpp: rosidl_typesupport_fastrtps_cpp;rosidl_typesupport_introspection_cpp
[1.453s] -- Found rmw_implementation_cmake: 6.1.2 (/opt/ros/humble/share/rmw_implementation_cmake/cmake)
[1.455s] -- Found rmw_fastrtps_cpp: 6.2.7 (/opt/ros/humble/share/rmw_fastrtps_cpp/cmake)
[1.535s] -- Found OpenSSL: /usr/lib/x86_64-linux-gnu/libcrypto.so (found version "3.0.2")  
[1.558s] -- Found FastRTPS: /opt/ros/humble/include  
[1.595s] -- Using RMW implementation 'rmw_fastrtps_cpp' as default
[1.601s] -- Looking for pthread.h
[1.668s] -- Looking for pthread.h - found
[1.668s] -- Performing Test CMAKE_HAVE_LIBC_PTHREAD
[1.736s] -- Performing Test CMAKE_HAVE_LIBC_PTHREAD - Success
[1.737s] -- Found Threads: TRUE  
[1.774s] -- Found communication: 0.0.0 (/home/tang/code/bxi_ros2_pkg/share/communication/cmake)
[1.818s] -- Found ament_lint_auto: 0.12.12 (/opt/ros/humble/share/ament_lint_auto/cmake)
[1.919s] -- Added test 'copyright' to check source files copyright and LICENSE
[1.920s] -- Added test 'cppcheck' to perform static code analysis on C / C++ code
[1.920s] -- Configured cppcheck include dirs: 
[1.920s] -- Configured cppcheck exclude dirs and/or files: 
[1.922s] -- Added test 'cpplint' to check C / C++ code against the Google style
[1.922s] -- Configured cpplint exclude dirs and/or files: 
[1.923s] -- Added test 'flake8' to check Python code syntax and style conventions
[1.924s] -- Added test 'lint_cmake' to check CMake code style
[1.926s] -- Added test 'pep257' to check Python code against some of the docstring style conventions in PEP 257
[1.927s] -- Added test 'uncrustify' to check C / C++ code style
[1.927s] -- Configured uncrustify additional arguments: 
[1.928s] -- Added test 'xmllint' to check XML markup files
[1.931s] -- Configuring done
[1.941s] -- Generating done
[1.944s] -- Build files have been written to: /home/tang/code/control/build/remote_controller
[1.952s] Invoked command in '/home/tang/code/control/build/remote_controller' returned '0': CMAKE_PREFIX_PATH=${CMAKE_PREFIX_PATH}:/opt/ros/humble /usr/bin/cmake /home/tang/code/control/bxi_rl_controller_ros2_example/src/remote_controller -DCMAKE_INSTALL_PREFIX=/home/tang/code/control/install/remote_controller
[1.954s] Invoking command in '/home/tang/code/control/build/remote_controller': CMAKE_PREFIX_PATH=${CMAKE_PREFIX_PATH}:/opt/ros/humble /usr/bin/cmake --build /home/tang/code/control/build/remote_controller -- -j16 -l16
[2.001s] [ 50%] [32mBuilding CXX object CMakeFiles/remote_controller.dir/src/main.cpp.o[0m
[5.701s] [100%] [32m[1mLinking CXX executable remote_controller[0m
[5.963s] [100%] Built target remote_controller
[5.973s] Invoked command in '/home/tang/code/control/build/remote_controller' returned '0': CMAKE_PREFIX_PATH=${CMAKE_PREFIX_PATH}:/opt/ros/humble /usr/bin/cmake --build /home/tang/code/control/build/remote_controller -- -j16 -l16
[5.983s] Invoking command in '/home/tang/code/control/build/remote_controller': CMAKE_PREFIX_PATH=${CMAKE_PREFIX_PATH}:/opt/ros/humble /usr/bin/cmake --install /home/tang/code/control/build/remote_controller
[5.989s] -- Install configuration: ""
[5.989s] -- Installing: /home/tang/code/control/install/remote_controller/lib/remote_controller/remote_controller
[5.990s] -- Set runtime path of "/home/tang/code/control/install/remote_controller/lib/remote_controller/remote_controller" to ""
[5.990s] -- Installing: /home/tang/code/control/install/remote_controller/share/remote_controller/launch
[5.990s] -- Installing: /home/tang/code/control/install/remote_controller/share/remote_controller/launch/remote_conroller_launch.py
[5.991s] -- Installing: /home/tang/code/control/install/remote_controller/share/ament_index/resource_index/package_run_dependencies/remote_controller
[5.991s] -- Installing: /home/tang/code/control/install/remote_controller/share/ament_index/resource_index/parent_prefix_path/remote_controller
[5.991s] -- Installing: /home/tang/code/control/install/remote_controller/share/remote_controller/environment/ament_prefix_path.sh
[5.991s] -- Installing: /home/tang/code/control/install/remote_controller/share/remote_controller/environment/ament_prefix_path.dsv
[5.991s] -- Installing: /home/tang/code/control/install/remote_controller/share/remote_controller/environment/path.sh
[5.991s] -- Installing: /home/tang/code/control/install/remote_controller/share/remote_controller/environment/path.dsv
[5.992s] -- Installing: /home/tang/code/control/install/remote_controller/share/remote_controller/local_setup.bash
[5.992s] -- Installing: /home/tang/code/control/install/remote_controller/share/remote_controller/local_setup.sh
[5.992s] -- Installing: /home/tang/code/control/install/remote_controller/share/remote_controller/local_setup.zsh
[5.992s] -- Installing: /home/tang/code/control/install/remote_controller/share/remote_controller/local_setup.dsv
[5.992s] -- Installing: /home/tang/code/control/install/remote_controller/share/remote_controller/package.dsv
[5.992s] -- Installing: /home/tang/code/control/install/remote_controller/share/ament_index/resource_index/packages/remote_controller
[5.992s] -- Installing: /home/tang/code/control/install/remote_controller/share/remote_controller/cmake/remote_controllerConfig.cmake
[5.993s] -- Installing: /home/tang/code/control/install/remote_controller/share/remote_controller/cmake/remote_controllerConfig-version.cmake
[5.993s] -- Installing: /home/tang/code/control/install/remote_controller/share/remote_controller/package.xml
[5.995s] Invoked command in '/home/tang/code/control/build/remote_controller' returned '0': CMAKE_PREFIX_PATH=${CMAKE_PREFIX_PATH}:/opt/ros/humble /usr/bin/cmake --install /home/tang/code/control/build/remote_controller
