[1.144s] Invoking command in '/home/tang/code/control/bxi_rl_controller_ros2_example/src/bxi_example_py': PYTHONPATH=/home/tang/code/control/build/bxi_example_py/prefix_override:/usr/lib/python3/dist-packages/colcon_core/task/python/colcon_distutils_commands:/home/tang/code/control/install/bxi_example_py/lib/python3.10/site-packages:${PYTHONPATH} /usr/bin/python3 -W ignore:setup.py install is deprecated -W ignore:easy_install command is deprecated setup.py egg_info --egg-base ../../../build/bxi_example_py build --build-base /home/tang/code/control/build/bxi_example_py/build install --record /home/tang/code/control/build/bxi_example_py/install.log --single-version-externally-managed install_data
[1.363s] running egg_info
[1.365s] creating ../../../build/bxi_example_py/bxi_example_py.egg-info
[1.365s] writing ../../../build/bxi_example_py/bxi_example_py.egg-info/PKG-INFO
[1.365s] writing dependency_links to ../../../build/bxi_example_py/bxi_example_py.egg-info/dependency_links.txt
[1.365s] writing entry points to ../../../build/bxi_example_py/bxi_example_py.egg-info/entry_points.txt
[1.365s] writing requirements to ../../../build/bxi_example_py/bxi_example_py.egg-info/requires.txt
[1.365s] writing top-level names to ../../../build/bxi_example_py/bxi_example_py.egg-info/top_level.txt
[1.365s] writing manifest file '../../../build/bxi_example_py/bxi_example_py.egg-info/SOURCES.txt'
[1.366s] reading manifest file '../../../build/bxi_example_py/bxi_example_py.egg-info/SOURCES.txt'
[1.366s] writing manifest file '../../../build/bxi_example_py/bxi_example_py.egg-info/SOURCES.txt'
[1.367s] running build
[1.367s] running build_py
[1.367s] creating /home/tang/code/control/build/bxi_example_py/build
[1.367s] creating /home/tang/code/control/build/bxi_example_py/build/lib
[1.367s] creating /home/tang/code/control/build/bxi_example_py/build/lib/bxi_example_py
[1.367s] copying bxi_example_py/bxi_example.py -> /home/tang/code/control/build/bxi_example_py/build/lib/bxi_example_py
[1.368s] copying bxi_example_py/__init__.py -> /home/tang/code/control/build/bxi_example_py/build/lib/bxi_example_py
[1.368s] running install
[1.368s] running install_lib
[1.368s] running install_data
[1.369s] running install_egg_info
[1.370s] removing '/home/tang/code/control/install/bxi_example_py/lib/python3.10/site-packages/bxi_example_py-0.0.0-py3.10.egg-info' (and everything under it)
[1.370s] Copying ../../../build/bxi_example_py/bxi_example_py.egg-info to /home/tang/code/control/install/bxi_example_py/lib/python3.10/site-packages/bxi_example_py-0.0.0-py3.10.egg-info
[1.371s] running install_scripts
[1.390s] Installing bxi_example_py script to /home/tang/code/control/install/bxi_example_py/lib/bxi_example_py
[1.390s] writing list of installed files to '/home/tang/code/control/build/bxi_example_py/install.log'
[1.440s] Invoked command in '/home/tang/code/control/bxi_rl_controller_ros2_example/src/bxi_example_py' returned '0': PYTHONPATH=/home/tang/code/control/build/bxi_example_py/prefix_override:/usr/lib/python3/dist-packages/colcon_core/task/python/colcon_distutils_commands:/home/tang/code/control/install/bxi_example_py/lib/python3.10/site-packages:${PYTHONPATH} /usr/bin/python3 -W ignore:setup.py install is deprecated -W ignore:easy_install command is deprecated setup.py egg_info --egg-base ../../../build/bxi_example_py build --build-base /home/tang/code/control/build/bxi_example_py/build install --record /home/tang/code/control/build/bxi_example_py/install.log --single-version-externally-managed install_data
